<?xml version="1.0" encoding="UTF-8"?>
<!-- Generated by org.testng.reporters.JUnitXMLReporter -->
<testsuite ignored="0" hostname="DESKTOP-E90QC01" failures="1" tests="1" name="Default test" time="0.679" errors="0" timestamp="2024-10-02T10:54:40 IST">
  <testcase classname="io.cucumber.testng.AbstractTestNGCucumberTests" name="runScenario" time="0.131">
    <failure type="java.lang.StackOverflowError">
      <![CDATA[java.lang.StackOverflowError
at sridharpolu.stepDefinition.StepDefinitionImpl.launchApplication(StepDefinitionImpl.java:30)
at sridharpolu.stepDefinition.StepDefinitionImpl.launchApplication(StepDefinitionImpl.java:30)
at sridharpolu.stepDefinition.StepDefinitionImpl.launchApplication(StepDefinitionImpl.java:30)
at sridharpolu.stepDefinition.StepDefinitionImpl.launchApplication(StepDefinitionImpl.java:30)
at sridharpolu.stepDefinition.StepDefinitionImpl.launchApplication(StepDefinitionImpl.java:30)
at sridharpolu.stepDefinition.StepDefinitionImpl.launchApplication(StepDefinitionImpl.java:30)
at sridharpolu.stepDefinition.StepDefinitionImpl.launchApplication(StepDefinitionImpl.java:30)
at sridharpolu.stepDefinition.StepDefinitionImpl.launchApplication(StepDefinitionImpl.java:30)
at sridharpolu.stepDefinition.StepDefinitionImpl.launchApplication(StepDefinitionImpl.java:30)
at sridharpolu.stepDefinition.StepDefinitionImpl.launchApplication(StepDefinitionImpl.java:30)
at sridharpolu.stepDefinition.StepDefinitionImpl.launchApplication(StepDefinitionImpl.java:30)
at sridharpolu.stepDefinition.StepDefinitionImpl.launchApplication(StepDefinitionImpl.java:30)
at sridharpolu.stepDefinition.StepDefinitionImpl.launchApplication(StepDefinitionImpl.java:30)
at sridharpolu.stepDefinition.StepDefinitionImpl.launchApplication(StepDefinitionImpl.java:30)
at sridharpolu.stepDefinition.StepDefinitionImpl.launchApplication(StepDefinitionImpl.java:30)
at sridharpolu.stepDefinition.StepDefinitionImpl.launchApplication(StepDefinitionImpl.java:30)
at sridharpolu.stepDefinition.StepDefinitionImpl.launchApplication(StepDefinitionImpl.java:30)
at sridharpolu.stepDefinition.StepDefinitionImpl.launchApplication(StepDefinitionImpl.java:30)
at sridharpolu.stepDefinition.StepDefinitionImpl.launchApplication(StepDefinitionImpl.java:30)
at sridharpolu.stepDefinition.StepDefinitionImpl.launchApplication(StepDefinitionImpl.java:30)
at sridharpolu.stepDefinition.StepDefinitionImpl.launchApplication(StepDefinitionImpl.java:30)
at sridharpolu.stepDefinition.StepDefinitionImpl.launchApplication(StepDefinitionImpl.java:30)
at sridharpolu.stepDefinition.StepDefinitionImpl.launchApplication(StepDefinitionImpl.java:30)
at sridharpolu.stepDefinition.StepDefinitionImpl.launchApplication(StepDefinitionImpl.java:30)
at sridharpolu.stepDefinition.StepDefinitionImpl.launchApplication(StepDefinitionImpl.java:30)
at sridharpolu.stepDefinition.StepDefinitionImpl.launchApplication(StepDefinitionImpl.java:30)
at sridharpolu.stepDefinition.StepDefinitionImpl.launchApplication(StepDefinitionImpl.java:30)
at sridharpolu.stepDefinition.StepDefinitionImpl.launchApplication(StepDefinitionImpl.java:30)
at sridharpolu.stepDefinition.StepDefinitionImpl.launchApplication(StepDefinitionImpl.java:30)
at sridharpolu.stepDefinition.StepDefinitionImpl.launchApplication(StepDefinitionImpl.java:30)
at sridharpolu.stepDefinition.StepDefinitionImpl.launchApplication(StepDefinitionImpl.java:30)
at sridharpolu.stepDefinition.StepDefinitionImpl.launchApplication(StepDefinitionImpl.java:30)
at sridharpolu.stepDefinition.StepDefinitionImpl.launchApplication(StepDefinitionImpl.java:30)
at sridharpolu.stepDefinition.StepDefinitionImpl.launchApplication(StepDefinitionImpl.java:30)
at sridharpolu.stepDefinition.StepDefinitionImpl.launchApplication(StepDefinitionImpl.java:30)
at sridharpolu.stepDefinition.StepDefinitionImpl.launchApplication(StepDefinitionImpl.java:30)
at sridharpolu.stepDefinition.StepDefinitionImpl.launchApplication(StepDefinitionImpl.java:30)
at sridharpolu.stepDefinition.StepDefinitionImpl.launchApplication(StepDefinitionImpl.java:30)
at sridharpolu.stepDefinition.StepDefinitionImpl.launchApplication(StepDefinitionImpl.java:30)
at sridharpolu.stepDefinition.StepDefinitionImpl.launchApplication(StepDefinitionImpl.java:30)
at sridharpolu.stepDefinition.StepDefinitionImpl.launchApplication(StepDefinitionImpl.java:30)
at sridharpolu.stepDefinition.StepDefinitionImpl.launchApplication(StepDefinitionImpl.java:30)
at sridharpolu.stepDefinition.StepDefinitionImpl.launchApplication(StepDefinitionImpl.java:30)
at sridharpolu.stepDefinition.StepDefinitionImpl.launchApplication(StepDefinitionImpl.java:30)
at sridharpolu.stepDefinition.StepDefinitionImpl.launchApplication(StepDefinitionImpl.java:30)
at sridharpolu.stepDefinition.StepDefinitionImpl.launchApplication(StepDefinitionImpl.java:30)
at sridharpolu.stepDefinition.StepDefinitionImpl.launchApplication(StepDefinitionImpl.java:30)
at sridharpolu.stepDefinition.StepDefinitionImpl.launchApplication(StepDefinitionImpl.java:30)
at sridharpolu.stepDefinition.StepDefinitionImpl.launchApplication(StepDefinitionImpl.java:30)
at sridharpolu.stepDefinition.StepDefinitionImpl.launchApplication(StepDefinitionImpl.java:30)
at sridharpolu.stepDefinition.StepDefinitionImpl.launchApplication(StepDefinitionImpl.java:30)
at sridharpolu.stepDefinition.StepDefinitionImpl.launchApplication(StepDefinitionImpl.java:30)
at sridharpolu.stepDefinition.StepDefinitionImpl.launchApplication(StepDefinitionImpl.java:30)
at sridharpolu.stepDefinition.StepDefinitionImpl.launchApplication(StepDefinitionImpl.java:30)
at sridharpolu.stepDefinition.StepDefinitionImpl.launchApplication(StepDefinitionImpl.java:30)
at sridharpolu.stepDefinition.StepDefinitionImpl.launchApplication(StepDefinitionImpl.java:30)
at sridharpolu.stepDefinition.StepDefinitionImpl.launchApplication(StepDefinitionImpl.java:30)
at sridharpolu.stepDefinition.StepDefinitionImpl.launchApplication(StepDefinitionImpl.java:30)
at sridharpolu.stepDefinition.StepDefinitionImpl.launchApplication(StepDefinitionImpl.java:30)
at sridharpolu.stepDefinition.StepDefinitionImpl.launchApplication(StepDefinitionImpl.java:30)
at sridharpolu.stepDefinition.StepDefinitionImpl.launchApplication(StepDefinitionImpl.java:30)
at sridharpolu.stepDefinition.StepDefinitionImpl.launchApplication(StepDefinitionImpl.java:30)
at sridharpolu.stepDefinition.StepDefinitionImpl.launchApplication(StepDefinitionImpl.java:30)
at sridharpolu.stepDefinition.StepDefinitionImpl.launchApplication(StepDefinitionImpl.java:30)
at sridharpolu.stepDefinition.StepDefinitionImpl.launchApplication(StepDefinitionImpl.java:30)
at sridharpolu.stepDefinition.StepDefinitionImpl.launchApplication(StepDefinitionImpl.java:30)
at sridharpolu.stepDefinition.StepDefinitionImpl.launchApplication(StepDefinitionImpl.java:30)
at sridharpolu.stepDefinition.StepDefinitionImpl.launchApplication(StepDefinitionImpl.java:30)
at sridharpolu.stepDefinition.StepDefinitionImpl.launchApplication(StepDefinitionImpl.java:30)
at sridharpolu.stepDefinition.StepDefinitionImpl.launchApplication(StepDefinitionImpl.java:30)
at sridharpolu.stepDefinition.StepDefinitionImpl.launchApplication(StepDefinitionImpl.java:30)
at sridharpolu.stepDefinition.StepDefinitionImpl.launchApplication(StepDefinitionImpl.java:30)
at sridharpolu.stepDefinition.StepDefinitionImpl.launchApplication(StepDefinitionImpl.java:30)
at sridharpolu.stepDefinition.StepDefinitionImpl.launchApplication(StepDefinitionImpl.java:30)
at sridharpolu.stepDefinition.StepDefinitionImpl.launchApplication(StepDefinitionImpl.java:30)
at sridharpolu.stepDefinition.StepDefinitionImpl.launchApplication(StepDefinitionImpl.java:30)
at sridharpolu.stepDefinition.StepDefinitionImpl.launchApplication(StepDefinitionImpl.java:30)
at sridharpolu.stepDefinition.StepDefinitionImpl.launchApplication(StepDefinitionImpl.java:30)
at sridharpolu.stepDefinition.StepDefinitionImpl.launchApplication(StepDefinitionImpl.java:30)
at sridharpolu.stepDefinition.StepDefinitionImpl.launchApplication(StepDefinitionImpl.java:30)
at sridharpolu.stepDefinition.StepDefinitionImpl.launchApplication(StepDefinitionImpl.java:30)
at sridharpolu.stepDefinition.StepDefinitionImpl.launchApplication(StepDefinitionImpl.java:30)
at sridharpolu.stepDefinition.StepDefinitionImpl.launchApplication(StepDefinitionImpl.java:30)
at sridharpolu.stepDefinition.StepDefinitionImpl.launchApplication(StepDefinitionImpl.java:30)
at sridharpolu.stepDefinition.StepDefinitionImpl.launchApplication(StepDefinitionImpl.java:30)
at sridharpolu.stepDefinition.StepDefinitionImpl.launchApplication(StepDefinitionImpl.java:30)
at sridharpolu.stepDefinition.StepDefinitionImpl.launchApplication(StepDefinitionImpl.java:30)
at sridharpolu.stepDefinition.StepDefinitionImpl.launchApplication(StepDefinitionImpl.java:30)
at sridharpolu.stepDefinition.StepDefinitionImpl.launchApplication(StepDefinitionImpl.java:30)
at sridharpolu.stepDefinition.StepDefinitionImpl.launchApplication(StepDefinitionImpl.java:30)
at sridharpolu.stepDefinition.StepDefinitionImpl.launchApplication(StepDefinitionImpl.java:30)
at sridharpolu.stepDefinition.StepDefinitionImpl.launchApplication(StepDefinitionImpl.java:30)
at sridharpolu.stepDefinition.StepDefinitionImpl.launchApplication(StepDefinitionImpl.java:30)
at sridharpolu.stepDefinition.StepDefinitionImpl.launchApplication(StepDefinitionImpl.java:30)
at sridharpolu.stepDefinition.StepDefinitionImpl.launchApplication(StepDefinitionImpl.java:30)
at sridharpolu.stepDefinition.StepDefinitionImpl.launchApplication(StepDefinitionImpl.java:30)
at sridharpolu.stepDefinition.StepDefinitionImpl.launchApplication(StepDefinitionImpl.java:30)
at sridharpolu.stepDefinition.StepDefinitionImpl.launchApplication(StepDefinitionImpl.java:30)
at sridharpolu.stepDefinition.StepDefinitionImpl.launchApplication(StepDefinitionImpl.java:30)
at sridharpolu.stepDefinition.StepDefinitionImpl.launchApplication(StepDefinitionImpl.java:30)
at sridharpolu.stepDefinition.StepDefinitionImpl.launchApplication(StepDefinitionImpl.java:30)
at sridharpolu.stepDefinition.StepDefinitionImpl.launchApplication(StepDefinitionImpl.java:30)
at sridharpolu.stepDefinition.StepDefinitionImpl.launchApplication(StepDefinitionImpl.java:30)
at sridharpolu.stepDefinition.StepDefinitionImpl.launchApplication(StepDefinitionImpl.java:30)
at sridharpolu.stepDefinition.StepDefinitionImpl.launchApplication(StepDefinitionImpl.java:30)
at sridharpolu.stepDefinition.StepDefinitionImpl.launchApplication(StepDefinitionImpl.java:30)
at sridharpolu.stepDefinition.StepDefinitionImpl.launchApplication(StepDefinitionImpl.java:30)
at sridharpolu.stepDefinition.StepDefinitionImpl.launchApplication(StepDefinitionImpl.java:30)
at sridharpolu.stepDefinition.StepDefinitionImpl.launchApplication(StepDefinitionImpl.java:30)
at sridharpolu.stepDefinition.StepDefinitionImpl.launchApplication(StepDefinitionImpl.java:30)
at sridharpolu.stepDefinition.StepDefinitionImpl.launchApplication(StepDefinitionImpl.java:30)
at sridharpolu.stepDefinition.StepDefinitionImpl.launchApplication(StepDefinitionImpl.java:30)
at sridharpolu.stepDefinition.StepDefinitionImpl.launchApplication(StepDefinitionImpl.java:30)
at sridharpolu.stepDefinition.StepDefinitionImpl.launchApplication(StepDefinitionImpl.java:30)
at sridharpolu.stepDefinition.StepDefinitionImpl.launchApplication(StepDefinitionImpl.java:30)
at sridharpolu.stepDefinition.StepDefinitionImpl.launchApplication(StepDefinitionImpl.java:30)
at sridharpolu.stepDefinition.StepDefinitionImpl.launchApplication(StepDefinitionImpl.java:30)
at sridharpolu.stepDefinition.StepDefinitionImpl.launchApplication(StepDefinitionImpl.java:30)
at sridharpolu.stepDefinition.StepDefinitionImpl.launchApplication(StepDefinitionImpl.java:30)
at sridharpolu.stepDefinition.StepDefinitionImpl.launchApplication(StepDefinitionImpl.java:30)
at sridharpolu.stepDefinition.StepDefinitionImpl.launchApplication(StepDefinitionImpl.java:30)
at sridharpolu.stepDefinition.StepDefinitionImpl.launchApplication(StepDefinitionImpl.java:30)
at sridharpolu.stepDefinition.StepDefinitionImpl.launchApplication(StepDefinitionImpl.java:30)
at sridharpolu.stepDefinition.StepDefinitionImpl.launchApplication(StepDefinitionImpl.java:30)
at sridharpolu.stepDefinition.StepDefinitionImpl.launchApplication(StepDefinitionImpl.java:30)
at sridharpolu.stepDefinition.StepDefinitionImpl.launchApplication(StepDefinitionImpl.java:30)
at sridharpolu.stepDefinition.StepDefinitionImpl.launchApplication(StepDefinitionImpl.java:30)
at sridharpolu.stepDefinition.StepDefinitionImpl.launchApplication(StepDefinitionImpl.java:30)
at sridharpolu.stepDefinition.StepDefinitionImpl.launchApplication(StepDefinitionImpl.java:30)
at sridharpolu.stepDefinition.StepDefinitionImpl.launchApplication(StepDefinitionImpl.java:30)
at sridharpolu.stepDefinition.StepDefinitionImpl.launchApplication(StepDefinitionImpl.java:30)
at sridharpolu.stepDefinition.StepDefinitionImpl.launchApplication(StepDefinitionImpl.java:30)
at sridharpolu.stepDefinition.StepDefinitionImpl.launchApplication(StepDefinitionImpl.java:30)
at sridharpolu.stepDefinition.StepDefinitionImpl.launchApplication(StepDefinitionImpl.java:30)
at sridharpolu.stepDefinition.StepDefinitionImpl.launchApplication(StepDefinitionImpl.java:30)
at sridharpolu.stepDefinition.StepDefinitionImpl.launchApplication(StepDefinitionImpl.java:30)
at sridharpolu.stepDefinition.StepDefinitionImpl.launchApplication(StepDefinitionImpl.java:30)
at sridharpolu.stepDefinition.StepDefinitionImpl.launchApplication(StepDefinitionImpl.java:30)
at sridharpolu.stepDefinition.StepDefinitionImpl.launchApplication(StepDefinitionImpl.java:30)
at sridharpolu.stepDefinition.StepDefinitionImpl.launchApplication(StepDefinitionImpl.java:30)
at sridharpolu.stepDefinition.StepDefinitionImpl.launchApplication(StepDefinitionImpl.java:30)
at sridharpolu.stepDefinition.StepDefinitionImpl.launchApplication(StepDefinitionImpl.java:30)
at sridharpolu.stepDefinition.StepDefinitionImpl.launchApplication(StepDefinitionImpl.java:30)
at sridharpolu.stepDefinition.StepDefinitionImpl.launchApplication(StepDefinitionImpl.java:30)
at sridharpolu.stepDefinition.StepDefinitionImpl.launchApplication(StepDefinitionImpl.java:30)
at sridharpolu.stepDefinition.StepDefinitionImpl.launchApplication(StepDefinitionImpl.java:30)
at sridharpolu.stepDefinition.StepDefinitionImpl.launchApplication(StepDefinitionImpl.java:30)
at sridharpolu.stepDefinition.StepDefinitionImpl.launchApplication(StepDefinitionImpl.java:30)
at sridharpolu.stepDefinition.StepDefinitionImpl.launchApplication(StepDefinitionImpl.java:30)
at sridharpolu.stepDefinition.StepDefinitionImpl.launchApplication(StepDefinitionImpl.java:30)
at sridharpolu.stepDefinition.StepDefinitionImpl.launchApplication(StepDefinitionImpl.java:30)
at sridharpolu.stepDefinition.StepDefinitionImpl.launchApplication(StepDefinitionImpl.java:30)
at sridharpolu.stepDefinition.StepDefinitionImpl.launchApplication(StepDefinitionImpl.java:30)
at sridharpolu.stepDefinition.StepDefinitionImpl.launchApplication(StepDefinitionImpl.java:30)
at sridharpolu.stepDefinition.StepDefinitionImpl.launchApplication(StepDefinitionImpl.java:30)
at sridharpolu.stepDefinition.StepDefinitionImpl.launchApplication(StepDefinitionImpl.java:30)
at sridharpolu.stepDefinition.StepDefinitionImpl.launchApplication(StepDefinitionImpl.java:30)
at sridharpolu.stepDefinition.StepDefinitionImpl.launchApplication(StepDefinitionImpl.java:30)
at sridharpolu.stepDefinition.StepDefinitionImpl.launchApplication(StepDefinitionImpl.java:30)
at sridharpolu.stepDefinition.StepDefinitionImpl.launchApplication(StepDefinitionImpl.java:30)
at sridharpolu.stepDefinition.StepDefinitionImpl.launchApplication(StepDefinitionImpl.java:30)
at sridharpolu.stepDefinition.StepDefinitionImpl.launchApplication(StepDefinitionImpl.java:30)
at sridharpolu.stepDefinition.StepDefinitionImpl.launchApplication(StepDefinitionImpl.java:30)
at sridharpolu.stepDefinition.StepDefinitionImpl.launchApplication(StepDefinitionImpl.java:30)
at sridharpolu.stepDefinition.StepDefinitionImpl.launchApplication(StepDefinitionImpl.java:30)
at sridharpolu.stepDefinition.StepDefinitionImpl.launchApplication(StepDefinitionImpl.java:30)
at sridharpolu.stepDefinition.StepDefinitionImpl.launchApplication(StepDefinitionImpl.java:30)
at sridharpolu.stepDefinition.StepDefinitionImpl.launchApplication(StepDefinitionImpl.java:30)
at sridharpolu.stepDefinition.StepDefinitionImpl.launchApplication(StepDefinitionImpl.java:30)
at sridharpolu.stepDefinition.StepDefinitionImpl.launchApplication(StepDefinitionImpl.java:30)
at sridharpolu.stepDefinition.StepDefinitionImpl.launchApplication(StepDefinitionImpl.java:30)
at sridharpolu.stepDefinition.StepDefinitionImpl.launchApplication(StepDefinitionImpl.java:30)
at sridharpolu.stepDefinition.StepDefinitionImpl.launchApplication(StepDefinitionImpl.java:30)
at sridharpolu.stepDefinition.StepDefinitionImpl.launchApplication(StepDefinitionImpl.java:30)
at sridharpolu.stepDefinition.StepDefinitionImpl.launchApplication(StepDefinitionImpl.java:30)
at sridharpolu.stepDefinition.StepDefinitionImpl.launchApplication(StepDefinitionImpl.java:30)
at sridharpolu.stepDefinition.StepDefinitionImpl.launchApplication(StepDefinitionImpl.java:30)
at sridharpolu.stepDefinition.StepDefinitionImpl.launchApplication(StepDefinitionImpl.java:30)
at sridharpolu.stepDefinition.StepDefinitionImpl.launchApplication(StepDefinitionImpl.java:30)
at sridharpolu.stepDefinition.StepDefinitionImpl.launchApplication(StepDefinitionImpl.java:30)
at sridharpolu.stepDefinition.StepDefinitionImpl.launchApplication(StepDefinitionImpl.java:30)
at sridharpolu.stepDefinition.StepDefinitionImpl.launchApplication(StepDefinitionImpl.java:30)
at sridharpolu.stepDefinition.StepDefinitionImpl.launchApplication(StepDefinitionImpl.java:30)
at sridharpolu.stepDefinition.StepDefinitionImpl.launchApplication(StepDefinitionImpl.java:30)
at sridharpolu.stepDefinition.StepDefinitionImpl.launchApplication(StepDefinitionImpl.java:30)
at sridharpolu.stepDefinition.StepDefinitionImpl.launchApplication(StepDefinitionImpl.java:30)
at sridharpolu.stepDefinition.StepDefinitionImpl.launchApplication(StepDefinitionImpl.java:30)
at sridharpolu.stepDefinition.StepDefinitionImpl.launchApplication(StepDefinitionImpl.java:30)
at sridharpolu.stepDefinition.StepDefinitionImpl.launchApplication(StepDefinitionImpl.java:30)
at sridharpolu.stepDefinition.StepDefinitionImpl.launchApplication(StepDefinitionImpl.java:30)
at sridharpolu.stepDefinition.StepDefinitionImpl.launchApplication(StepDefinitionImpl.java:30)
at sridharpolu.stepDefinition.StepDefinitionImpl.launchApplication(StepDefinitionImpl.java:30)
at sridharpolu.stepDefinition.StepDefinitionImpl.launchApplication(StepDefinitionImpl.java:30)
at sridharpolu.stepDefinition.StepDefinitionImpl.launchApplication(StepDefinitionImpl.java:30)
at sridharpolu.stepDefinition.StepDefinitionImpl.launchApplication(StepDefinitionImpl.java:30)
at sridharpolu.stepDefinition.StepDefinitionImpl.launchApplication(StepDefinitionImpl.java:30)
at sridharpolu.stepDefinition.StepDefinitionImpl.launchApplication(StepDefinitionImpl.java:30)
at sridharpolu.stepDefinition.StepDefinitionImpl.launchApplication(StepDefinitionImpl.java:30)
at sridharpolu.stepDefinition.StepDefinitionImpl.launchApplication(StepDefinitionImpl.java:30)
at sridharpolu.stepDefinition.StepDefinitionImpl.launchApplication(StepDefinitionImpl.java:30)
at sridharpolu.stepDefinition.StepDefinitionImpl.launchApplication(StepDefinitionImpl.java:30)
at sridharpolu.stepDefinition.StepDefinitionImpl.launchApplication(StepDefinitionImpl.java:30)
at sridharpolu.stepDefinition.StepDefinitionImpl.launchApplication(StepDefinitionImpl.java:30)
at sridharpolu.stepDefinition.StepDefinitionImpl.launchApplication(StepDefinitionImpl.java:30)
at sridharpolu.stepDefinition.StepDefinitionImpl.launchApplication(StepDefinitionImpl.java:30)
at sridharpolu.stepDefinition.StepDefinitionImpl.launchApplication(StepDefinitionImpl.java:30)
at sridharpolu.stepDefinition.StepDefinitionImpl.launchApplication(StepDefinitionImpl.java:30)
at sridharpolu.stepDefinition.StepDefinitionImpl.launchApplication(StepDefinitionImpl.java:30)
at sridharpolu.stepDefinition.StepDefinitionImpl.launchApplication(StepDefinitionImpl.java:30)
at sridharpolu.stepDefinition.StepDefinitionImpl.launchApplication(StepDefinitionImpl.java:30)
at sridharpolu.stepDefinition.StepDefinitionImpl.launchApplication(StepDefinitionImpl.java:30)
at sridharpolu.stepDefinition.StepDefinitionImpl.launchApplication(StepDefinitionImpl.java:30)
at sridharpolu.stepDefinition.StepDefinitionImpl.launchApplication(StepDefinitionImpl.java:30)
at sridharpolu.stepDefinition.StepDefinitionImpl.launchApplication(StepDefinitionImpl.java:30)
at sridharpolu.stepDefinition.StepDefinitionImpl.launchApplication(StepDefinitionImpl.java:30)
at sridharpolu.stepDefinition.StepDefinitionImpl.launchApplication(StepDefinitionImpl.java:30)
at sridharpolu.stepDefinition.StepDefinitionImpl.launchApplication(StepDefinitionImpl.java:30)
at sridharpolu.stepDefinition.StepDefinitionImpl.launchApplication(StepDefinitionImpl.java:30)
at sridharpolu.stepDefinition.StepDefinitionImpl.launchApplication(StepDefinitionImpl.java:30)
at sridharpolu.stepDefinition.StepDefinitionImpl.launchApplication(StepDefinitionImpl.java:30)
at sridharpolu.stepDefinition.StepDefinitionImpl.launchApplication(StepDefinitionImpl.java:30)
at sridharpolu.stepDefinition.StepDefinitionImpl.launchApplication(StepDefinitionImpl.java:30)
at sridharpolu.stepDefinition.StepDefinitionImpl.launchApplication(StepDefinitionImpl.java:30)
at sridharpolu.stepDefinition.StepDefinitionImpl.launchApplication(StepDefinitionImpl.java:30)
at sridharpolu.stepDefinition.StepDefinitionImpl.launchApplication(StepDefinitionImpl.java:30)
at sridharpolu.stepDefinition.StepDefinitionImpl.launchApplication(StepDefinitionImpl.java:30)
at sridharpolu.stepDefinition.StepDefinitionImpl.launchApplication(StepDefinitionImpl.java:30)
at sridharpolu.stepDefinition.StepDefinitionImpl.launchApplication(StepDefinitionImpl.java:30)
at sridharpolu.stepDefinition.StepDefinitionImpl.launchApplication(StepDefinitionImpl.java:30)
at sridharpolu.stepDefinition.StepDefinitionImpl.launchApplication(StepDefinitionImpl.java:30)
at sridharpolu.stepDefinition.StepDefinitionImpl.launchApplication(StepDefinitionImpl.java:30)
at sridharpolu.stepDefinition.StepDefinitionImpl.launchApplication(StepDefinitionImpl.java:30)
at sridharpolu.stepDefinition.StepDefinitionImpl.launchApplication(StepDefinitionImpl.java:30)
at sridharpolu.stepDefinition.StepDefinitionImpl.launchApplication(StepDefinitionImpl.java:30)
at sridharpolu.stepDefinition.StepDefinitionImpl.launchApplication(StepDefinitionImpl.java:30)
at sridharpolu.stepDefinition.StepDefinitionImpl.launchApplication(StepDefinitionImpl.java:30)
at sridharpolu.stepDefinition.StepDefinitionImpl.launchApplication(StepDefinitionImpl.java:30)
at sridharpolu.stepDefinition.StepDefinitionImpl.launchApplication(StepDefinitionImpl.java:30)
at sridharpolu.stepDefinition.StepDefinitionImpl.launchApplication(StepDefinitionImpl.java:30)
at sridharpolu.stepDefinition.StepDefinitionImpl.launchApplication(StepDefinitionImpl.java:30)
at sridharpolu.stepDefinition.StepDefinitionImpl.launchApplication(StepDefinitionImpl.java:30)
at sridharpolu.stepDefinition.StepDefinitionImpl.launchApplication(StepDefinitionImpl.java:30)
at sridharpolu.stepDefinition.StepDefinitionImpl.launchApplication(StepDefinitionImpl.java:30)
at sridharpolu.stepDefinition.StepDefinitionImpl.launchApplication(StepDefinitionImpl.java:30)
at sridharpolu.stepDefinition.StepDefinitionImpl.launchApplication(StepDefinitionImpl.java:30)
at sridharpolu.stepDefinition.StepDefinitionImpl.launchApplication(StepDefinitionImpl.java:30)
at sridharpolu.stepDefinition.StepDefinitionImpl.launchApplication(StepDefinitionImpl.java:30)
at sridharpolu.stepDefinition.StepDefinitionImpl.launchApplication(StepDefinitionImpl.java:30)
at sridharpolu.stepDefinition.StepDefinitionImpl.launchApplication(StepDefinitionImpl.java:30)
at sridharpolu.stepDefinition.StepDefinitionImpl.launchApplication(StepDefinitionImpl.java:30)
at sridharpolu.stepDefinition.StepDefinitionImpl.launchApplication(StepDefinitionImpl.java:30)
at sridharpolu.stepDefinition.StepDefinitionImpl.launchApplication(StepDefinitionImpl.java:30)
at sridharpolu.stepDefinition.StepDefinitionImpl.launchApplication(StepDefinitionImpl.java:30)
at sridharpolu.stepDefinition.StepDefinitionImpl.launchApplication(StepDefinitionImpl.java:30)
at sridharpolu.stepDefinition.StepDefinitionImpl.launchApplication(StepDefinitionImpl.java:30)
at sridharpolu.stepDefinition.StepDefinitionImpl.launchApplication(StepDefinitionImpl.java:30)
at sridharpolu.stepDefinition.StepDefinitionImpl.launchApplication(StepDefinitionImpl.java:30)
at sridharpolu.stepDefinition.StepDefinitionImpl.launchApplication(StepDefinitionImpl.java:30)
at sridharpolu.stepDefinition.StepDefinitionImpl.launchApplication(StepDefinitionImpl.java:30)
at sridharpolu.stepDefinition.StepDefinitionImpl.launchApplication(StepDefinitionImpl.java:30)
at sridharpolu.stepDefinition.StepDefinitionImpl.launchApplication(StepDefinitionImpl.java:30)
at sridharpolu.stepDefinition.StepDefinitionImpl.launchApplication(StepDefinitionImpl.java:30)
at sridharpolu.stepDefinition.StepDefinitionImpl.launchApplication(StepDefinitionImpl.java:30)
at sridharpolu.stepDefinition.StepDefinitionImpl.launchApplication(StepDefinitionImpl.java:30)
at sridharpolu.stepDefinition.StepDefinitionImpl.launchApplication(StepDefinitionImpl.java:30)
at sridharpolu.stepDefinition.StepDefinitionImpl.launchApplication(StepDefinitionImpl.java:30)
at sridharpolu.stepDefinition.StepDefinitionImpl.launchApplication(StepDefinitionImpl.java:30)
at sridharpolu.stepDefinition.StepDefinitionImpl.launchApplication(StepDefinitionImpl.java:30)
at sridharpolu.stepDefinition.StepDefinitionImpl.launchApplication(StepDefinitionImpl.java:30)
at sridharpolu.stepDefinition.StepDefinitionImpl.launchApplication(StepDefinitionImpl.java:30)
at sridharpolu.stepDefinition.StepDefinitionImpl.launchApplication(StepDefinitionImpl.java:30)
at sridharpolu.stepDefinition.StepDefinitionImpl.launchApplication(StepDefinitionImpl.java:30)
at sridharpolu.stepDefinition.StepDefinitionImpl.launchApplication(StepDefinitionImpl.java:30)
at sridharpolu.stepDefinition.StepDefinitionImpl.launchApplication(StepDefinitionImpl.java:30)
at sridharpolu.stepDefinition.StepDefinitionImpl.launchApplication(StepDefinitionImpl.java:30)
at sridharpolu.stepDefinition.StepDefinitionImpl.launchApplication(StepDefinitionImpl.java:30)
at sridharpolu.stepDefinition.StepDefinitionImpl.launchApplication(StepDefinitionImpl.java:30)
at sridharpolu.stepDefinition.StepDefinitionImpl.launchApplication(StepDefinitionImpl.java:30)
at sridharpolu.stepDefinition.StepDefinitionImpl.launchApplication(StepDefinitionImpl.java:30)
at sridharpolu.stepDefinition.StepDefinitionImpl.launchApplication(StepDefinitionImpl.java:30)
at sridharpolu.stepDefinition.StepDefinitionImpl.launchApplication(StepDefinitionImpl.java:30)
at sridharpolu.stepDefinition.StepDefinitionImpl.launchApplication(StepDefinitionImpl.java:30)
at sridharpolu.stepDefinition.StepDefinitionImpl.launchApplication(StepDefinitionImpl.java:30)
at sridharpolu.stepDefinition.StepDefinitionImpl.launchApplication(StepDefinitionImpl.java:30)
at sridharpolu.stepDefinition.StepDefinitionImpl.launchApplication(StepDefinitionImpl.java:30)
at sridharpolu.stepDefinition.StepDefinitionImpl.launchApplication(StepDefinitionImpl.java:30)
at sridharpolu.stepDefinition.StepDefinitionImpl.launchApplication(StepDefinitionImpl.java:30)
at sridharpolu.stepDefinition.StepDefinitionImpl.launchApplication(StepDefinitionImpl.java:30)
at sridharpolu.stepDefinition.StepDefinitionImpl.launchApplication(StepDefinitionImpl.java:30)
at sridharpolu.stepDefinition.StepDefinitionImpl.launchApplication(StepDefinitionImpl.java:30)
at sridharpolu.stepDefinition.StepDefinitionImpl.launchApplication(StepDefinitionImpl.java:30)
at sridharpolu.stepDefinition.StepDefinitionImpl.launchApplication(StepDefinitionImpl.java:30)
at sridharpolu.stepDefinition.StepDefinitionImpl.launchApplication(StepDefinitionImpl.java:30)
at sridharpolu.stepDefinition.StepDefinitionImpl.launchApplication(StepDefinitionImpl.java:30)
at sridharpolu.stepDefinition.StepDefinitionImpl.launchApplication(StepDefinitionImpl.java:30)
at sridharpolu.stepDefinition.StepDefinitionImpl.launchApplication(StepDefinitionImpl.java:30)
at sridharpolu.stepDefinition.StepDefinitionImpl.launchApplication(StepDefinitionImpl.java:30)
at sridharpolu.stepDefinition.StepDefinitionImpl.launchApplication(StepDefinitionImpl.java:30)
at sridharpolu.stepDefinition.StepDefinitionImpl.launchApplication(StepDefinitionImpl.java:30)
at sridharpolu.stepDefinition.StepDefinitionImpl.launchApplication(StepDefinitionImpl.java:30)
at sridharpolu.stepDefinition.StepDefinitionImpl.launchApplication(StepDefinitionImpl.java:30)
at sridharpolu.stepDefinition.StepDefinitionImpl.launchApplication(StepDefinitionImpl.java:30)
at sridharpolu.stepDefinition.StepDefinitionImpl.launchApplication(StepDefinitionImpl.java:30)
at sridharpolu.stepDefinition.StepDefinitionImpl.launchApplication(StepDefinitionImpl.java:30)
at sridharpolu.stepDefinition.StepDefinitionImpl.launchApplication(StepDefinitionImpl.java:30)
at sridharpolu.stepDefinition.StepDefinitionImpl.launchApplication(StepDefinitionImpl.java:30)
at sridharpolu.stepDefinition.StepDefinitionImpl.launchApplication(StepDefinitionImpl.java:30)
at sridharpolu.stepDefinition.StepDefinitionImpl.launchApplication(StepDefinitionImpl.java:30)
at sridharpolu.stepDefinition.StepDefinitionImpl.launchApplication(StepDefinitionImpl.java:30)
at sridharpolu.stepDefinition.StepDefinitionImpl.launchApplication(StepDefinitionImpl.java:30)
at sridharpolu.stepDefinition.StepDefinitionImpl.launchApplication(StepDefinitionImpl.java:30)
at sridharpolu.stepDefinition.StepDefinitionImpl.launchApplication(StepDefinitionImpl.java:30)
at sridharpolu.stepDefinition.StepDefinitionImpl.launchApplication(StepDefinitionImpl.java:30)
at sridharpolu.stepDefinition.StepDefinitionImpl.launchApplication(StepDefinitionImpl.java:30)
at sridharpolu.stepDefinition.StepDefinitionImpl.launchApplication(StepDefinitionImpl.java:30)
at sridharpolu.stepDefinition.StepDefinitionImpl.launchApplication(StepDefinitionImpl.java:30)
at sridharpolu.stepDefinition.StepDefinitionImpl.launchApplication(StepDefinitionImpl.java:30)
at sridharpolu.stepDefinition.StepDefinitionImpl.launchApplication(StepDefinitionImpl.java:30)
at sridharpolu.stepDefinition.StepDefinitionImpl.launchApplication(StepDefinitionImpl.java:30)
at sridharpolu.stepDefinition.StepDefinitionImpl.launchApplication(StepDefinitionImpl.java:30)
at sridharpolu.stepDefinition.StepDefinitionImpl.launchApplication(StepDefinitionImpl.java:30)
at sridharpolu.stepDefinition.StepDefinitionImpl.launchApplication(StepDefinitionImpl.java:30)
at sridharpolu.stepDefinition.StepDefinitionImpl.launchApplication(StepDefinitionImpl.java:30)
at sridharpolu.stepDefinition.StepDefinitionImpl.launchApplication(StepDefinitionImpl.java:30)
at sridharpolu.stepDefinition.StepDefinitionImpl.launchApplication(StepDefinitionImpl.java:30)
at sridharpolu.stepDefinition.StepDefinitionImpl.launchApplication(StepDefinitionImpl.java:30)
at sridharpolu.stepDefinition.StepDefinitionImpl.launchApplication(StepDefinitionImpl.java:30)
at sridharpolu.stepDefinition.StepDefinitionImpl.launchApplication(StepDefinitionImpl.java:30)
at sridharpolu.stepDefinition.StepDefinitionImpl.launchApplication(StepDefinitionImpl.java:30)
at sridharpolu.stepDefinition.StepDefinitionImpl.launchApplication(StepDefinitionImpl.java:30)
at sridharpolu.stepDefinition.StepDefinitionImpl.launchApplication(StepDefinitionImpl.java:30)
at sridharpolu.stepDefinition.StepDefinitionImpl.launchApplication(StepDefinitionImpl.java:30)
at sridharpolu.stepDefinition.StepDefinitionImpl.launchApplication(StepDefinitionImpl.java:30)
at sridharpolu.stepDefinition.StepDefinitionImpl.launchApplication(StepDefinitionImpl.java:30)
at sridharpolu.stepDefinition.StepDefinitionImpl.launchApplication(StepDefinitionImpl.java:30)
at sridharpolu.stepDefinition.StepDefinitionImpl.launchApplication(StepDefinitionImpl.java:30)
at sridharpolu.stepDefinition.StepDefinitionImpl.launchApplication(StepDefinitionImpl.java:30)
at sridharpolu.stepDefinition.StepDefinitionImpl.launchApplication(StepDefinitionImpl.java:30)
at sridharpolu.stepDefinition.StepDefinitionImpl.launchApplication(StepDefinitionImpl.java:30)
at sridharpolu.stepDefinition.StepDefinitionImpl.launchApplication(StepDefinitionImpl.java:30)
at sridharpolu.stepDefinition.StepDefinitionImpl.launchApplication(StepDefinitionImpl.java:30)
at sridharpolu.stepDefinition.StepDefinitionImpl.launchApplication(StepDefinitionImpl.java:30)
at sridharpolu.stepDefinition.StepDefinitionImpl.launchApplication(StepDefinitionImpl.java:30)
at sridharpolu.stepDefinition.StepDefinitionImpl.launchApplication(StepDefinitionImpl.java:30)
at sridharpolu.stepDefinition.StepDefinitionImpl.launchApplication(StepDefinitionImpl.java:30)
at sridharpolu.stepDefinition.StepDefinitionImpl.launchApplication(StepDefinitionImpl.java:30)
at sridharpolu.stepDefinition.StepDefinitionImpl.launchApplication(StepDefinitionImpl.java:30)
at sridharpolu.stepDefinition.StepDefinitionImpl.launchApplication(StepDefinitionImpl.java:30)
at sridharpolu.stepDefinition.StepDefinitionImpl.launchApplication(StepDefinitionImpl.java:30)
at sridharpolu.stepDefinition.StepDefinitionImpl.launchApplication(StepDefinitionImpl.java:30)
at sridharpolu.stepDefinition.StepDefinitionImpl.launchApplication(StepDefinitionImpl.java:30)
at sridharpolu.stepDefinition.StepDefinitionImpl.launchApplication(StepDefinitionImpl.java:30)
at sridharpolu.stepDefinition.StepDefinitionImpl.launchApplication(StepDefinitionImpl.java:30)
at sridharpolu.stepDefinition.StepDefinitionImpl.launchApplication(StepDefinitionImpl.java:30)
at sridharpolu.stepDefinition.StepDefinitionImpl.launchApplication(StepDefinitionImpl.java:30)
at sridharpolu.stepDefinition.StepDefinitionImpl.launchApplication(StepDefinitionImpl.java:30)
at sridharpolu.stepDefinition.StepDefinitionImpl.launchApplication(StepDefinitionImpl.java:30)
at sridharpolu.stepDefinition.StepDefinitionImpl.launchApplication(StepDefinitionImpl.java:30)
at sridharpolu.stepDefinition.StepDefinitionImpl.launchApplication(StepDefinitionImpl.java:30)
at sridharpolu.stepDefinition.StepDefinitionImpl.launchApplication(StepDefinitionImpl.java:30)
at sridharpolu.stepDefinition.StepDefinitionImpl.launchApplication(StepDefinitionImpl.java:30)
at sridharpolu.stepDefinition.StepDefinitionImpl.launchApplication(StepDefinitionImpl.java:30)
at sridharpolu.stepDefinition.StepDefinitionImpl.launchApplication(StepDefinitionImpl.java:30)
at sridharpolu.stepDefinition.StepDefinitionImpl.launchApplication(StepDefinitionImpl.java:30)
at sridharpolu.stepDefinition.StepDefinitionImpl.launchApplication(StepDefinitionImpl.java:30)
at sridharpolu.stepDefinition.StepDefinitionImpl.launchApplication(StepDefinitionImpl.java:30)
at sridharpolu.stepDefinition.StepDefinitionImpl.launchApplication(StepDefinitionImpl.java:30)
at sridharpolu.stepDefinition.StepDefinitionImpl.launchApplication(StepDefinitionImpl.java:30)
at sridharpolu.stepDefinition.StepDefinitionImpl.launchApplication(StepDefinitionImpl.java:30)
at sridharpolu.stepDefinition.StepDefinitionImpl.launchApplication(StepDefinitionImpl.java:30)
at sridharpolu.stepDefinition.StepDefinitionImpl.launchApplication(StepDefinitionImpl.java:30)
at sridharpolu.stepDefinition.StepDefinitionImpl.launchApplication(StepDefinitionImpl.java:30)
at sridharpolu.stepDefinition.StepDefinitionImpl.launchApplication(StepDefinitionImpl.java:30)
at sridharpolu.stepDefinition.StepDefinitionImpl.launchApplication(StepDefinitionImpl.java:30)
at sridharpolu.stepDefinition.StepDefinitionImpl.launchApplication(StepDefinitionImpl.java:30)
at sridharpolu.stepDefinition.StepDefinitionImpl.launchApplication(StepDefinitionImpl.java:30)
at sridharpolu.stepDefinition.StepDefinitionImpl.launchApplication(StepDefinitionImpl.java:30)
at sridharpolu.stepDefinition.StepDefinitionImpl.launchApplication(StepDefinitionImpl.java:30)
at sridharpolu.stepDefinition.StepDefinitionImpl.launchApplication(StepDefinitionImpl.java:30)
at sridharpolu.stepDefinition.StepDefinitionImpl.launchApplication(StepDefinitionImpl.java:30)
at sridharpolu.stepDefinition.StepDefinitionImpl.launchApplication(StepDefinitionImpl.java:30)
at sridharpolu.stepDefinition.StepDefinitionImpl.launchApplication(StepDefinitionImpl.java:30)
at sridharpolu.stepDefinition.StepDefinitionImpl.launchApplication(StepDefinitionImpl.java:30)
at sridharpolu.stepDefinition.StepDefinitionImpl.launchApplication(StepDefinitionImpl.java:30)
at sridharpolu.stepDefinition.StepDefinitionImpl.launchApplication(StepDefinitionImpl.java:30)
at sridharpolu.stepDefinition.StepDefinitionImpl.launchApplication(StepDefinitionImpl.java:30)
at sridharpolu.stepDefinition.StepDefinitionImpl.launchApplication(StepDefinitionImpl.java:30)
at sridharpolu.stepDefinition.StepDefinitionImpl.launchApplication(StepDefinitionImpl.java:30)
at sridharpolu.stepDefinition.StepDefinitionImpl.launchApplication(StepDefinitionImpl.java:30)
at sridharpolu.stepDefinition.StepDefinitionImpl.launchApplication(StepDefinitionImpl.java:30)
at sridharpolu.stepDefinition.StepDefinitionImpl.launchApplication(StepDefinitionImpl.java:30)
at sridharpolu.stepDefinition.StepDefinitionImpl.launchApplication(StepDefinitionImpl.java:30)
at sridharpolu.stepDefinition.StepDefinitionImpl.launchApplication(StepDefinitionImpl.java:30)
at sridharpolu.stepDefinition.StepDefinitionImpl.launchApplication(StepDefinitionImpl.java:30)
at sridharpolu.stepDefinition.StepDefinitionImpl.launchApplication(StepDefinitionImpl.java:30)
at sridharpolu.stepDefinition.StepDefinitionImpl.launchApplication(StepDefinitionImpl.java:30)
at sridharpolu.stepDefinition.StepDefinitionImpl.launchApplication(StepDefinitionImpl.java:30)
at sridharpolu.stepDefinition.StepDefinitionImpl.launchApplication(StepDefinitionImpl.java:30)
at sridharpolu.stepDefinition.StepDefinitionImpl.launchApplication(StepDefinitionImpl.java:30)
at sridharpolu.stepDefinition.StepDefinitionImpl.launchApplication(StepDefinitionImpl.java:30)
at sridharpolu.stepDefinition.StepDefinitionImpl.launchApplication(StepDefinitionImpl.java:30)
at sridharpolu.stepDefinition.StepDefinitionImpl.launchApplication(StepDefinitionImpl.java:30)
at sridharpolu.stepDefinition.StepDefinitionImpl.launchApplication(StepDefinitionImpl.java:30)
at sridharpolu.stepDefinition.StepDefinitionImpl.launchApplication(StepDefinitionImpl.java:30)
at sridharpolu.stepDefinition.StepDefinitionImpl.launchApplication(StepDefinitionImpl.java:30)
at sridharpolu.stepDefinition.StepDefinitionImpl.launchApplication(StepDefinitionImpl.java:30)
at sridharpolu.stepDefinition.StepDefinitionImpl.launchApplication(StepDefinitionImpl.java:30)
at sridharpolu.stepDefinition.StepDefinitionImpl.launchApplication(StepDefinitionImpl.java:30)
at sridharpolu.stepDefinition.StepDefinitionImpl.launchApplication(StepDefinitionImpl.java:30)
at sridharpolu.stepDefinition.StepDefinitionImpl.launchApplication(StepDefinitionImpl.java:30)
at sridharpolu.stepDefinition.StepDefinitionImpl.launchApplication(StepDefinitionImpl.java:30)
at sridharpolu.stepDefinition.StepDefinitionImpl.launchApplication(StepDefinitionImpl.java:30)
at sridharpolu.stepDefinition.StepDefinitionImpl.launchApplication(StepDefinitionImpl.java:30)
at sridharpolu.stepDefinition.StepDefinitionImpl.launchApplication(StepDefinitionImpl.java:30)
at sridharpolu.stepDefinition.StepDefinitionImpl.launchApplication(StepDefinitionImpl.java:30)
at sridharpolu.stepDefinition.StepDefinitionImpl.launchApplication(StepDefinitionImpl.java:30)
at sridharpolu.stepDefinition.StepDefinitionImpl.launchApplication(StepDefinitionImpl.java:30)
at sridharpolu.stepDefinition.StepDefinitionImpl.launchApplication(StepDefinitionImpl.java:30)
at sridharpolu.stepDefinition.StepDefinitionImpl.launchApplication(StepDefinitionImpl.java:30)
at sridharpolu.stepDefinition.StepDefinitionImpl.launchApplication(StepDefinitionImpl.java:30)
at sridharpolu.stepDefinition.StepDefinitionImpl.launchApplication(StepDefinitionImpl.java:30)
at sridharpolu.stepDefinition.StepDefinitionImpl.launchApplication(StepDefinitionImpl.java:30)
at sridharpolu.stepDefinition.StepDefinitionImpl.launchApplication(StepDefinitionImpl.java:30)
at sridharpolu.stepDefinition.StepDefinitionImpl.launchApplication(StepDefinitionImpl.java:30)
at sridharpolu.stepDefinition.StepDefinitionImpl.launchApplication(StepDefinitionImpl.java:30)
at sridharpolu.stepDefinition.StepDefinitionImpl.launchApplication(StepDefinitionImpl.java:30)
at sridharpolu.stepDefinition.StepDefinitionImpl.launchApplication(StepDefinitionImpl.java:30)
at sridharpolu.stepDefinition.StepDefinitionImpl.launchApplication(StepDefinitionImpl.java:30)
at sridharpolu.stepDefinition.StepDefinitionImpl.launchApplication(StepDefinitionImpl.java:30)
at sridharpolu.stepDefinition.StepDefinitionImpl.launchApplication(StepDefinitionImpl.java:30)
at sridharpolu.stepDefinition.StepDefinitionImpl.launchApplication(StepDefinitionImpl.java:30)
at sridharpolu.stepDefinition.StepDefinitionImpl.launchApplication(StepDefinitionImpl.java:30)
at sridharpolu.stepDefinition.StepDefinitionImpl.launchApplication(StepDefinitionImpl.java:30)
at sridharpolu.stepDefinition.StepDefinitionImpl.launchApplication(StepDefinitionImpl.java:30)
at sridharpolu.stepDefinition.StepDefinitionImpl.launchApplication(StepDefinitionImpl.java:30)
at sridharpolu.stepDefinition.StepDefinitionImpl.launchApplication(StepDefinitionImpl.java:30)
at sridharpolu.stepDefinition.StepDefinitionImpl.launchApplication(StepDefinitionImpl.java:30)
at sridharpolu.stepDefinition.StepDefinitionImpl.launchApplication(StepDefinitionImpl.java:30)
at sridharpolu.stepDefinition.StepDefinitionImpl.launchApplication(StepDefinitionImpl.java:30)
at sridharpolu.stepDefinition.StepDefinitionImpl.launchApplication(StepDefinitionImpl.java:30)
at sridharpolu.stepDefinition.StepDefinitionImpl.launchApplication(StepDefinitionImpl.java:30)
at sridharpolu.stepDefinition.StepDefinitionImpl.launchApplication(StepDefinitionImpl.java:30)
at sridharpolu.stepDefinition.StepDefinitionImpl.launchApplication(StepDefinitionImpl.java:30)
at sridharpolu.stepDefinition.StepDefinitionImpl.launchApplication(StepDefinitionImpl.java:30)
at sridharpolu.stepDefinition.StepDefinitionImpl.launchApplication(StepDefinitionImpl.java:30)
at sridharpolu.stepDefinition.StepDefinitionImpl.launchApplication(StepDefinitionImpl.java:30)
at sridharpolu.stepDefinition.StepDefinitionImpl.launchApplication(StepDefinitionImpl.java:30)
at sridharpolu.stepDefinition.StepDefinitionImpl.launchApplication(StepDefinitionImpl.java:30)
at sridharpolu.stepDefinition.StepDefinitionImpl.launchApplication(StepDefinitionImpl.java:30)
at sridharpolu.stepDefinition.StepDefinitionImpl.launchApplication(StepDefinitionImpl.java:30)
at sridharpolu.stepDefinition.StepDefinitionImpl.launchApplication(StepDefinitionImpl.java:30)
at sridharpolu.stepDefinition.StepDefinitionImpl.launchApplication(StepDefinitionImpl.java:30)
at sridharpolu.stepDefinition.StepDefinitionImpl.launchApplication(StepDefinitionImpl.java:30)
at sridharpolu.stepDefinition.StepDefinitionImpl.launchApplication(StepDefinitionImpl.java:30)
at sridharpolu.stepDefinition.StepDefinitionImpl.launchApplication(StepDefinitionImpl.java:30)
at sridharpolu.stepDefinition.StepDefinitionImpl.launchApplication(StepDefinitionImpl.java:30)
at sridharpolu.stepDefinition.StepDefinitionImpl.launchApplication(StepDefinitionImpl.java:30)
at sridharpolu.stepDefinition.StepDefinitionImpl.launchApplication(StepDefinitionImpl.java:30)
at sridharpolu.stepDefinition.StepDefinitionImpl.launchApplication(StepDefinitionImpl.java:30)
at sridharpolu.stepDefinition.StepDefinitionImpl.launchApplication(StepDefinitionImpl.java:30)
at sridharpolu.stepDefinition.StepDefinitionImpl.launchApplication(StepDefinitionImpl.java:30)
at sridharpolu.stepDefinition.StepDefinitionImpl.launchApplication(StepDefinitionImpl.java:30)
at sridharpolu.stepDefinition.StepDefinitionImpl.launchApplication(StepDefinitionImpl.java:30)
at sridharpolu.stepDefinition.StepDefinitionImpl.launchApplication(StepDefinitionImpl.java:30)
at sridharpolu.stepDefinition.StepDefinitionImpl.launchApplication(StepDefinitionImpl.java:30)
at sridharpolu.stepDefinition.StepDefinitionImpl.launchApplication(StepDefinitionImpl.java:30)
at sridharpolu.stepDefinition.StepDefinitionImpl.launchApplication(StepDefinitionImpl.java:30)
at sridharpolu.stepDefinition.StepDefinitionImpl.launchApplication(StepDefinitionImpl.java:30)
at sridharpolu.stepDefinition.StepDefinitionImpl.launchApplication(StepDefinitionImpl.java:30)
at sridharpolu.stepDefinition.StepDefinitionImpl.launchApplication(StepDefinitionImpl.java:30)
at sridharpolu.stepDefinition.StepDefinitionImpl.launchApplication(StepDefinitionImpl.java:30)
at sridharpolu.stepDefinition.StepDefinitionImpl.launchApplication(StepDefinitionImpl.java:30)
at sridharpolu.stepDefinition.StepDefinitionImpl.launchApplication(StepDefinitionImpl.java:30)
at sridharpolu.stepDefinition.StepDefinitionImpl.launchApplication(StepDefinitionImpl.java:30)
at sridharpolu.stepDefinition.StepDefinitionImpl.launchApplication(StepDefinitionImpl.java:30)
at sridharpolu.stepDefinition.StepDefinitionImpl.launchApplication(StepDefinitionImpl.java:30)
at sridharpolu.stepDefinition.StepDefinitionImpl.launchApplication(StepDefinitionImpl.java:30)
at sridharpolu.stepDefinition.StepDefinitionImpl.launchApplication(StepDefinitionImpl.java:30)
at sridharpolu.stepDefinition.StepDefinitionImpl.launchApplication(StepDefinitionImpl.java:30)
at sridharpolu.stepDefinition.StepDefinitionImpl.launchApplication(StepDefinitionImpl.java:30)
at sridharpolu.stepDefinition.StepDefinitionImpl.launchApplication(StepDefinitionImpl.java:30)
at sridharpolu.stepDefinition.StepDefinitionImpl.launchApplication(StepDefinitionImpl.java:30)
at sridharpolu.stepDefinition.StepDefinitionImpl.launchApplication(StepDefinitionImpl.java:30)
at sridharpolu.stepDefinition.StepDefinitionImpl.launchApplication(StepDefinitionImpl.java:30)
at sridharpolu.stepDefinition.StepDefinitionImpl.launchApplication(StepDefinitionImpl.java:30)
at sridharpolu.stepDefinition.StepDefinitionImpl.launchApplication(StepDefinitionImpl.java:30)
at sridharpolu.stepDefinition.StepDefinitionImpl.launchApplication(StepDefinitionImpl.java:30)
at sridharpolu.stepDefinition.StepDefinitionImpl.launchApplication(StepDefinitionImpl.java:30)
at sridharpolu.stepDefinition.StepDefinitionImpl.launchApplication(StepDefinitionImpl.java:30)
at sridharpolu.stepDefinition.StepDefinitionImpl.launchApplication(StepDefinitionImpl.java:30)
at sridharpolu.stepDefinition.StepDefinitionImpl.launchApplication(StepDefinitionImpl.java:30)
at sridharpolu.stepDefinition.StepDefinitionImpl.launchApplication(StepDefinitionImpl.java:30)
at sridharpolu.stepDefinition.StepDefinitionImpl.launchApplication(StepDefinitionImpl.java:30)
at sridharpolu.stepDefinition.StepDefinitionImpl.launchApplication(StepDefinitionImpl.java:30)
at sridharpolu.stepDefinition.StepDefinitionImpl.launchApplication(StepDefinitionImpl.java:30)
at sridharpolu.stepDefinition.StepDefinitionImpl.launchApplication(StepDefinitionImpl.java:30)
at sridharpolu.stepDefinition.StepDefinitionImpl.launchApplication(StepDefinitionImpl.java:30)
at sridharpolu.stepDefinition.StepDefinitionImpl.launchApplication(StepDefinitionImpl.java:30)
at sridharpolu.stepDefinition.StepDefinitionImpl.launchApplication(StepDefinitionImpl.java:30)
at sridharpolu.stepDefinition.StepDefinitionImpl.launchApplication(StepDefinitionImpl.java:30)
at sridharpolu.stepDefinition.StepDefinitionImpl.launchApplication(StepDefinitionImpl.java:30)
at sridharpolu.stepDefinition.StepDefinitionImpl.launchApplication(StepDefinitionImpl.java:30)
at sridharpolu.stepDefinition.StepDefinitionImpl.launchApplication(StepDefinitionImpl.java:30)
at sridharpolu.stepDefinition.StepDefinitionImpl.launchApplication(StepDefinitionImpl.java:30)
at sridharpolu.stepDefinition.StepDefinitionImpl.launchApplication(StepDefinitionImpl.java:30)
at sridharpolu.stepDefinition.StepDefinitionImpl.launchApplication(StepDefinitionImpl.java:30)
at sridharpolu.stepDefinition.StepDefinitionImpl.launchApplication(StepDefinitionImpl.java:30)
at sridharpolu.stepDefinition.StepDefinitionImpl.launchApplication(StepDefinitionImpl.java:30)
at sridharpolu.stepDefinition.StepDefinitionImpl.launchApplication(StepDefinitionImpl.java:30)
at sridharpolu.stepDefinition.StepDefinitionImpl.launchApplication(StepDefinitionImpl.java:30)
at sridharpolu.stepDefinition.StepDefinitionImpl.launchApplication(StepDefinitionImpl.java:30)
at sridharpolu.stepDefinition.StepDefinitionImpl.launchApplication(StepDefinitionImpl.java:30)
at sridharpolu.stepDefinition.StepDefinitionImpl.launchApplication(StepDefinitionImpl.java:30)
at sridharpolu.stepDefinition.StepDefinitionImpl.launchApplication(StepDefinitionImpl.java:30)
at sridharpolu.stepDefinition.StepDefinitionImpl.launchApplication(StepDefinitionImpl.java:30)
at sridharpolu.stepDefinition.StepDefinitionImpl.launchApplication(StepDefinitionImpl.java:30)
at sridharpolu.stepDefinition.StepDefinitionImpl.launchApplication(StepDefinitionImpl.java:30)
at sridharpolu.stepDefinition.StepDefinitionImpl.launchApplication(StepDefinitionImpl.java:30)
at sridharpolu.stepDefinition.StepDefinitionImpl.launchApplication(StepDefinitionImpl.java:30)
at sridharpolu.stepDefinition.StepDefinitionImpl.launchApplication(StepDefinitionImpl.java:30)
at sridharpolu.stepDefinition.StepDefinitionImpl.launchApplication(StepDefinitionImpl.java:30)
at sridharpolu.stepDefinition.StepDefinitionImpl.launchApplication(StepDefinitionImpl.java:30)
at sridharpolu.stepDefinition.StepDefinitionImpl.launchApplication(StepDefinitionImpl.java:30)
at sridharpolu.stepDefinition.StepDefinitionImpl.launchApplication(StepDefinitionImpl.java:30)
at sridharpolu.stepDefinition.StepDefinitionImpl.launchApplication(StepDefinitionImpl.java:30)
at sridharpolu.stepDefinition.StepDefinitionImpl.launchApplication(StepDefinitionImpl.java:30)
at sridharpolu.stepDefinition.StepDefinitionImpl.launchApplication(StepDefinitionImpl.java:30)
at sridharpolu.stepDefinition.StepDefinitionImpl.launchApplication(StepDefinitionImpl.java:30)
at sridharpolu.stepDefinition.StepDefinitionImpl.launchApplication(StepDefinitionImpl.java:30)
at sridharpolu.stepDefinition.StepDefinitionImpl.launchApplication(StepDefinitionImpl.java:30)
at sridharpolu.stepDefinition.StepDefinitionImpl.launchApplication(StepDefinitionImpl.java:30)
at sridharpolu.stepDefinition.StepDefinitionImpl.launchApplication(StepDefinitionImpl.java:30)
at sridharpolu.stepDefinition.StepDefinitionImpl.launchApplication(StepDefinitionImpl.java:30)
at sridharpolu.stepDefinition.StepDefinitionImpl.launchApplication(StepDefinitionImpl.java:30)
at sridharpolu.stepDefinition.StepDefinitionImpl.launchApplication(StepDefinitionImpl.java:30)
at sridharpolu.stepDefinition.StepDefinitionImpl.launchApplication(StepDefinitionImpl.java:30)
at sridharpolu.stepDefinition.StepDefinitionImpl.launchApplication(StepDefinitionImpl.java:30)
at sridharpolu.stepDefinition.StepDefinitionImpl.launchApplication(StepDefinitionImpl.java:30)
at sridharpolu.stepDefinition.StepDefinitionImpl.launchApplication(StepDefinitionImpl.java:30)
at sridharpolu.stepDefinition.StepDefinitionImpl.launchApplication(StepDefinitionImpl.java:30)
at sridharpolu.stepDefinition.StepDefinitionImpl.launchApplication(StepDefinitionImpl.java:30)
at sridharpolu.stepDefinition.StepDefinitionImpl.launchApplication(StepDefinitionImpl.java:30)
at sridharpolu.stepDefinition.StepDefinitionImpl.launchApplication(StepDefinitionImpl.java:30)
at sridharpolu.stepDefinition.StepDefinitionImpl.launchApplication(StepDefinitionImpl.java:30)
at sridharpolu.stepDefinition.StepDefinitionImpl.launchApplication(StepDefinitionImpl.java:30)
at sridharpolu.stepDefinition.StepDefinitionImpl.launchApplication(StepDefinitionImpl.java:30)
at sridharpolu.stepDefinition.StepDefinitionImpl.launchApplication(StepDefinitionImpl.java:30)
at sridharpolu.stepDefinition.StepDefinitionImpl.launchApplication(StepDefinitionImpl.java:30)
at sridharpolu.stepDefinition.StepDefinitionImpl.launchApplication(StepDefinitionImpl.java:30)
at sridharpolu.stepDefinition.StepDefinitionImpl.launchApplication(StepDefinitionImpl.java:30)
at sridharpolu.stepDefinition.StepDefinitionImpl.launchApplication(StepDefinitionImpl.java:30)
at sridharpolu.stepDefinition.StepDefinitionImpl.launchApplication(StepDefinitionImpl.java:30)
at sridharpolu.stepDefinition.StepDefinitionImpl.launchApplication(StepDefinitionImpl.java:30)
at sridharpolu.stepDefinition.StepDefinitionImpl.launchApplication(StepDefinitionImpl.java:30)
at sridharpolu.stepDefinition.StepDefinitionImpl.launchApplication(StepDefinitionImpl.java:30)
at sridharpolu.stepDefinition.StepDefinitionImpl.launchApplication(StepDefinitionImpl.java:30)
at sridharpolu.stepDefinition.StepDefinitionImpl.launchApplication(StepDefinitionImpl.java:30)
at sridharpolu.stepDefinition.StepDefinitionImpl.launchApplication(StepDefinitionImpl.java:30)
at sridharpolu.stepDefinition.StepDefinitionImpl.launchApplication(StepDefinitionImpl.java:30)
at sridharpolu.stepDefinition.StepDefinitionImpl.launchApplication(StepDefinitionImpl.java:30)
at sridharpolu.stepDefinition.StepDefinitionImpl.launchApplication(StepDefinitionImpl.java:30)
at sridharpolu.stepDefinition.StepDefinitionImpl.launchApplication(StepDefinitionImpl.java:30)
at sridharpolu.stepDefinition.StepDefinitionImpl.launchApplication(StepDefinitionImpl.java:30)
at sridharpolu.stepDefinition.StepDefinitionImpl.launchApplication(StepDefinitionImpl.java:30)
at sridharpolu.stepDefinition.StepDefinitionImpl.launchApplication(StepDefinitionImpl.java:30)
at sridharpolu.stepDefinition.StepDefinitionImpl.launchApplication(StepDefinitionImpl.java:30)
at sridharpolu.stepDefinition.StepDefinitionImpl.launchApplication(StepDefinitionImpl.java:30)
at sridharpolu.stepDefinition.StepDefinitionImpl.launchApplication(StepDefinitionImpl.java:30)
at sridharpolu.stepDefinition.StepDefinitionImpl.launchApplication(StepDefinitionImpl.java:30)
at sridharpolu.stepDefinition.StepDefinitionImpl.launchApplication(StepDefinitionImpl.java:30)
at sridharpolu.stepDefinition.StepDefinitionImpl.launchApplication(StepDefinitionImpl.java:30)
at sridharpolu.stepDefinition.StepDefinitionImpl.launchApplication(StepDefinitionImpl.java:30)
at sridharpolu.stepDefinition.StepDefinitionImpl.launchApplication(StepDefinitionImpl.java:30)
at sridharpolu.stepDefinition.StepDefinitionImpl.launchApplication(StepDefinitionImpl.java:30)
at sridharpolu.stepDefinition.StepDefinitionImpl.launchApplication(StepDefinitionImpl.java:30)
at sridharpolu.stepDefinition.StepDefinitionImpl.launchApplication(StepDefinitionImpl.java:30)
at sridharpolu.stepDefinition.StepDefinitionImpl.launchApplication(StepDefinitionImpl.java:30)
at sridharpolu.stepDefinition.StepDefinitionImpl.launchApplication(StepDefinitionImpl.java:30)
at sridharpolu.stepDefinition.StepDefinitionImpl.launchApplication(StepDefinitionImpl.java:30)
at sridharpolu.stepDefinition.StepDefinitionImpl.launchApplication(StepDefinitionImpl.java:30)
at sridharpolu.stepDefinition.StepDefinitionImpl.launchApplication(StepDefinitionImpl.java:30)
at sridharpolu.stepDefinition.StepDefinitionImpl.launchApplication(StepDefinitionImpl.java:30)
at sridharpolu.stepDefinition.StepDefinitionImpl.launchApplication(StepDefinitionImpl.java:30)
at sridharpolu.stepDefinition.StepDefinitionImpl.launchApplication(StepDefinitionImpl.java:30)
at sridharpolu.stepDefinition.StepDefinitionImpl.launchApplication(StepDefinitionImpl.java:30)
at sridharpolu.stepDefinition.StepDefinitionImpl.launchApplication(StepDefinitionImpl.java:30)
at sridharpolu.stepDefinition.StepDefinitionImpl.launchApplication(StepDefinitionImpl.java:30)
at sridharpolu.stepDefinition.StepDefinitionImpl.launchApplication(StepDefinitionImpl.java:30)
at sridharpolu.stepDefinition.StepDefinitionImpl.launchApplication(StepDefinitionImpl.java:30)
at sridharpolu.stepDefinition.StepDefinitionImpl.launchApplication(StepDefinitionImpl.java:30)
at sridharpolu.stepDefinition.StepDefinitionImpl.launchApplication(StepDefinitionImpl.java:30)
at sridharpolu.stepDefinition.StepDefinitionImpl.launchApplication(StepDefinitionImpl.java:30)
at sridharpolu.stepDefinition.StepDefinitionImpl.launchApplication(StepDefinitionImpl.java:30)
at sridharpolu.stepDefinition.StepDefinitionImpl.launchApplication(StepDefinitionImpl.java:30)
at sridharpolu.stepDefinition.StepDefinitionImpl.launchApplication(StepDefinitionImpl.java:30)
at sridharpolu.stepDefinition.StepDefinitionImpl.launchApplication(StepDefinitionImpl.java:30)
at sridharpolu.stepDefinition.StepDefinitionImpl.launchApplication(StepDefinitionImpl.java:30)
at sridharpolu.stepDefinition.StepDefinitionImpl.launchApplication(StepDefinitionImpl.java:30)
at sridharpolu.stepDefinition.StepDefinitionImpl.launchApplication(StepDefinitionImpl.java:30)
at sridharpolu.stepDefinition.StepDefinitionImpl.launchApplication(StepDefinitionImpl.java:30)
at sridharpolu.stepDefinition.StepDefinitionImpl.launchApplication(StepDefinitionImpl.java:30)
at sridharpolu.stepDefinition.StepDefinitionImpl.launchApplication(StepDefinitionImpl.java:30)
at sridharpolu.stepDefinition.StepDefinitionImpl.launchApplication(StepDefinitionImpl.java:30)
at sridharpolu.stepDefinition.StepDefinitionImpl.launchApplication(StepDefinitionImpl.java:30)
at sridharpolu.stepDefinition.StepDefinitionImpl.launchApplication(StepDefinitionImpl.java:30)
at sridharpolu.stepDefinition.StepDefinitionImpl.launchApplication(StepDefinitionImpl.java:30)
at sridharpolu.stepDefinition.StepDefinitionImpl.launchApplication(StepDefinitionImpl.java:30)
at sridharpolu.stepDefinition.StepDefinitionImpl.launchApplication(StepDefinitionImpl.java:30)
at sridharpolu.stepDefinition.StepDefinitionImpl.launchApplication(StepDefinitionImpl.java:30)
at sridharpolu.stepDefinition.StepDefinitionImpl.launchApplication(StepDefinitionImpl.java:30)
at sridharpolu.stepDefinition.StepDefinitionImpl.launchApplication(StepDefinitionImpl.java:30)
at sridharpolu.stepDefinition.StepDefinitionImpl.launchApplication(StepDefinitionImpl.java:30)
at sridharpolu.stepDefinition.StepDefinitionImpl.launchApplication(StepDefinitionImpl.java:30)
at sridharpolu.stepDefinition.StepDefinitionImpl.launchApplication(StepDefinitionImpl.java:30)
at sridharpolu.stepDefinition.StepDefinitionImpl.launchApplication(StepDefinitionImpl.java:30)
at sridharpolu.stepDefinition.StepDefinitionImpl.launchApplication(StepDefinitionImpl.java:30)
at sridharpolu.stepDefinition.StepDefinitionImpl.launchApplication(StepDefinitionImpl.java:30)
at sridharpolu.stepDefinition.StepDefinitionImpl.launchApplication(StepDefinitionImpl.java:30)
at sridharpolu.stepDefinition.StepDefinitionImpl.launchApplication(StepDefinitionImpl.java:30)
at sridharpolu.stepDefinition.StepDefinitionImpl.launchApplication(StepDefinitionImpl.java:30)
at sridharpolu.stepDefinition.StepDefinitionImpl.launchApplication(StepDefinitionImpl.java:30)
at sridharpolu.stepDefinition.StepDefinitionImpl.launchApplication(StepDefinitionImpl.java:30)
at sridharpolu.stepDefinition.StepDefinitionImpl.launchApplication(StepDefinitionImpl.java:30)
at sridharpolu.stepDefinition.StepDefinitionImpl.launchApplication(StepDefinitionImpl.java:30)
at sridharpolu.stepDefinition.StepDefinitionImpl.launchApplication(StepDefinitionImpl.java:30)
at sridharpolu.stepDefinition.StepDefinitionImpl.launchApplication(StepDefinitionImpl.java:30)
at sridharpolu.stepDefinition.StepDefinitionImpl.launchApplication(StepDefinitionImpl.java:30)
at sridharpolu.stepDefinition.StepDefinitionImpl.launchApplication(StepDefinitionImpl.java:30)
at sridharpolu.stepDefinition.StepDefinitionImpl.launchApplication(StepDefinitionImpl.java:30)
at sridharpolu.stepDefinition.StepDefinitionImpl.launchApplication(StepDefinitionImpl.java:30)
at sridharpolu.stepDefinition.StepDefinitionImpl.launchApplication(StepDefinitionImpl.java:30)
at sridharpolu.stepDefinition.StepDefinitionImpl.launchApplication(StepDefinitionImpl.java:30)
at sridharpolu.stepDefinition.StepDefinitionImpl.launchApplication(StepDefinitionImpl.java:30)
at sridharpolu.stepDefinition.StepDefinitionImpl.launchApplication(StepDefinitionImpl.java:30)
at sridharpolu.stepDefinition.StepDefinitionImpl.launchApplication(StepDefinitionImpl.java:30)
at sridharpolu.stepDefinition.StepDefinitionImpl.launchApplication(StepDefinitionImpl.java:30)
at sridharpolu.stepDefinition.StepDefinitionImpl.launchApplication(StepDefinitionImpl.java:30)
at sridharpolu.stepDefinition.StepDefinitionImpl.launchApplication(StepDefinitionImpl.java:30)
at sridharpolu.stepDefinition.StepDefinitionImpl.launchApplication(StepDefinitionImpl.java:30)
at sridharpolu.stepDefinition.StepDefinitionImpl.launchApplication(StepDefinitionImpl.java:30)
at sridharpolu.stepDefinition.StepDefinitionImpl.launchApplication(StepDefinitionImpl.java:30)
at sridharpolu.stepDefinition.StepDefinitionImpl.launchApplication(StepDefinitionImpl.java:30)
at sridharpolu.stepDefinition.StepDefinitionImpl.launchApplication(StepDefinitionImpl.java:30)
at sridharpolu.stepDefinition.StepDefinitionImpl.launchApplication(StepDefinitionImpl.java:30)
at sridharpolu.stepDefinition.StepDefinitionImpl.launchApplication(StepDefinitionImpl.java:30)
at sridharpolu.stepDefinition.StepDefinitionImpl.launchApplication(StepDefinitionImpl.java:30)
at sridharpolu.stepDefinition.StepDefinitionImpl.launchApplication(StepDefinitionImpl.java:30)
at sridharpolu.stepDefinition.StepDefinitionImpl.launchApplication(StepDefinitionImpl.java:30)
at sridharpolu.stepDefinition.StepDefinitionImpl.launchApplication(StepDefinitionImpl.java:30)
at sridharpolu.stepDefinition.StepDefinitionImpl.launchApplication(StepDefinitionImpl.java:30)
at sridharpolu.stepDefinition.StepDefinitionImpl.launchApplication(StepDefinitionImpl.java:30)
at sridharpolu.stepDefinition.StepDefinitionImpl.launchApplication(StepDefinitionImpl.java:30)
at sridharpolu.stepDefinition.StepDefinitionImpl.launchApplication(StepDefinitionImpl.java:30)
at sridharpolu.stepDefinition.StepDefinitionImpl.launchApplication(StepDefinitionImpl.java:30)
at sridharpolu.stepDefinition.StepDefinitionImpl.launchApplication(StepDefinitionImpl.java:30)
at sridharpolu.stepDefinition.StepDefinitionImpl.launchApplication(StepDefinitionImpl.java:30)
at sridharpolu.stepDefinition.StepDefinitionImpl.launchApplication(StepDefinitionImpl.java:30)
at sridharpolu.stepDefinition.StepDefinitionImpl.launchApplication(StepDefinitionImpl.java:30)
at sridharpolu.stepDefinition.StepDefinitionImpl.launchApplication(StepDefinitionImpl.java:30)
at sridharpolu.stepDefinition.StepDefinitionImpl.launchApplication(StepDefinitionImpl.java:30)
at sridharpolu.stepDefinition.StepDefinitionImpl.launchApplication(StepDefinitionImpl.java:30)
at sridharpolu.stepDefinition.StepDefinitionImpl.launchApplication(StepDefinitionImpl.java:30)
at sridharpolu.stepDefinition.StepDefinitionImpl.launchApplication(StepDefinitionImpl.java:30)
at sridharpolu.stepDefinition.StepDefinitionImpl.launchApplication(StepDefinitionImpl.java:30)
at sridharpolu.stepDefinition.StepDefinitionImpl.launchApplication(StepDefinitionImpl.java:30)
at sridharpolu.stepDefinition.StepDefinitionImpl.launchApplication(StepDefinitionImpl.java:30)
at sridharpolu.stepDefinition.StepDefinitionImpl.launchApplication(StepDefinitionImpl.java:30)
at sridharpolu.stepDefinition.StepDefinitionImpl.launchApplication(StepDefinitionImpl.java:30)
at sridharpolu.stepDefinition.StepDefinitionImpl.launchApplication(StepDefinitionImpl.java:30)
at sridharpolu.stepDefinition.StepDefinitionImpl.launchApplication(StepDefinitionImpl.java:30)
at sridharpolu.stepDefinition.StepDefinitionImpl.launchApplication(StepDefinitionImpl.java:30)
at sridharpolu.stepDefinition.StepDefinitionImpl.launchApplication(StepDefinitionImpl.java:30)
at sridharpolu.stepDefinition.StepDefinitionImpl.launchApplication(StepDefinitionImpl.java:30)
at sridharpolu.stepDefinition.StepDefinitionImpl.launchApplication(StepDefinitionImpl.java:30)
at sridharpolu.stepDefinition.StepDefinitionImpl.launchApplication(StepDefinitionImpl.java:30)
at sridharpolu.stepDefinition.StepDefinitionImpl.launchApplication(StepDefinitionImpl.java:30)
at sridharpolu.stepDefinition.StepDefinitionImpl.launchApplication(StepDefinitionImpl.java:30)
at sridharpolu.stepDefinition.StepDefinitionImpl.launchApplication(StepDefinitionImpl.java:30)
at sridharpolu.stepDefinition.StepDefinitionImpl.launchApplication(StepDefinitionImpl.java:30)
at sridharpolu.stepDefinition.StepDefinitionImpl.launchApplication(StepDefinitionImpl.java:30)
at sridharpolu.stepDefinition.StepDefinitionImpl.launchApplication(StepDefinitionImpl.java:30)
at sridharpolu.stepDefinition.StepDefinitionImpl.launchApplication(StepDefinitionImpl.java:30)
at sridharpolu.stepDefinition.StepDefinitionImpl.launchApplication(StepDefinitionImpl.java:30)
at sridharpolu.stepDefinition.StepDefinitionImpl.launchApplication(StepDefinitionImpl.java:30)
at sridharpolu.stepDefinition.StepDefinitionImpl.launchApplication(StepDefinitionImpl.java:30)
at sridharpolu.stepDefinition.StepDefinitionImpl.launchApplication(StepDefinitionImpl.java:30)
at sridharpolu.stepDefinition.StepDefinitionImpl.launchApplication(StepDefinitionImpl.java:30)
at sridharpolu.stepDefinition.StepDefinitionImpl.launchApplication(StepDefinitionImpl.java:30)
at sridharpolu.stepDefinition.StepDefinitionImpl.launchApplication(StepDefinitionImpl.java:30)
at sridharpolu.stepDefinition.StepDefinitionImpl.launchApplication(StepDefinitionImpl.java:30)
at sridharpolu.stepDefinition.StepDefinitionImpl.launchApplication(StepDefinitionImpl.java:30)
at sridharpolu.stepDefinition.StepDefinitionImpl.launchApplication(StepDefinitionImpl.java:30)
at sridharpolu.stepDefinition.StepDefinitionImpl.launchApplication(StepDefinitionImpl.java:30)
at sridharpolu.stepDefinition.StepDefinitionImpl.launchApplication(StepDefinitionImpl.java:30)
at sridharpolu.stepDefinition.StepDefinitionImpl.launchApplication(StepDefinitionImpl.java:30)
at sridharpolu.stepDefinition.StepDefinitionImpl.launchApplication(StepDefinitionImpl.java:30)
at sridharpolu.stepDefinition.StepDefinitionImpl.launchApplication(StepDefinitionImpl.java:30)
at sridharpolu.stepDefinition.StepDefinitionImpl.launchApplication(StepDefinitionImpl.java:30)
at sridharpolu.stepDefinition.StepDefinitionImpl.launchApplication(StepDefinitionImpl.java:30)
at sridharpolu.stepDefinition.StepDefinitionImpl.launchApplication(StepDefinitionImpl.java:30)
at sridharpolu.stepDefinition.StepDefinitionImpl.launchApplication(StepDefinitionImpl.java:30)
at sridharpolu.stepDefinition.StepDefinitionImpl.launchApplication(StepDefinitionImpl.java:30)
at sridharpolu.stepDefinition.StepDefinitionImpl.launchApplication(StepDefinitionImpl.java:30)
at sridharpolu.stepDefinition.StepDefinitionImpl.launchApplication(StepDefinitionImpl.java:30)
at sridharpolu.stepDefinition.StepDefinitionImpl.launchApplication(StepDefinitionImpl.java:30)
at sridharpolu.stepDefinition.StepDefinitionImpl.launchApplication(StepDefinitionImpl.java:30)
at sridharpolu.stepDefinition.StepDefinitionImpl.launchApplication(StepDefinitionImpl.java:30)
at sridharpolu.stepDefinition.StepDefinitionImpl.launchApplication(StepDefinitionImpl.java:30)
at sridharpolu.stepDefinition.StepDefinitionImpl.launchApplication(StepDefinitionImpl.java:30)
at sridharpolu.stepDefinition.StepDefinitionImpl.launchApplication(StepDefinitionImpl.java:30)
at sridharpolu.stepDefinition.StepDefinitionImpl.launchApplication(StepDefinitionImpl.java:30)
at sridharpolu.stepDefinition.StepDefinitionImpl.launchApplication(StepDefinitionImpl.java:30)
at sridharpolu.stepDefinition.StepDefinitionImpl.launchApplication(StepDefinitionImpl.java:30)
at sridharpolu.stepDefinition.StepDefinitionImpl.launchApplication(StepDefinitionImpl.java:30)
at sridharpolu.stepDefinition.StepDefinitionImpl.launchApplication(StepDefinitionImpl.java:30)
at sridharpolu.stepDefinition.StepDefinitionImpl.launchApplication(StepDefinitionImpl.java:30)
at sridharpolu.stepDefinition.StepDefinitionImpl.launchApplication(StepDefinitionImpl.java:30)
at sridharpolu.stepDefinition.StepDefinitionImpl.launchApplication(StepDefinitionImpl.java:30)
at sridharpolu.stepDefinition.StepDefinitionImpl.launchApplication(StepDefinitionImpl.java:30)
at sridharpolu.stepDefinition.StepDefinitionImpl.launchApplication(StepDefinitionImpl.java:30)
at sridharpolu.stepDefinition.StepDefinitionImpl.launchApplication(StepDefinitionImpl.java:30)
at sridharpolu.stepDefinition.StepDefinitionImpl.launchApplication(StepDefinitionImpl.java:30)
at sridharpolu.stepDefinition.StepDefinitionImpl.launchApplication(StepDefinitionImpl.java:30)
at sridharpolu.stepDefinition.StepDefinitionImpl.launchApplication(StepDefinitionImpl.java:30)
at sridharpolu.stepDefinition.StepDefinitionImpl.launchApplication(StepDefinitionImpl.java:30)
at sridharpolu.stepDefinition.StepDefinitionImpl.launchApplication(StepDefinitionImpl.java:30)
at sridharpolu.stepDefinition.StepDefinitionImpl.launchApplication(StepDefinitionImpl.java:30)
at sridharpolu.stepDefinition.StepDefinitionImpl.launchApplication(StepDefinitionImpl.java:30)
at sridharpolu.stepDefinition.StepDefinitionImpl.launchApplication(StepDefinitionImpl.java:30)
at sridharpolu.stepDefinition.StepDefinitionImpl.launchApplication(StepDefinitionImpl.java:30)
at sridharpolu.stepDefinition.StepDefinitionImpl.launchApplication(StepDefinitionImpl.java:30)
at sridharpolu.stepDefinition.StepDefinitionImpl.launchApplication(StepDefinitionImpl.java:30)
at sridharpolu.stepDefinition.StepDefinitionImpl.launchApplication(StepDefinitionImpl.java:30)
at sridharpolu.stepDefinition.StepDefinitionImpl.launchApplication(StepDefinitionImpl.java:30)
at sridharpolu.stepDefinition.StepDefinitionImpl.launchApplication(StepDefinitionImpl.java:30)
at sridharpolu.stepDefinition.StepDefinitionImpl.launchApplication(StepDefinitionImpl.java:30)
at sridharpolu.stepDefinition.StepDefinitionImpl.launchApplication(StepDefinitionImpl.java:30)
at sridharpolu.stepDefinition.StepDefinitionImpl.launchApplication(StepDefinitionImpl.java:30)
at sridharpolu.stepDefinition.StepDefinitionImpl.launchApplication(StepDefinitionImpl.java:30)
at sridharpolu.stepDefinition.StepDefinitionImpl.launchApplication(StepDefinitionImpl.java:30)
at sridharpolu.stepDefinition.StepDefinitionImpl.launchApplication(StepDefinitionImpl.java:30)
at sridharpolu.stepDefinition.StepDefinitionImpl.launchApplication(StepDefinitionImpl.java:30)
at sridharpolu.stepDefinition.StepDefinitionImpl.launchApplication(StepDefinitionImpl.java:30)
at sridharpolu.stepDefinition.StepDefinitionImpl.launchApplication(StepDefinitionImpl.java:30)
at sridharpolu.stepDefinition.StepDefinitionImpl.launchApplication(StepDefinitionImpl.java:30)
at sridharpolu.stepDefinition.StepDefinitionImpl.launchApplication(StepDefinitionImpl.java:30)
at sridharpolu.stepDefinition.StepDefinitionImpl.launchApplication(StepDefinitionImpl.java:30)
at sridharpolu.stepDefinition.StepDefinitionImpl.launchApplication(StepDefinitionImpl.java:30)
at sridharpolu.stepDefinition.StepDefinitionImpl.launchApplication(StepDefinitionImpl.java:30)
at sridharpolu.stepDefinition.StepDefinitionImpl.launchApplication(StepDefinitionImpl.java:30)
at sridharpolu.stepDefinition.StepDefinitionImpl.launchApplication(StepDefinitionImpl.java:30)
at sridharpolu.stepDefinition.StepDefinitionImpl.launchApplication(StepDefinitionImpl.java:30)
at sridharpolu.stepDefinition.StepDefinitionImpl.launchApplication(StepDefinitionImpl.java:30)
at sridharpolu.stepDefinition.StepDefinitionImpl.launchApplication(StepDefinitionImpl.java:30)
at sridharpolu.stepDefinition.StepDefinitionImpl.launchApplication(StepDefinitionImpl.java:30)
at sridharpolu.stepDefinition.StepDefinitionImpl.launchApplication(StepDefinitionImpl.java:30)
at sridharpolu.stepDefinition.StepDefinitionImpl.launchApplication(StepDefinitionImpl.java:30)
at sridharpolu.stepDefinition.StepDefinitionImpl.launchApplication(StepDefinitionImpl.java:30)
at sridharpolu.stepDefinition.StepDefinitionImpl.launchApplication(StepDefinitionImpl.java:30)
at sridharpolu.stepDefinition.StepDefinitionImpl.launchApplication(StepDefinitionImpl.java:30)
at sridharpolu.stepDefinition.StepDefinitionImpl.launchApplication(StepDefinitionImpl.java:30)
at sridharpolu.stepDefinition.StepDefinitionImpl.launchApplication(StepDefinitionImpl.java:30)
at sridharpolu.stepDefinition.StepDefinitionImpl.launchApplication(StepDefinitionImpl.java:30)
at sridharpolu.stepDefinition.StepDefinitionImpl.launchApplication(StepDefinitionImpl.java:30)
at sridharpolu.stepDefinition.StepDefinitionImpl.launchApplication(StepDefinitionImpl.java:30)
at sridharpolu.stepDefinition.StepDefinitionImpl.launchApplication(StepDefinitionImpl.java:30)
at sridharpolu.stepDefinition.StepDefinitionImpl.launchApplication(StepDefinitionImpl.java:30)
at sridharpolu.stepDefinition.StepDefinitionImpl.launchApplication(StepDefinitionImpl.java:30)
at sridharpolu.stepDefinition.StepDefinitionImpl.launchApplication(StepDefinitionImpl.java:30)
at sridharpolu.stepDefinition.StepDefinitionImpl.launchApplication(StepDefinitionImpl.java:30)
at sridharpolu.stepDefinition.StepDefinitionImpl.launchApplication(StepDefinitionImpl.java:30)
at sridharpolu.stepDefinition.StepDefinitionImpl.launchApplication(StepDefinitionImpl.java:30)
at sridharpolu.stepDefinition.StepDefinitionImpl.launchApplication(StepDefinitionImpl.java:30)
at sridharpolu.stepDefinition.StepDefinitionImpl.launchApplication(StepDefinitionImpl.java:30)
at sridharpolu.stepDefinition.StepDefinitionImpl.launchApplication(StepDefinitionImpl.java:30)
at sridharpolu.stepDefinition.StepDefinitionImpl.launchApplication(StepDefinitionImpl.java:30)
at sridharpolu.stepDefinition.StepDefinitionImpl.launchApplication(StepDefinitionImpl.java:30)
at sridharpolu.stepDefinition.StepDefinitionImpl.launchApplication(StepDefinitionImpl.java:30)
at sridharpolu.stepDefinition.StepDefinitionImpl.launchApplication(StepDefinitionImpl.java:30)
at sridharpolu.stepDefinition.StepDefinitionImpl.launchApplication(StepDefinitionImpl.java:30)
at sridharpolu.stepDefinition.StepDefinitionImpl.launchApplication(StepDefinitionImpl.java:30)
at sridharpolu.stepDefinition.StepDefinitionImpl.launchApplication(StepDefinitionImpl.java:30)
at sridharpolu.stepDefinition.StepDefinitionImpl.launchApplication(StepDefinitionImpl.java:30)
at sridharpolu.stepDefinition.StepDefinitionImpl.launchApplication(StepDefinitionImpl.java:30)
at sridharpolu.stepDefinition.StepDefinitionImpl.launchApplication(StepDefinitionImpl.java:30)
at sridharpolu.stepDefinition.StepDefinitionImpl.launchApplication(StepDefinitionImpl.java:30)
at sridharpolu.stepDefinition.StepDefinitionImpl.launchApplication(StepDefinitionImpl.java:30)
at sridharpolu.stepDefinition.StepDefinitionImpl.launchApplication(StepDefinitionImpl.java:30)
at sridharpolu.stepDefinition.StepDefinitionImpl.launchApplication(StepDefinitionImpl.java:30)
at sridharpolu.stepDefinition.StepDefinitionImpl.launchApplication(StepDefinitionImpl.java:30)
at sridharpolu.stepDefinition.StepDefinitionImpl.launchApplication(StepDefinitionImpl.java:30)
at sridharpolu.stepDefinition.StepDefinitionImpl.launchApplication(StepDefinitionImpl.java:30)
at sridharpolu.stepDefinition.StepDefinitionImpl.launchApplication(StepDefinitionImpl.java:30)
at sridharpolu.stepDefinition.StepDefinitionImpl.launchApplication(StepDefinitionImpl.java:30)
at sridharpolu.stepDefinition.StepDefinitionImpl.launchApplication(StepDefinitionImpl.java:30)
at sridharpolu.stepDefinition.StepDefinitionImpl.launchApplication(StepDefinitionImpl.java:30)
at sridharpolu.stepDefinition.StepDefinitionImpl.launchApplication(StepDefinitionImpl.java:30)
at sridharpolu.stepDefinition.StepDefinitionImpl.launchApplication(StepDefinitionImpl.java:30)
at sridharpolu.stepDefinition.StepDefinitionImpl.launchApplication(StepDefinitionImpl.java:30)
at sridharpolu.stepDefinition.StepDefinitionImpl.launchApplication(StepDefinitionImpl.java:30)
at sridharpolu.stepDefinition.StepDefinitionImpl.launchApplication(StepDefinitionImpl.java:30)
at sridharpolu.stepDefinition.StepDefinitionImpl.launchApplication(StepDefinitionImpl.java:30)
at sridharpolu.stepDefinition.StepDefinitionImpl.launchApplication(StepDefinitionImpl.java:30)
at sridharpolu.stepDefinition.StepDefinitionImpl.launchApplication(StepDefinitionImpl.java:30)
at sridharpolu.stepDefinition.StepDefinitionImpl.launchApplication(StepDefinitionImpl.java:30)
at sridharpolu.stepDefinition.StepDefinitionImpl.launchApplication(StepDefinitionImpl.java:30)
at sridharpolu.stepDefinition.StepDefinitionImpl.launchApplication(StepDefinitionImpl.java:30)
at sridharpolu.stepDefinition.StepDefinitionImpl.launchApplication(StepDefinitionImpl.java:30)
at sridharpolu.stepDefinition.StepDefinitionImpl.launchApplication(StepDefinitionImpl.java:30)
at sridharpolu.stepDefinition.StepDefinitionImpl.launchApplication(StepDefinitionImpl.java:30)
at sridharpolu.stepDefinition.StepDefinitionImpl.launchApplication(StepDefinitionImpl.java:30)
at sridharpolu.stepDefinition.StepDefinitionImpl.launchApplication(StepDefinitionImpl.java:30)
at sridharpolu.stepDefinition.StepDefinitionImpl.launchApplication(StepDefinitionImpl.java:30)
at sridharpolu.stepDefinition.StepDefinitionImpl.launchApplication(StepDefinitionImpl.java:30)
at sridharpolu.stepDefinition.StepDefinitionImpl.launchApplication(StepDefinitionImpl.java:30)
at sridharpolu.stepDefinition.StepDefinitionImpl.launchApplication(StepDefinitionImpl.java:30)
at sridharpolu.stepDefinition.StepDefinitionImpl.launchApplication(StepDefinitionImpl.java:30)
at sridharpolu.stepDefinition.StepDefinitionImpl.launchApplication(StepDefinitionImpl.java:30)
at sridharpolu.stepDefinition.StepDefinitionImpl.launchApplication(StepDefinitionImpl.java:30)
at sridharpolu.stepDefinition.StepDefinitionImpl.launchApplication(StepDefinitionImpl.java:30)
at sridharpolu.stepDefinition.StepDefinitionImpl.launchApplication(StepDefinitionImpl.java:30)
at sridharpolu.stepDefinition.StepDefinitionImpl.launchApplication(StepDefinitionImpl.java:30)
at sridharpolu.stepDefinition.StepDefinitionImpl.launchApplication(StepDefinitionImpl.java:30)
at sridharpolu.stepDefinition.StepDefinitionImpl.launchApplication(StepDefinitionImpl.java:30)
at sridharpolu.stepDefinition.StepDefinitionImpl.launchApplication(StepDefinitionImpl.java:30)
at sridharpolu.stepDefinition.StepDefinitionImpl.launchApplication(StepDefinitionImpl.java:30)
at sridharpolu.stepDefinition.StepDefinitionImpl.launchApplication(StepDefinitionImpl.java:30)
at sridharpolu.stepDefinition.StepDefinitionImpl.launchApplication(StepDefinitionImpl.java:30)
at sridharpolu.stepDefinition.StepDefinitionImpl.launchApplication(StepDefinitionImpl.java:30)
at sridharpolu.stepDefinition.StepDefinitionImpl.launchApplication(StepDefinitionImpl.java:30)
at sridharpolu.stepDefinition.StepDefinitionImpl.launchApplication(StepDefinitionImpl.java:30)
at sridharpolu.stepDefinition.StepDefinitionImpl.launchApplication(StepDefinitionImpl.java:30)
at sridharpolu.stepDefinition.StepDefinitionImpl.launchApplication(StepDefinitionImpl.java:30)
at sridharpolu.stepDefinition.StepDefinitionImpl.launchApplication(StepDefinitionImpl.java:30)
at sridharpolu.stepDefinition.StepDefinitionImpl.launchApplication(StepDefinitionImpl.java:30)
at sridharpolu.stepDefinition.StepDefinitionImpl.launchApplication(StepDefinitionImpl.java:30)
at sridharpolu.stepDefinition.StepDefinitionImpl.launchApplication(StepDefinitionImpl.java:30)
at sridharpolu.stepDefinition.StepDefinitionImpl.launchApplication(StepDefinitionImpl.java:30)
at sridharpolu.stepDefinition.StepDefinitionImpl.launchApplication(StepDefinitionImpl.java:30)
at sridharpolu.stepDefinition.StepDefinitionImpl.launchApplication(StepDefinitionImpl.java:30)
at sridharpolu.stepDefinition.StepDefinitionImpl.launchApplication(StepDefinitionImpl.java:30)
at sridharpolu.stepDefinition.StepDefinitionImpl.launchApplication(StepDefinitionImpl.java:30)
at sridharpolu.stepDefinition.StepDefinitionImpl.launchApplication(StepDefinitionImpl.java:30)
at sridharpolu.stepDefinition.StepDefinitionImpl.launchApplication(StepDefinitionImpl.java:30)
at sridharpolu.stepDefinition.StepDefinitionImpl.launchApplication(StepDefinitionImpl.java:30)
at sridharpolu.stepDefinition.StepDefinitionImpl.launchApplication(StepDefinitionImpl.java:30)
at sridharpolu.stepDefinition.StepDefinitionImpl.launchApplication(StepDefinitionImpl.java:30)
at sridharpolu.stepDefinition.StepDefinitionImpl.launchApplication(StepDefinitionImpl.java:30)
at sridharpolu.stepDefinition.StepDefinitionImpl.launchApplication(StepDefinitionImpl.java:30)
at sridharpolu.stepDefinition.StepDefinitionImpl.launchApplication(StepDefinitionImpl.java:30)
at sridharpolu.stepDefinition.StepDefinitionImpl.launchApplication(StepDefinitionImpl.java:30)
at sridharpolu.stepDefinition.StepDefinitionImpl.launchApplication(StepDefinitionImpl.java:30)
at sridharpolu.stepDefinition.StepDefinitionImpl.launchApplication(StepDefinitionImpl.java:30)
at sridharpolu.stepDefinition.StepDefinitionImpl.launchApplication(StepDefinitionImpl.java:30)
at sridharpolu.stepDefinition.StepDefinitionImpl.launchApplication(StepDefinitionImpl.java:30)
at sridharpolu.stepDefinition.StepDefinitionImpl.launchApplication(StepDefinitionImpl.java:30)
at sridharpolu.stepDefinition.StepDefinitionImpl.launchApplication(StepDefinitionImpl.java:30)
at sridharpolu.stepDefinition.StepDefinitionImpl.launchApplication(StepDefinitionImpl.java:30)
at sridharpolu.stepDefinition.StepDefinitionImpl.launchApplication(StepDefinitionImpl.java:30)
at sridharpolu.stepDefinition.StepDefinitionImpl.launchApplication(StepDefinitionImpl.java:30)
at sridharpolu.stepDefinition.StepDefinitionImpl.launchApplication(StepDefinitionImpl.java:30)
at sridharpolu.stepDefinition.StepDefinitionImpl.launchApplication(StepDefinitionImpl.java:30)
at sridharpolu.stepDefinition.StepDefinitionImpl.launchApplication(StepDefinitionImpl.java:30)
at sridharpolu.stepDefinition.StepDefinitionImpl.launchApplication(StepDefinitionImpl.java:30)
at sridharpolu.stepDefinition.StepDefinitionImpl.launchApplication(StepDefinitionImpl.java:30)
at sridharpolu.stepDefinition.StepDefinitionImpl.launchApplication(StepDefinitionImpl.java:30)
at sridharpolu.stepDefinition.StepDefinitionImpl.launchApplication(StepDefinitionImpl.java:30)
at sridharpolu.stepDefinition.StepDefinitionImpl.launchApplication(StepDefinitionImpl.java:30)
at sridharpolu.stepDefinition.StepDefinitionImpl.launchApplication(StepDefinitionImpl.java:30)
at sridharpolu.stepDefinition.StepDefinitionImpl.launchApplication(StepDefinitionImpl.java:30)
at sridharpolu.stepDefinition.StepDefinitionImpl.launchApplication(StepDefinitionImpl.java:30)
at sridharpolu.stepDefinition.StepDefinitionImpl.launchApplication(StepDefinitionImpl.java:30)
at sridharpolu.stepDefinition.StepDefinitionImpl.launchApplication(StepDefinitionImpl.java:30)
at sridharpolu.stepDefinition.StepDefinitionImpl.launchApplication(StepDefinitionImpl.java:30)
at sridharpolu.stepDefinition.StepDefinitionImpl.launchApplication(StepDefinitionImpl.java:30)
at sridharpolu.stepDefinition.StepDefinitionImpl.launchApplication(StepDefinitionImpl.java:30)
at sridharpolu.stepDefinition.StepDefinitionImpl.launchApplication(StepDefinitionImpl.java:30)
at sridharpolu.stepDefinition.StepDefinitionImpl.launchApplication(StepDefinitionImpl.java:30)
at sridharpolu.stepDefinition.StepDefinitionImpl.launchApplication(StepDefinitionImpl.java:30)
at sridharpolu.stepDefinition.StepDefinitionImpl.launchApplication(StepDefinitionImpl.java:30)
at sridharpolu.stepDefinition.StepDefinitionImpl.launchApplication(StepDefinitionImpl.java:30)
at sridharpolu.stepDefinition.StepDefinitionImpl.launchApplication(StepDefinitionImpl.java:30)
at sridharpolu.stepDefinition.StepDefinitionImpl.launchApplication(StepDefinitionImpl.java:30)
at sridharpolu.stepDefinition.StepDefinitionImpl.launchApplication(StepDefinitionImpl.java:30)
at sridharpolu.stepDefinition.StepDefinitionImpl.launchApplication(StepDefinitionImpl.java:30)
at sridharpolu.stepDefinition.StepDefinitionImpl.launchApplication(StepDefinitionImpl.java:30)
at sridharpolu.stepDefinition.StepDefinitionImpl.launchApplication(StepDefinitionImpl.java:30)
at sridharpolu.stepDefinition.StepDefinitionImpl.launchApplication(StepDefinitionImpl.java:30)
at sridharpolu.stepDefinition.StepDefinitionImpl.launchApplication(StepDefinitionImpl.java:30)
at sridharpolu.stepDefinition.StepDefinitionImpl.launchApplication(StepDefinitionImpl.java:30)
at sridharpolu.stepDefinition.StepDefinitionImpl.launchApplication(StepDefinitionImpl.java:30)
at sridharpolu.stepDefinition.StepDefinitionImpl.launchApplication(StepDefinitionImpl.java:30)
at sridharpolu.stepDefinition.StepDefinitionImpl.launchApplication(StepDefinitionImpl.java:30)
at sridharpolu.stepDefinition.StepDefinitionImpl.launchApplication(StepDefinitionImpl.java:30)
at sridharpolu.stepDefinition.StepDefinitionImpl.launchApplication(StepDefinitionImpl.java:30)
at sridharpolu.stepDefinition.StepDefinitionImpl.launchApplication(StepDefinitionImpl.java:30)
at sridharpolu.stepDefinition.StepDefinitionImpl.launchApplication(StepDefinitionImpl.java:30)
at sridharpolu.stepDefinition.StepDefinitionImpl.launchApplication(StepDefinitionImpl.java:30)
at sridharpolu.stepDefinition.StepDefinitionImpl.launchApplication(StepDefinitionImpl.java:30)
at sridharpolu.stepDefinition.StepDefinitionImpl.launchApplication(StepDefinitionImpl.java:30)
at sridharpolu.stepDefinition.StepDefinitionImpl.launchApplication(StepDefinitionImpl.java:30)
at sridharpolu.stepDefinition.StepDefinitionImpl.launchApplication(StepDefinitionImpl.java:30)
at sridharpolu.stepDefinition.StepDefinitionImpl.launchApplication(StepDefinitionImpl.java:30)
at sridharpolu.stepDefinition.StepDefinitionImpl.launchApplication(StepDefinitionImpl.java:30)
at sridharpolu.stepDefinition.StepDefinitionImpl.launchApplication(StepDefinitionImpl.java:30)
at sridharpolu.stepDefinition.StepDefinitionImpl.launchApplication(StepDefinitionImpl.java:30)
at sridharpolu.stepDefinition.StepDefinitionImpl.launchApplication(StepDefinitionImpl.java:30)
at sridharpolu.stepDefinition.StepDefinitionImpl.launchApplication(StepDefinitionImpl.java:30)
at sridharpolu.stepDefinition.StepDefinitionImpl.launchApplication(StepDefinitionImpl.java:30)
at sridharpolu.stepDefinition.StepDefinitionImpl.launchApplication(StepDefinitionImpl.java:30)
at sridharpolu.stepDefinition.StepDefinitionImpl.launchApplication(StepDefinitionImpl.java:30)
at sridharpolu.stepDefinition.StepDefinitionImpl.launchApplication(StepDefinitionImpl.java:30)
at sridharpolu.stepDefinition.StepDefinitionImpl.launchApplication(StepDefinitionImpl.java:30)
at sridharpolu.stepDefinition.StepDefinitionImpl.launchApplication(StepDefinitionImpl.java:30)
at sridharpolu.stepDefinition.StepDefinitionImpl.launchApplication(StepDefinitionImpl.java:30)
at sridharpolu.stepDefinition.StepDefinitionImpl.launchApplication(StepDefinitionImpl.java:30)
at sridharpolu.stepDefinition.StepDefinitionImpl.launchApplication(StepDefinitionImpl.java:30)
at sridharpolu.stepDefinition.StepDefinitionImpl.launchApplication(StepDefinitionImpl.java:30)
at sridharpolu.stepDefinition.StepDefinitionImpl.launchApplication(StepDefinitionImpl.java:30)
at sridharpolu.stepDefinition.StepDefinitionImpl.launchApplication(StepDefinitionImpl.java:30)
at sridharpolu.stepDefinition.StepDefinitionImpl.launchApplication(StepDefinitionImpl.java:30)
at sridharpolu.stepDefinition.StepDefinitionImpl.launchApplication(StepDefinitionImpl.java:30)
at sridharpolu.stepDefinition.StepDefinitionImpl.launchApplication(StepDefinitionImpl.java:30)
at sridharpolu.stepDefinition.StepDefinitionImpl.launchApplication(StepDefinitionImpl.java:30)
at sridharpolu.stepDefinition.StepDefinitionImpl.launchApplication(StepDefinitionImpl.java:30)
at sridharpolu.stepDefinition.StepDefinitionImpl.launchApplication(StepDefinitionImpl.java:30)
at sridharpolu.stepDefinition.StepDefinitionImpl.launchApplication(StepDefinitionImpl.java:30)
at sridharpolu.stepDefinition.StepDefinitionImpl.launchApplication(StepDefinitionImpl.java:30)
at sridharpolu.stepDefinition.StepDefinitionImpl.launchApplication(StepDefinitionImpl.java:30)
at sridharpolu.stepDefinition.StepDefinitionImpl.launchApplication(StepDefinitionImpl.java:30)
at sridharpolu.stepDefinition.StepDefinitionImpl.launchApplication(StepDefinitionImpl.java:30)
at sridharpolu.stepDefinition.StepDefinitionImpl.launchApplication(StepDefinitionImpl.java:30)
at sridharpolu.stepDefinition.StepDefinitionImpl.launchApplication(StepDefinitionImpl.java:30)
at sridharpolu.stepDefinition.StepDefinitionImpl.launchApplication(StepDefinitionImpl.java:30)
at sridharpolu.stepDefinition.StepDefinitionImpl.launchApplication(StepDefinitionImpl.java:30)
at sridharpolu.stepDefinition.StepDefinitionImpl.launchApplication(StepDefinitionImpl.java:30)
at sridharpolu.stepDefinition.StepDefinitionImpl.launchApplication(StepDefinitionImpl.java:30)
at sridharpolu.stepDefinition.StepDefinitionImpl.launchApplication(StepDefinitionImpl.java:30)
at sridharpolu.stepDefinition.StepDefinitionImpl.launchApplication(StepDefinitionImpl.java:30)
at sridharpolu.stepDefinition.StepDefinitionImpl.launchApplication(StepDefinitionImpl.java:30)
at sridharpolu.stepDefinition.StepDefinitionImpl.launchApplication(StepDefinitionImpl.java:30)
at sridharpolu.stepDefinition.StepDefinitionImpl.launchApplication(StepDefinitionImpl.java:30)
at sridharpolu.stepDefinition.StepDefinitionImpl.launchApplication(StepDefinitionImpl.java:30)
at sridharpolu.stepDefinition.StepDefinitionImpl.launchApplication(StepDefinitionImpl.java:30)
at sridharpolu.stepDefinition.StepDefinitionImpl.launchApplication(StepDefinitionImpl.java:30)
at sridharpolu.stepDefinition.StepDefinitionImpl.launchApplication(StepDefinitionImpl.java:30)
at sridharpolu.stepDefinition.StepDefinitionImpl.launchApplication(StepDefinitionImpl.java:30)
at sridharpolu.stepDefinition.StepDefinitionImpl.launchApplication(StepDefinitionImpl.java:30)
at sridharpolu.stepDefinition.StepDefinitionImpl.launchApplication(StepDefinitionImpl.java:30)
at sridharpolu.stepDefinition.StepDefinitionImpl.launchApplication(StepDefinitionImpl.java:30)
at sridharpolu.stepDefinition.StepDefinitionImpl.launchApplication(StepDefinitionImpl.java:30)
at sridharpolu.stepDefinition.StepDefinitionImpl.launchApplication(StepDefinitionImpl.java:30)
at sridharpolu.stepDefinition.StepDefinitionImpl.launchApplication(StepDefinitionImpl.java:30)
at sridharpolu.stepDefinition.StepDefinitionImpl.launchApplication(StepDefinitionImpl.java:30)
at sridharpolu.stepDefinition.StepDefinitionImpl.launchApplication(StepDefinitionImpl.java:30)
at sridharpolu.stepDefinition.StepDefinitionImpl.launchApplication(StepDefinitionImpl.java:30)
at sridharpolu.stepDefinition.StepDefinitionImpl.launchApplication(StepDefinitionImpl.java:30)
at sridharpolu.stepDefinition.StepDefinitionImpl.launchApplication(StepDefinitionImpl.java:30)
at sridharpolu.stepDefinition.StepDefinitionImpl.launchApplication(StepDefinitionImpl.java:30)
at sridharpolu.stepDefinition.StepDefinitionImpl.launchApplication(StepDefinitionImpl.java:30)
at sridharpolu.stepDefinition.StepDefinitionImpl.launchApplication(StepDefinitionImpl.java:30)
at sridharpolu.stepDefinition.StepDefinitionImpl.launchApplication(StepDefinitionImpl.java:30)
at sridharpolu.stepDefinition.StepDefinitionImpl.launchApplication(StepDefinitionImpl.java:30)
at sridharpolu.stepDefinition.StepDefinitionImpl.launchApplication(StepDefinitionImpl.java:30)
at sridharpolu.stepDefinition.StepDefinitionImpl.launchApplication(StepDefinitionImpl.java:30)
at sridharpolu.stepDefinition.StepDefinitionImpl.launchApplication(StepDefinitionImpl.java:30)
at sridharpolu.stepDefinition.StepDefinitionImpl.launchApplication(StepDefinitionImpl.java:30)
at sridharpolu.stepDefinition.StepDefinitionImpl.launchApplication(StepDefinitionImpl.java:30)
at sridharpolu.stepDefinition.StepDefinitionImpl.launchApplication(StepDefinitionImpl.java:30)
at sridharpolu.stepDefinition.StepDefinitionImpl.launchApplication(StepDefinitionImpl.java:30)
at sridharpolu.stepDefinition.StepDefinitionImpl.launchApplication(StepDefinitionImpl.java:30)
at sridharpolu.stepDefinition.StepDefinitionImpl.launchApplication(StepDefinitionImpl.java:30)
at sridharpolu.stepDefinition.StepDefinitionImpl.launchApplication(StepDefinitionImpl.java:30)
at sridharpolu.stepDefinition.StepDefinitionImpl.launchApplication(StepDefinitionImpl.java:30)
at sridharpolu.stepDefinition.StepDefinitionImpl.launchApplication(StepDefinitionImpl.java:30)
at sridharpolu.stepDefinition.StepDefinitionImpl.launchApplication(StepDefinitionImpl.java:30)
at sridharpolu.stepDefinition.StepDefinitionImpl.launchApplication(StepDefinitionImpl.java:30)
at sridharpolu.stepDefinition.StepDefinitionImpl.launchApplication(StepDefinitionImpl.java:30)
at sridharpolu.stepDefinition.StepDefinitionImpl.launchApplication(StepDefinitionImpl.java:30)
at sridharpolu.stepDefinition.StepDefinitionImpl.launchApplication(StepDefinitionImpl.java:30)
at sridharpolu.stepDefinition.StepDefinitionImpl.launchApplication(StepDefinitionImpl.java:30)
at sridharpolu.stepDefinition.StepDefinitionImpl.launchApplication(StepDefinitionImpl.java:30)
at sridharpolu.stepDefinition.StepDefinitionImpl.launchApplication(StepDefinitionImpl.java:30)
at sridharpolu.stepDefinition.StepDefinitionImpl.launchApplication(StepDefinitionImpl.java:30)
at sridharpolu.stepDefinition.StepDefinitionImpl.launchApplication(StepDefinitionImpl.java:30)
at sridharpolu.stepDefinition.StepDefinitionImpl.launchApplication(StepDefinitionImpl.java:30)
at sridharpolu.stepDefinition.StepDefinitionImpl.launchApplication(StepDefinitionImpl.java:30)
at sridharpolu.stepDefinition.StepDefinitionImpl.launchApplication(StepDefinitionImpl.java:30)
at sridharpolu.stepDefinition.StepDefinitionImpl.launchApplication(StepDefinitionImpl.java:30)
at sridharpolu.stepDefinition.StepDefinitionImpl.launchApplication(StepDefinitionImpl.java:30)
at sridharpolu.stepDefinition.StepDefinitionImpl.launchApplication(StepDefinitionImpl.java:30)
at sridharpolu.stepDefinition.StepDefinitionImpl.launchApplication(StepDefinitionImpl.java:30)
at sridharpolu.stepDefinition.StepDefinitionImpl.launchApplication(StepDefinitionImpl.java:30)
at sridharpolu.stepDefinition.StepDefinitionImpl.launchApplication(StepDefinitionImpl.java:30)
at sridharpolu.stepDefinition.StepDefinitionImpl.launchApplication(StepDefinitionImpl.java:30)
at sridharpolu.stepDefinition.StepDefinitionImpl.launchApplication(StepDefinitionImpl.java:30)
at sridharpolu.stepDefinition.StepDefinitionImpl.launchApplication(StepDefinitionImpl.java:30)
at sridharpolu.stepDefinition.StepDefinitionImpl.launchApplication(StepDefinitionImpl.java:30)
at sridharpolu.stepDefinition.StepDefinitionImpl.launchApplication(StepDefinitionImpl.java:30)
at sridharpolu.stepDefinition.StepDefinitionImpl.launchApplication(StepDefinitionImpl.java:30)
at sridharpolu.stepDefinition.StepDefinitionImpl.launchApplication(StepDefinitionImpl.java:30)
at sridharpolu.stepDefinition.StepDefinitionImpl.launchApplication(StepDefinitionImpl.java:30)
at sridharpolu.stepDefinition.StepDefinitionImpl.launchApplication(StepDefinitionImpl.java:30)
at sridharpolu.stepDefinition.StepDefinitionImpl.launchApplication(StepDefinitionImpl.java:30)
at sridharpolu.stepDefinition.StepDefinitionImpl.launchApplication(StepDefinitionImpl.java:30)
at sridharpolu.stepDefinition.StepDefinitionImpl.launchApplication(StepDefinitionImpl.java:30)
at sridharpolu.stepDefinition.StepDefinitionImpl.launchApplication(StepDefinitionImpl.java:30)
at sridharpolu.stepDefinition.StepDefinitionImpl.launchApplication(StepDefinitionImpl.java:30)
at sridharpolu.stepDefinition.StepDefinitionImpl.launchApplication(StepDefinitionImpl.java:30)
at sridharpolu.stepDefinition.StepDefinitionImpl.launchApplication(StepDefinitionImpl.java:30)
at sridharpolu.stepDefinition.StepDefinitionImpl.launchApplication(StepDefinitionImpl.java:30)
at sridharpolu.stepDefinition.StepDefinitionImpl.launchApplication(StepDefinitionImpl.java:30)
at sridharpolu.stepDefinition.StepDefinitionImpl.launchApplication(StepDefinitionImpl.java:30)
at sridharpolu.stepDefinition.StepDefinitionImpl.launchApplication(StepDefinitionImpl.java:30)
at sridharpolu.stepDefinition.StepDefinitionImpl.launchApplication(StepDefinitionImpl.java:30)
at sridharpolu.stepDefinition.StepDefinitionImpl.launchApplication(StepDefinitionImpl.java:30)
at sridharpolu.stepDefinition.StepDefinitionImpl.launchApplication(StepDefinitionImpl.java:30)
at sridharpolu.stepDefinition.StepDefinitionImpl.launchApplication(StepDefinitionImpl.java:30)
at sridharpolu.stepDefinition.StepDefinitionImpl.launchApplication(StepDefinitionImpl.java:30)
at sridharpolu.stepDefinition.StepDefinitionImpl.launchApplication(StepDefinitionImpl.java:30)
at sridharpolu.stepDefinition.StepDefinitionImpl.launchApplication(StepDefinitionImpl.java:30)
at sridharpolu.stepDefinition.StepDefinitionImpl.launchApplication(StepDefinitionImpl.java:30)
at sridharpolu.stepDefinition.StepDefinitionImpl.launchApplication(StepDefinitionImpl.java:30)
at sridharpolu.stepDefinition.StepDefinitionImpl.launchApplication(StepDefinitionImpl.java:30)
at ✽.I landed on Ecommerce Page(file:///C:/Eclipse/TestNGPageObject/src/test/java/cucumber/SubmitOrder.feature:7)
]]>
    </failure>
  </testcase> <!-- runScenario -->
</testsuite> <!-- Default test -->
