<?xml version="1.0" encoding="UTF-8"?>
<testng-results ignored="0" total="1" passed="0" failed="1" skipped="0">
  <reporter-output>
  </reporter-output>
  <suite started-at="2024-10-02T10:54:39 IST" name="Default suite" finished-at="2024-10-02T10:54:40 IST" duration-ms="679">
    <groups>
      <group name="cucumber">
        <method signature="AbstractTestNGCucumberTests.runScenario(io.cucumber.testng.PickleWrapper,io.cucumber.testng.FeatureWrapper)[pri:0, instance:cucumber.TestNGTestRunner@7ee8290b]" name="runScenario" class="io.cucumber.testng.AbstractTestNGCucumberTests"/>
      </group> <!-- cucumber -->
    </groups>
    <test started-at="2024-10-02T10:54:39 IST" name="Default test" finished-at="2024-10-02T10:54:40 IST" duration-ms="679">
      <class name="cucumber.TestNGTestRunner">
        <test-method is-config="true" signature="setUpClass(org.testng.ITestContext)[pri:0, instance:cucumber.TestNGTestRunner@7ee8290b]" started-at="2024-10-02T10:54:39 IST" name="setUpClass" finished-at="2024-10-02T10:54:39 IST" duration-ms="455" status="PASS">
          <params>
            <param index="0">
              <value>
                <![CDATA[org.testng.TestRunner@5d8445d7]]>
              </value>
            </param>
          </params>
          <reporter-output>
          </reporter-output>
        </test-method> <!-- setUpClass -->
        <test-method signature="runScenario(io.cucumber.testng.PickleWrapper,io.cucumber.testng.FeatureWrapper)[pri:0, instance:cucumber.TestNGTestRunner@7ee8290b]" started-at="2024-10-02T10:54:39 IST" name="runScenario" description="Runs Cucumber Scenarios" data-provider="scenarios" finished-at="2024-10-02T10:54:39 IST" duration-ms="131" status="FAIL">
          <params>
            <param index="0">
              <value>
                <![CDATA["Positive test of Submitting the order"]]>
              </value>
            </param>
            <param index="1">
              <value>
                <![CDATA["Purchase the order from the Ecommerce Website"]]>
              </value>
            </param>
          </params>
          <exception class="java.lang.StackOverflowError">
            <full-stacktrace>
              <![CDATA[java.lang.StackOverflowError
at sridharpolu.stepDefinition.StepDefinitionImpl.launchApplication(StepDefinitionImpl.java:30)
at sridharpolu.stepDefinition.StepDefinitionImpl.launchApplication(StepDefinitionImpl.java:30)
at sridharpolu.stepDefinition.StepDefinitionImpl.launchApplication(StepDefinitionImpl.java:30)
at sridharpolu.stepDefinition.StepDefinitionImpl.launchApplication(StepDefinitionImpl.java:30)
at sridharpolu.stepDefinition.StepDefinitionImpl.launchApplication(StepDefinitionImpl.java:30)
at sridharpolu.stepDefinition.StepDefinitionImpl.launchApplication(StepDefinitionImpl.java:30)
at sridharpolu.stepDefinition.StepDefinitionImpl.launchApplication(StepDefinitionImpl.java:30)
at sridharpolu.stepDefinition.StepDefinitionImpl.launchApplication(StepDefinitionImpl.java:30)
at sridharpolu.stepDefinition.StepDefinitionImpl.launchApplication(StepDefinitionImpl.java:30)
at sridharpolu.stepDefinition.StepDefinitionImpl.launchApplication(StepDefinitionImpl.java:30)
at sridharpolu.stepDefinition.StepDefinitionImpl.launchApplication(StepDefinitionImpl.java:30)
at sridharpolu.stepDefinition.StepDefinitionImpl.launchApplication(StepDefinitionImpl.java:30)
at sridharpolu.stepDefinition.StepDefinitionImpl.launchApplication(StepDefinitionImpl.java:30)
at sridharpolu.stepDefinition.StepDefinitionImpl.launchApplication(StepDefinitionImpl.java:30)
at sridharpolu.stepDefinition.StepDefinitionImpl.launchApplication(StepDefinitionImpl.java:30)
at sridharpolu.stepDefinition.StepDefinitionImpl.launchApplication(StepDefinitionImpl.java:30)
at sridharpolu.stepDefinition.StepDefinitionImpl.launchApplication(StepDefinitionImpl.java:30)
at sridharpolu.stepDefinition.StepDefinitionImpl.launchApplication(StepDefinitionImpl.java:30)
at sridharpolu.stepDefinition.StepDefinitionImpl.launchApplication(StepDefinitionImpl.java:30)
at sridharpolu.stepDefinition.StepDefinitionImpl.launchApplication(StepDefinitionImpl.java:30)
at sridharpolu.stepDefinition.StepDefinitionImpl.launchApplication(StepDefinitionImpl.java:30)
at sridharpolu.stepDefinition.StepDefinitionImpl.launchApplication(StepDefinitionImpl.java:30)
at sridharpolu.stepDefinition.StepDefinitionImpl.launchApplication(StepDefinitionImpl.java:30)
at sridharpolu.stepDefinition.StepDefinitionImpl.launchApplication(StepDefinitionImpl.java:30)
at sridharpolu.stepDefinition.StepDefinitionImpl.launchApplication(StepDefinitionImpl.java:30)
at sridharpolu.stepDefinition.StepDefinitionImpl.launchApplication(StepDefinitionImpl.java:30)
at sridharpolu.stepDefinition.StepDefinitionImpl.launchApplication(StepDefinitionImpl.java:30)
at sridharpolu.stepDefinition.StepDefinitionImpl.launchApplication(StepDefinitionImpl.java:30)
at sridharpolu.stepDefinition.StepDefinitionImpl.launchApplication(StepDefinitionImpl.java:30)
at sridharpolu.stepDefinition.StepDefinitionImpl.launchApplication(StepDefinitionImpl.java:30)
at sridharpolu.stepDefinition.StepDefinitionImpl.launchApplication(StepDefinitionImpl.java:30)
at sridharpolu.stepDefinition.StepDefinitionImpl.launchApplication(StepDefinitionImpl.java:30)
at sridharpolu.stepDefinition.StepDefinitionImpl.launchApplication(StepDefinitionImpl.java:30)
at sridharpolu.stepDefinition.StepDefinitionImpl.launchApplication(StepDefinitionImpl.java:30)
at sridharpolu.stepDefinition.StepDefinitionImpl.launchApplication(StepDefinitionImpl.java:30)
at sridharpolu.stepDefinition.StepDefinitionImpl.launchApplication(StepDefinitionImpl.java:30)
at sridharpolu.stepDefinition.StepDefinitionImpl.launchApplication(StepDefinitionImpl.java:30)
at sridharpolu.stepDefinition.StepDefinitionImpl.launchApplication(StepDefinitionImpl.java:30)
at sridharpolu.stepDefinition.StepDefinitionImpl.launchApplication(StepDefinitionImpl.java:30)
at sridharpolu.stepDefinition.StepDefinitionImpl.launchApplication(StepDefinitionImpl.java:30)
at sridharpolu.stepDefinition.StepDefinitionImpl.launchApplication(StepDefinitionImpl.java:30)
at sridharpolu.stepDefinition.StepDefinitionImpl.launchApplication(StepDefinitionImpl.java:30)
at sridharpolu.stepDefinition.StepDefinitionImpl.launchApplication(StepDefinitionImpl.java:30)
at sridharpolu.stepDefinition.StepDefinitionImpl.launchApplication(StepDefinitionImpl.java:30)
at sridharpolu.stepDefinition.StepDefinitionImpl.launchApplication(StepDefinitionImpl.java:30)
at sridharpolu.stepDefinition.StepDefinitionImpl.launchApplication(StepDefinitionImpl.java:30)
at sridharpolu.stepDefinition.StepDefinitionImpl.launchApplication(StepDefinitionImpl.java:30)
at sridharpolu.stepDefinition.StepDefinitionImpl.launchApplication(StepDefinitionImpl.java:30)
at sridharpolu.stepDefinition.StepDefinitionImpl.launchApplication(StepDefinitionImpl.java:30)
at sridharpolu.stepDefinition.StepDefinitionImpl.launchApplication(StepDefinitionImpl.java:30)
at sridharpolu.stepDefinition.StepDefinitionImpl.launchApplication(StepDefinitionImpl.java:30)
at sridharpolu.stepDefinition.StepDefinitionImpl.launchApplication(StepDefinitionImpl.java:30)
at sridharpolu.stepDefinition.StepDefinitionImpl.launchApplication(StepDefinitionImpl.java:30)
at sridharpolu.stepDefinition.StepDefinitionImpl.launchApplication(StepDefinitionImpl.java:30)
at sridharpolu.stepDefinition.StepDefinitionImpl.launchApplication(StepDefinitionImpl.java:30)
at sridharpolu.stepDefinition.StepDefinitionImpl.launchApplication(StepDefinitionImpl.java:30)
at sridharpolu.stepDefinition.StepDefinitionImpl.launchApplication(StepDefinitionImpl.java:30)
at sridharpolu.stepDefinition.StepDefinitionImpl.launchApplication(StepDefinitionImpl.java:30)
at sridharpolu.stepDefinition.StepDefinitionImpl.launchApplication(StepDefinitionImpl.java:30)
at sridharpolu.stepDefinition.StepDefinitionImpl.launchApplication(StepDefinitionImpl.java:30)
at sridharpolu.stepDefinition.StepDefinitionImpl.launchApplication(StepDefinitionImpl.java:30)
at sridharpolu.stepDefinition.StepDefinitionImpl.launchApplication(StepDefinitionImpl.java:30)
at sridharpolu.stepDefinition.StepDefinitionImpl.launchApplication(StepDefinitionImpl.java:30)
at sridharpolu.stepDefinition.StepDefinitionImpl.launchApplication(StepDefinitionImpl.java:30)
at sridharpolu.stepDefinition.StepDefinitionImpl.launchApplication(StepDefinitionImpl.java:30)
at sridharpolu.stepDefinition.StepDefinitionImpl.launchApplication(StepDefinitionImpl.java:30)
at sridharpolu.stepDefinition.StepDefinitionImpl.launchApplication(StepDefinitionImpl.java:30)
at sridharpolu.stepDefinition.StepDefinitionImpl.launchApplication(StepDefinitionImpl.java:30)
at sridharpolu.stepDefinition.StepDefinitionImpl.launchApplication(StepDefinitionImpl.java:30)
at sridharpolu.stepDefinition.StepDefinitionImpl.launchApplication(StepDefinitionImpl.java:30)
at sridharpolu.stepDefinition.StepDefinitionImpl.launchApplication(StepDefinitionImpl.java:30)
at sridharpolu.stepDefinition.StepDefinitionImpl.launchApplication(StepDefinitionImpl.java:30)
at sridharpolu.stepDefinition.StepDefinitionImpl.launchApplication(StepDefinitionImpl.java:30)
at sridharpolu.stepDefinition.StepDefinitionImpl.launchApplication(StepDefinitionImpl.java:30)
at sridharpolu.stepDefinition.StepDefinitionImpl.launchApplication(StepDefinitionImpl.java:30)
at sridharpolu.stepDefinition.StepDefinitionImpl.launchApplication(StepDefinitionImpl.java:30)
at sridharpolu.stepDefinition.StepDefinitionImpl.launchApplication(StepDefinitionImpl.java:30)
at sridharpolu.stepDefinition.StepDefinitionImpl.launchApplication(StepDefinitionImpl.java:30)
at sridharpolu.stepDefinition.StepDefinitionImpl.launchApplication(StepDefinitionImpl.java:30)
at sridharpolu.stepDefinition.StepDefinitionImpl.launchApplication(StepDefinitionImpl.java:30)
at sridharpolu.stepDefinition.StepDefinitionImpl.launchApplication(StepDefinitionImpl.java:30)
at sridharpolu.stepDefinition.StepDefinitionImpl.launchApplication(StepDefinitionImpl.java:30)
at sridharpolu.stepDefinition.StepDefinitionImpl.launchApplication(StepDefinitionImpl.java:30)
at sridharpolu.stepDefinition.StepDefinitionImpl.launchApplication(StepDefinitionImpl.java:30)
at sridharpolu.stepDefinition.StepDefinitionImpl.launchApplication(StepDefinitionImpl.java:30)
at sridharpolu.stepDefinition.StepDefinitionImpl.launchApplication(StepDefinitionImpl.java:30)
at sridharpolu.stepDefinition.StepDefinitionImpl.launchApplication(StepDefinitionImpl.java:30)
at sridharpolu.stepDefinition.StepDefinitionImpl.launchApplication(StepDefinitionImpl.java:30)
at sridharpolu.stepDefinition.StepDefinitionImpl.launchApplication(StepDefinitionImpl.java:30)
at sridharpolu.stepDefinition.StepDefinitionImpl.launchApplication(StepDefinitionImpl.java:30)
at sridharpolu.stepDefinition.StepDefinitionImpl.launchApplication(StepDefinitionImpl.java:30)
at sridharpolu.stepDefinition.StepDefinitionImpl.launchApplication(StepDefinitionImpl.java:30)
at sridharpolu.stepDefinition.StepDefinitionImpl.launchApplication(StepDefinitionImpl.java:30)
at sridharpolu.stepDefinition.StepDefinitionImpl.launchApplication(StepDefinitionImpl.java:30)
at sridharpolu.stepDefinition.StepDefinitionImpl.launchApplication(StepDefinitionImpl.java:30)
at sridharpolu.stepDefinition.StepDefinitionImpl.launchApplication(StepDefinitionImpl.java:30)
at sridharpolu.stepDefinition.StepDefinitionImpl.launchApplication(StepDefinitionImpl.java:30)
at sridharpolu.stepDefinition.StepDefinitionImpl.launchApplication(StepDefinitionImpl.java:30)
at sridharpolu.stepDefinition.StepDefinitionImpl.launchApplication(StepDefinitionImpl.java:30)
at sridharpolu.stepDefinition.StepDefinitionImpl.launchApplication(StepDefinitionImpl.java:30)
at sridharpolu.stepDefinition.StepDefinitionImpl.launchApplication(StepDefinitionImpl.java:30)
at sridharpolu.stepDefinition.StepDefinitionImpl.launchApplication(StepDefinitionImpl.java:30)
at sridharpolu.stepDefinition.StepDefinitionImpl.launchApplication(StepDefinitionImpl.java:30)
at sridharpolu.stepDefinition.StepDefinitionImpl.launchApplication(StepDefinitionImpl.java:30)
at sridharpolu.stepDefinition.StepDefinitionImpl.launchApplication(StepDefinitionImpl.java:30)
at sridharpolu.stepDefinition.StepDefinitionImpl.launchApplication(StepDefinitionImpl.java:30)
at sridharpolu.stepDefinition.StepDefinitionImpl.launchApplication(StepDefinitionImpl.java:30)
at sridharpolu.stepDefinition.StepDefinitionImpl.launchApplication(StepDefinitionImpl.java:30)
at sridharpolu.stepDefinition.StepDefinitionImpl.launchApplication(StepDefinitionImpl.java:30)
at sridharpolu.stepDefinition.StepDefinitionImpl.launchApplication(StepDefinitionImpl.java:30)
at sridharpolu.stepDefinition.StepDefinitionImpl.launchApplication(StepDefinitionImpl.java:30)
at sridharpolu.stepDefinition.StepDefinitionImpl.launchApplication(StepDefinitionImpl.java:30)
at sridharpolu.stepDefinition.StepDefinitionImpl.launchApplication(StepDefinitionImpl.java:30)
at sridharpolu.stepDefinition.StepDefinitionImpl.launchApplication(StepDefinitionImpl.java:30)
at sridharpolu.stepDefinition.StepDefinitionImpl.launchApplication(StepDefinitionImpl.java:30)
at sridharpolu.stepDefinition.StepDefinitionImpl.launchApplication(StepDefinitionImpl.java:30)
at sridharpolu.stepDefinition.StepDefinitionImpl.launchApplication(StepDefinitionImpl.java:30)
at sridharpolu.stepDefinition.StepDefinitionImpl.launchApplication(StepDefinitionImpl.java:30)
at sridharpolu.stepDefinition.StepDefinitionImpl.launchApplication(StepDefinitionImpl.java:30)
at sridharpolu.stepDefinition.StepDefinitionImpl.launchApplication(StepDefinitionImpl.java:30)
at sridharpolu.stepDefinition.StepDefinitionImpl.launchApplication(StepDefinitionImpl.java:30)
at sridharpolu.stepDefinition.StepDefinitionImpl.launchApplication(StepDefinitionImpl.java:30)
at sridharpolu.stepDefinition.StepDefinitionImpl.launchApplication(StepDefinitionImpl.java:30)
at sridharpolu.stepDefinition.StepDefinitionImpl.launchApplication(StepDefinitionImpl.java:30)
at sridharpolu.stepDefinition.StepDefinitionImpl.launchApplication(StepDefinitionImpl.java:30)
at sridharpolu.stepDefinition.StepDefinitionImpl.launchApplication(StepDefinitionImpl.java:30)
at sridharpolu.stepDefinition.StepDefinitionImpl.launchApplication(StepDefinitionImpl.java:30)
at sridharpolu.stepDefinition.StepDefinitionImpl.launchApplication(StepDefinitionImpl.java:30)
at sridharpolu.stepDefinition.StepDefinitionImpl.launchApplication(StepDefinitionImpl.java:30)
at sridharpolu.stepDefinition.StepDefinitionImpl.launchApplication(StepDefinitionImpl.java:30)
at sridharpolu.stepDefinition.StepDefinitionImpl.launchApplication(StepDefinitionImpl.java:30)
at sridharpolu.stepDefinition.StepDefinitionImpl.launchApplication(StepDefinitionImpl.java:30)
at sridharpolu.stepDefinition.StepDefinitionImpl.launchApplication(StepDefinitionImpl.java:30)
at sridharpolu.stepDefinition.StepDefinitionImpl.launchApplication(StepDefinitionImpl.java:30)
at sridharpolu.stepDefinition.StepDefinitionImpl.launchApplication(StepDefinitionImpl.java:30)
at sridharpolu.stepDefinition.StepDefinitionImpl.launchApplication(StepDefinitionImpl.java:30)
at sridharpolu.stepDefinition.StepDefinitionImpl.launchApplication(StepDefinitionImpl.java:30)
at sridharpolu.stepDefinition.StepDefinitionImpl.launchApplication(StepDefinitionImpl.java:30)
at sridharpolu.stepDefinition.StepDefinitionImpl.launchApplication(StepDefinitionImpl.java:30)
at sridharpolu.stepDefinition.StepDefinitionImpl.launchApplication(StepDefinitionImpl.java:30)
at sridharpolu.stepDefinition.StepDefinitionImpl.launchApplication(StepDefinitionImpl.java:30)
at sridharpolu.stepDefinition.StepDefinitionImpl.launchApplication(StepDefinitionImpl.java:30)
at sridharpolu.stepDefinition.StepDefinitionImpl.launchApplication(StepDefinitionImpl.java:30)
at sridharpolu.stepDefinition.StepDefinitionImpl.launchApplication(StepDefinitionImpl.java:30)
at sridharpolu.stepDefinition.StepDefinitionImpl.launchApplication(StepDefinitionImpl.java:30)
at sridharpolu.stepDefinition.StepDefinitionImpl.launchApplication(StepDefinitionImpl.java:30)
at sridharpolu.stepDefinition.StepDefinitionImpl.launchApplication(StepDefinitionImpl.java:30)
at sridharpolu.stepDefinition.StepDefinitionImpl.launchApplication(StepDefinitionImpl.java:30)
at sridharpolu.stepDefinition.StepDefinitionImpl.launchApplication(StepDefinitionImpl.java:30)
at sridharpolu.stepDefinition.StepDefinitionImpl.launchApplication(StepDefinitionImpl.java:30)
at sridharpolu.stepDefinition.StepDefinitionImpl.launchApplication(StepDefinitionImpl.java:30)
at sridharpolu.stepDefinition.StepDefinitionImpl.launchApplication(StepDefinitionImpl.java:30)
at sridharpolu.stepDefinition.StepDefinitionImpl.launchApplication(StepDefinitionImpl.java:30)
at sridharpolu.stepDefinition.StepDefinitionImpl.launchApplication(StepDefinitionImpl.java:30)
at sridharpolu.stepDefinition.StepDefinitionImpl.launchApplication(StepDefinitionImpl.java:30)
at sridharpolu.stepDefinition.StepDefinitionImpl.launchApplication(StepDefinitionImpl.java:30)
at sridharpolu.stepDefinition.StepDefinitionImpl.launchApplication(StepDefinitionImpl.java:30)
at sridharpolu.stepDefinition.StepDefinitionImpl.launchApplication(StepDefinitionImpl.java:30)
at sridharpolu.stepDefinition.StepDefinitionImpl.launchApplication(StepDefinitionImpl.java:30)
at sridharpolu.stepDefinition.StepDefinitionImpl.launchApplication(StepDefinitionImpl.java:30)
at sridharpolu.stepDefinition.StepDefinitionImpl.launchApplication(StepDefinitionImpl.java:30)
at sridharpolu.stepDefinition.StepDefinitionImpl.launchApplication(StepDefinitionImpl.java:30)
at sridharpolu.stepDefinition.StepDefinitionImpl.launchApplication(StepDefinitionImpl.java:30)
at sridharpolu.stepDefinition.StepDefinitionImpl.launchApplication(StepDefinitionImpl.java:30)
at sridharpolu.stepDefinition.StepDefinitionImpl.launchApplication(StepDefinitionImpl.java:30)
at sridharpolu.stepDefinition.StepDefinitionImpl.launchApplication(StepDefinitionImpl.java:30)
at sridharpolu.stepDefinition.StepDefinitionImpl.launchApplication(StepDefinitionImpl.java:30)
at sridharpolu.stepDefinition.StepDefinitionImpl.launchApplication(StepDefinitionImpl.java:30)
at sridharpolu.stepDefinition.StepDefinitionImpl.launchApplication(StepDefinitionImpl.java:30)
at sridharpolu.stepDefinition.StepDefinitionImpl.launchApplication(StepDefinitionImpl.java:30)
at sridharpolu.stepDefinition.StepDefinitionImpl.launchApplication(StepDefinitionImpl.java:30)
at sridharpolu.stepDefinition.StepDefinitionImpl.launchApplication(StepDefinitionImpl.java:30)
at sridharpolu.stepDefinition.StepDefinitionImpl.launchApplication(StepDefinitionImpl.java:30)
at sridharpolu.stepDefinition.StepDefinitionImpl.launchApplication(StepDefinitionImpl.java:30)
at sridharpolu.stepDefinition.StepDefinitionImpl.launchApplication(StepDefinitionImpl.java:30)
at sridharpolu.stepDefinition.StepDefinitionImpl.launchApplication(StepDefinitionImpl.java:30)
at sridharpolu.stepDefinition.StepDefinitionImpl.launchApplication(StepDefinitionImpl.java:30)
at sridharpolu.stepDefinition.StepDefinitionImpl.launchApplication(StepDefinitionImpl.java:30)
at sridharpolu.stepDefinition.StepDefinitionImpl.launchApplication(StepDefinitionImpl.java:30)
at sridharpolu.stepDefinition.StepDefinitionImpl.launchApplication(StepDefinitionImpl.java:30)
at sridharpolu.stepDefinition.StepDefinitionImpl.launchApplication(StepDefinitionImpl.java:30)
at sridharpolu.stepDefinition.StepDefinitionImpl.launchApplication(StepDefinitionImpl.java:30)
at sridharpolu.stepDefinition.StepDefinitionImpl.launchApplication(StepDefinitionImpl.java:30)
at sridharpolu.stepDefinition.StepDefinitionImpl.launchApplication(StepDefinitionImpl.java:30)
at sridharpolu.stepDefinition.StepDefinitionImpl.launchApplication(StepDefinitionImpl.java:30)
at sridharpolu.stepDefinition.StepDefinitionImpl.launchApplication(StepDefinitionImpl.java:30)
at sridharpolu.stepDefinition.StepDefinitionImpl.launchApplication(StepDefinitionImpl.java:30)
at sridharpolu.stepDefinition.StepDefinitionImpl.launchApplication(StepDefinitionImpl.java:30)
at sridharpolu.stepDefinition.StepDefinitionImpl.launchApplication(StepDefinitionImpl.java:30)
at sridharpolu.stepDefinition.StepDefinitionImpl.launchApplication(StepDefinitionImpl.java:30)
at sridharpolu.stepDefinition.StepDefinitionImpl.launchApplication(StepDefinitionImpl.java:30)
at sridharpolu.stepDefinition.StepDefinitionImpl.launchApplication(StepDefinitionImpl.java:30)
at sridharpolu.stepDefinition.StepDefinitionImpl.launchApplication(StepDefinitionImpl.java:30)
at sridharpolu.stepDefinition.StepDefinitionImpl.launchApplication(StepDefinitionImpl.java:30)
at sridharpolu.stepDefinition.StepDefinitionImpl.launchApplication(StepDefinitionImpl.java:30)
at sridharpolu.stepDefinition.StepDefinitionImpl.launchApplication(StepDefinitionImpl.java:30)
at sridharpolu.stepDefinition.StepDefinitionImpl.launchApplication(StepDefinitionImpl.java:30)
at sridharpolu.stepDefinition.StepDefinitionImpl.launchApplication(StepDefinitionImpl.java:30)
at sridharpolu.stepDefinition.StepDefinitionImpl.launchApplication(StepDefinitionImpl.java:30)
at sridharpolu.stepDefinition.StepDefinitionImpl.launchApplication(StepDefinitionImpl.java:30)
at sridharpolu.stepDefinition.StepDefinitionImpl.launchApplication(StepDefinitionImpl.java:30)
at sridharpolu.stepDefinition.StepDefinitionImpl.launchApplication(StepDefinitionImpl.java:30)
at sridharpolu.stepDefinition.StepDefinitionImpl.launchApplication(StepDefinitionImpl.java:30)
at sridharpolu.stepDefinition.StepDefinitionImpl.launchApplication(StepDefinitionImpl.java:30)
at sridharpolu.stepDefinition.StepDefinitionImpl.launchApplication(StepDefinitionImpl.java:30)
at sridharpolu.stepDefinition.StepDefinitionImpl.launchApplication(StepDefinitionImpl.java:30)
at sridharpolu.stepDefinition.StepDefinitionImpl.launchApplication(StepDefinitionImpl.java:30)
at sridharpolu.stepDefinition.StepDefinitionImpl.launchApplication(StepDefinitionImpl.java:30)
at sridharpolu.stepDefinition.StepDefinitionImpl.launchApplication(StepDefinitionImpl.java:30)
at sridharpolu.stepDefinition.StepDefinitionImpl.launchApplication(StepDefinitionImpl.java:30)
at sridharpolu.stepDefinition.StepDefinitionImpl.launchApplication(StepDefinitionImpl.java:30)
at sridharpolu.stepDefinition.StepDefinitionImpl.launchApplication(StepDefinitionImpl.java:30)
at sridharpolu.stepDefinition.StepDefinitionImpl.launchApplication(StepDefinitionImpl.java:30)
at sridharpolu.stepDefinition.StepDefinitionImpl.launchApplication(StepDefinitionImpl.java:30)
at sridharpolu.stepDefinition.StepDefinitionImpl.launchApplication(StepDefinitionImpl.java:30)
at sridharpolu.stepDefinition.StepDefinitionImpl.launchApplication(StepDefinitionImpl.java:30)
at sridharpolu.stepDefinition.StepDefinitionImpl.launchApplication(StepDefinitionImpl.java:30)
at sridharpolu.stepDefinition.StepDefinitionImpl.launchApplication(StepDefinitionImpl.java:30)
at sridharpolu.stepDefinition.StepDefinitionImpl.launchApplication(StepDefinitionImpl.java:30)
at sridharpolu.stepDefinition.StepDefinitionImpl.launchApplication(StepDefinitionImpl.java:30)
at sridharpolu.stepDefinition.StepDefinitionImpl.launchApplication(StepDefinitionImpl.java:30)
at sridharpolu.stepDefinition.StepDefinitionImpl.launchApplication(StepDefinitionImpl.java:30)
at sridharpolu.stepDefinition.StepDefinitionImpl.launchApplication(StepDefinitionImpl.java:30)
at sridharpolu.stepDefinition.StepDefinitionImpl.launchApplication(StepDefinitionImpl.java:30)
at sridharpolu.stepDefinition.StepDefinitionImpl.launchApplication(StepDefinitionImpl.java:30)
at sridharpolu.stepDefinition.StepDefinitionImpl.launchApplication(StepDefinitionImpl.java:30)
at sridharpolu.stepDefinition.StepDefinitionImpl.launchApplication(StepDefinitionImpl.java:30)
at sridharpolu.stepDefinition.StepDefinitionImpl.launchApplication(StepDefinitionImpl.java:30)
at sridharpolu.stepDefinition.StepDefinitionImpl.launchApplication(StepDefinitionImpl.java:30)
at sridharpolu.stepDefinition.StepDefinitionImpl.launchApplication(StepDefinitionImpl.java:30)
at sridharpolu.stepDefinition.StepDefinitionImpl.launchApplication(StepDefinitionImpl.java:30)
at sridharpolu.stepDefinition.StepDefinitionImpl.launchApplication(StepDefinitionImpl.java:30)
at sridharpolu.stepDefinition.StepDefinitionImpl.launchApplication(StepDefinitionImpl.java:30)
at sridharpolu.stepDefinition.StepDefinitionImpl.launchApplication(StepDefinitionImpl.java:30)
at sridharpolu.stepDefinition.StepDefinitionImpl.launchApplication(StepDefinitionImpl.java:30)
at sridharpolu.stepDefinition.StepDefinitionImpl.launchApplication(StepDefinitionImpl.java:30)
at sridharpolu.stepDefinition.StepDefinitionImpl.launchApplication(StepDefinitionImpl.java:30)
at sridharpolu.stepDefinition.StepDefinitionImpl.launchApplication(StepDefinitionImpl.java:30)
at sridharpolu.stepDefinition.StepDefinitionImpl.launchApplication(StepDefinitionImpl.java:30)
at sridharpolu.stepDefinition.StepDefinitionImpl.launchApplication(StepDefinitionImpl.java:30)
at sridharpolu.stepDefinition.StepDefinitionImpl.launchApplication(StepDefinitionImpl.java:30)
at sridharpolu.stepDefinition.StepDefinitionImpl.launchApplication(StepDefinitionImpl.java:30)
at sridharpolu.stepDefinition.StepDefinitionImpl.launchApplication(StepDefinitionImpl.java:30)
at sridharpolu.stepDefinition.StepDefinitionImpl.launchApplication(StepDefinitionImpl.java:30)
at sridharpolu.stepDefinition.StepDefinitionImpl.launchApplication(StepDefinitionImpl.java:30)
at sridharpolu.stepDefinition.StepDefinitionImpl.launchApplication(StepDefinitionImpl.java:30)
at sridharpolu.stepDefinition.StepDefinitionImpl.launchApplication(StepDefinitionImpl.java:30)
at sridharpolu.stepDefinition.StepDefinitionImpl.launchApplication(StepDefinitionImpl.java:30)
at sridharpolu.stepDefinition.StepDefinitionImpl.launchApplication(StepDefinitionImpl.java:30)
at sridharpolu.stepDefinition.StepDefinitionImpl.launchApplication(StepDefinitionImpl.java:30)
at sridharpolu.stepDefinition.StepDefinitionImpl.launchApplication(StepDefinitionImpl.java:30)
at sridharpolu.stepDefinition.StepDefinitionImpl.launchApplication(StepDefinitionImpl.java:30)
at sridharpolu.stepDefinition.StepDefinitionImpl.launchApplication(StepDefinitionImpl.java:30)
at sridharpolu.stepDefinition.StepDefinitionImpl.launchApplication(StepDefinitionImpl.java:30)
at sridharpolu.stepDefinition.StepDefinitionImpl.launchApplication(StepDefinitionImpl.java:30)
at sridharpolu.stepDefinition.StepDefinitionImpl.launchApplication(StepDefinitionImpl.java:30)
at sridharpolu.stepDefinition.StepDefinitionImpl.launchApplication(StepDefinitionImpl.java:30)
at sridharpolu.stepDefinition.StepDefinitionImpl.launchApplication(StepDefinitionImpl.java:30)
at sridharpolu.stepDefinition.StepDefinitionImpl.launchApplication(StepDefinitionImpl.java:30)
at sridharpolu.stepDefinition.StepDefinitionImpl.launchApplication(StepDefinitionImpl.java:30)
at sridharpolu.stepDefinition.StepDefinitionImpl.launchApplication(StepDefinitionImpl.java:30)
at sridharpolu.stepDefinition.StepDefinitionImpl.launchApplication(StepDefinitionImpl.java:30)
at sridharpolu.stepDefinition.StepDefinitionImpl.launchApplication(StepDefinitionImpl.java:30)
at sridharpolu.stepDefinition.StepDefinitionImpl.launchApplication(StepDefinitionImpl.java:30)
at sridharpolu.stepDefinition.StepDefinitionImpl.launchApplication(StepDefinitionImpl.java:30)
at sridharpolu.stepDefinition.StepDefinitionImpl.launchApplication(StepDefinitionImpl.java:30)
at sridharpolu.stepDefinition.StepDefinitionImpl.launchApplication(StepDefinitionImpl.java:30)
at sridharpolu.stepDefinition.StepDefinitionImpl.launchApplication(StepDefinitionImpl.java:30)
at sridharpolu.stepDefinition.StepDefinitionImpl.launchApplication(StepDefinitionImpl.java:30)
at sridharpolu.stepDefinition.StepDefinitionImpl.launchApplication(StepDefinitionImpl.java:30)
at sridharpolu.stepDefinition.StepDefinitionImpl.launchApplication(StepDefinitionImpl.java:30)
at sridharpolu.stepDefinition.StepDefinitionImpl.launchApplication(StepDefinitionImpl.java:30)
at sridharpolu.stepDefinition.StepDefinitionImpl.launchApplication(StepDefinitionImpl.java:30)
at sridharpolu.stepDefinition.StepDefinitionImpl.launchApplication(StepDefinitionImpl.java:30)
at sridharpolu.stepDefinition.StepDefinitionImpl.launchApplication(StepDefinitionImpl.java:30)
at sridharpolu.stepDefinition.StepDefinitionImpl.launchApplication(StepDefinitionImpl.java:30)
at sridharpolu.stepDefinition.StepDefinitionImpl.launchApplication(StepDefinitionImpl.java:30)
at sridharpolu.stepDefinition.StepDefinitionImpl.launchApplication(StepDefinitionImpl.java:30)
at sridharpolu.stepDefinition.StepDefinitionImpl.launchApplication(StepDefinitionImpl.java:30)
at sridharpolu.stepDefinition.StepDefinitionImpl.launchApplication(StepDefinitionImpl.java:30)
at sridharpolu.stepDefinition.StepDefinitionImpl.launchApplication(StepDefinitionImpl.java:30)
at sridharpolu.stepDefinition.StepDefinitionImpl.launchApplication(StepDefinitionImpl.java:30)
at sridharpolu.stepDefinition.StepDefinitionImpl.launchApplication(StepDefinitionImpl.java:30)
at sridharpolu.stepDefinition.StepDefinitionImpl.launchApplication(StepDefinitionImpl.java:30)
at sridharpolu.stepDefinition.StepDefinitionImpl.launchApplication(StepDefinitionImpl.java:30)
at sridharpolu.stepDefinition.StepDefinitionImpl.launchApplication(StepDefinitionImpl.java:30)
at sridharpolu.stepDefinition.StepDefinitionImpl.launchApplication(StepDefinitionImpl.java:30)
at sridharpolu.stepDefinition.StepDefinitionImpl.launchApplication(StepDefinitionImpl.java:30)
at sridharpolu.stepDefinition.StepDefinitionImpl.launchApplication(StepDefinitionImpl.java:30)
at sridharpolu.stepDefinition.StepDefinitionImpl.launchApplication(StepDefinitionImpl.java:30)
at sridharpolu.stepDefinition.StepDefinitionImpl.launchApplication(StepDefinitionImpl.java:30)
at sridharpolu.stepDefinition.StepDefinitionImpl.launchApplication(StepDefinitionImpl.java:30)
at sridharpolu.stepDefinition.StepDefinitionImpl.launchApplication(StepDefinitionImpl.java:30)
at sridharpolu.stepDefinition.StepDefinitionImpl.launchApplication(StepDefinitionImpl.java:30)
at sridharpolu.stepDefinition.StepDefinitionImpl.launchApplication(StepDefinitionImpl.java:30)
at sridharpolu.stepDefinition.StepDefinitionImpl.launchApplication(StepDefinitionImpl.java:30)
at sridharpolu.stepDefinition.StepDefinitionImpl.launchApplication(StepDefinitionImpl.java:30)
at sridharpolu.stepDefinition.StepDefinitionImpl.launchApplication(StepDefinitionImpl.java:30)
at sridharpolu.stepDefinition.StepDefinitionImpl.launchApplication(StepDefinitionImpl.java:30)
at sridharpolu.stepDefinition.StepDefinitionImpl.launchApplication(StepDefinitionImpl.java:30)
at sridharpolu.stepDefinition.StepDefinitionImpl.launchApplication(StepDefinitionImpl.java:30)
at sridharpolu.stepDefinition.StepDefinitionImpl.launchApplication(StepDefinitionImpl.java:30)
at sridharpolu.stepDefinition.StepDefinitionImpl.launchApplication(StepDefinitionImpl.java:30)
at sridharpolu.stepDefinition.StepDefinitionImpl.launchApplication(StepDefinitionImpl.java:30)
at sridharpolu.stepDefinition.StepDefinitionImpl.launchApplication(StepDefinitionImpl.java:30)
at sridharpolu.stepDefinition.StepDefinitionImpl.launchApplication(StepDefinitionImpl.java:30)
at sridharpolu.stepDefinition.StepDefinitionImpl.launchApplication(StepDefinitionImpl.java:30)
at sridharpolu.stepDefinition.StepDefinitionImpl.launchApplication(StepDefinitionImpl.java:30)
at sridharpolu.stepDefinition.StepDefinitionImpl.launchApplication(StepDefinitionImpl.java:30)
at sridharpolu.stepDefinition.StepDefinitionImpl.launchApplication(StepDefinitionImpl.java:30)
at sridharpolu.stepDefinition.StepDefinitionImpl.launchApplication(StepDefinitionImpl.java:30)
at sridharpolu.stepDefinition.StepDefinitionImpl.launchApplication(StepDefinitionImpl.java:30)
at sridharpolu.stepDefinition.StepDefinitionImpl.launchApplication(StepDefinitionImpl.java:30)
at sridharpolu.stepDefinition.StepDefinitionImpl.launchApplication(StepDefinitionImpl.java:30)
at sridharpolu.stepDefinition.StepDefinitionImpl.launchApplication(StepDefinitionImpl.java:30)
at sridharpolu.stepDefinition.StepDefinitionImpl.launchApplication(StepDefinitionImpl.java:30)
at sridharpolu.stepDefinition.StepDefinitionImpl.launchApplication(StepDefinitionImpl.java:30)
at sridharpolu.stepDefinition.StepDefinitionImpl.launchApplication(StepDefinitionImpl.java:30)
at sridharpolu.stepDefinition.StepDefinitionImpl.launchApplication(StepDefinitionImpl.java:30)
at sridharpolu.stepDefinition.StepDefinitionImpl.launchApplication(StepDefinitionImpl.java:30)
at sridharpolu.stepDefinition.StepDefinitionImpl.launchApplication(StepDefinitionImpl.java:30)
at sridharpolu.stepDefinition.StepDefinitionImpl.launchApplication(StepDefinitionImpl.java:30)
at sridharpolu.stepDefinition.StepDefinitionImpl.launchApplication(StepDefinitionImpl.java:30)
at sridharpolu.stepDefinition.StepDefinitionImpl.launchApplication(StepDefinitionImpl.java:30)
at sridharpolu.stepDefinition.StepDefinitionImpl.launchApplication(StepDefinitionImpl.java:30)
at sridharpolu.stepDefinition.StepDefinitionImpl.launchApplication(StepDefinitionImpl.java:30)
at sridharpolu.stepDefinition.StepDefinitionImpl.launchApplication(StepDefinitionImpl.java:30)
at sridharpolu.stepDefinition.StepDefinitionImpl.launchApplication(StepDefinitionImpl.java:30)
at sridharpolu.stepDefinition.StepDefinitionImpl.launchApplication(StepDefinitionImpl.java:30)
at sridharpolu.stepDefinition.StepDefinitionImpl.launchApplication(StepDefinitionImpl.java:30)
at sridharpolu.stepDefinition.StepDefinitionImpl.launchApplication(StepDefinitionImpl.java:30)
at sridharpolu.stepDefinition.StepDefinitionImpl.launchApplication(StepDefinitionImpl.java:30)
at sridharpolu.stepDefinition.StepDefinitionImpl.launchApplication(StepDefinitionImpl.java:30)
at sridharpolu.stepDefinition.StepDefinitionImpl.launchApplication(StepDefinitionImpl.java:30)
at sridharpolu.stepDefinition.StepDefinitionImpl.launchApplication(StepDefinitionImpl.java:30)
at sridharpolu.stepDefinition.StepDefinitionImpl.launchApplication(StepDefinitionImpl.java:30)
at sridharpolu.stepDefinition.StepDefinitionImpl.launchApplication(StepDefinitionImpl.java:30)
at sridharpolu.stepDefinition.StepDefinitionImpl.launchApplication(StepDefinitionImpl.java:30)
at sridharpolu.stepDefinition.StepDefinitionImpl.launchApplication(StepDefinitionImpl.java:30)
at sridharpolu.stepDefinition.StepDefinitionImpl.launchApplication(StepDefinitionImpl.java:30)
at sridharpolu.stepDefinition.StepDefinitionImpl.launchApplication(StepDefinitionImpl.java:30)
at sridharpolu.stepDefinition.StepDefinitionImpl.launchApplication(StepDefinitionImpl.java:30)
at sridharpolu.stepDefinition.StepDefinitionImpl.launchApplication(StepDefinitionImpl.java:30)
at sridharpolu.stepDefinition.StepDefinitionImpl.launchApplication(StepDefinitionImpl.java:30)
at sridharpolu.stepDefinition.StepDefinitionImpl.launchApplication(StepDefinitionImpl.java:30)
at sridharpolu.stepDefinition.StepDefinitionImpl.launchApplication(StepDefinitionImpl.java:30)
at sridharpolu.stepDefinition.StepDefinitionImpl.launchApplication(StepDefinitionImpl.java:30)
at sridharpolu.stepDefinition.StepDefinitionImpl.launchApplication(StepDefinitionImpl.java:30)
at sridharpolu.stepDefinition.StepDefinitionImpl.launchApplication(StepDefinitionImpl.java:30)
at sridharpolu.stepDefinition.StepDefinitionImpl.launchApplication(StepDefinitionImpl.java:30)
at sridharpolu.stepDefinition.StepDefinitionImpl.launchApplication(StepDefinitionImpl.java:30)
at sridharpolu.stepDefinition.StepDefinitionImpl.launchApplication(StepDefinitionImpl.java:30)
at sridharpolu.stepDefinition.StepDefinitionImpl.launchApplication(StepDefinitionImpl.java:30)
at sridharpolu.stepDefinition.StepDefinitionImpl.launchApplication(StepDefinitionImpl.java:30)
at sridharpolu.stepDefinition.StepDefinitionImpl.launchApplication(StepDefinitionImpl.java:30)
at sridharpolu.stepDefinition.StepDefinitionImpl.launchApplication(StepDefinitionImpl.java:30)
at sridharpolu.stepDefinition.StepDefinitionImpl.launchApplication(StepDefinitionImpl.java:30)
at sridharpolu.stepDefinition.StepDefinitionImpl.launchApplication(StepDefinitionImpl.java:30)
at sridharpolu.stepDefinition.StepDefinitionImpl.launchApplication(StepDefinitionImpl.java:30)
at sridharpolu.stepDefinition.StepDefinitionImpl.launchApplication(StepDefinitionImpl.java:30)
at sridharpolu.stepDefinition.StepDefinitionImpl.launchApplication(StepDefinitionImpl.java:30)
at sridharpolu.stepDefinition.StepDefinitionImpl.launchApplication(StepDefinitionImpl.java:30)
at sridharpolu.stepDefinition.StepDefinitionImpl.launchApplication(StepDefinitionImpl.java:30)
at sridharpolu.stepDefinition.StepDefinitionImpl.launchApplication(StepDefinitionImpl.java:30)
at sridharpolu.stepDefinition.StepDefinitionImpl.launchApplication(StepDefinitionImpl.java:30)
at sridharpolu.stepDefinition.StepDefinitionImpl.launchApplication(StepDefinitionImpl.java:30)
at sridharpolu.stepDefinition.StepDefinitionImpl.launchApplication(StepDefinitionImpl.java:30)
at sridharpolu.stepDefinition.StepDefinitionImpl.launchApplication(StepDefinitionImpl.java:30)
at sridharpolu.stepDefinition.StepDefinitionImpl.launchApplication(StepDefinitionImpl.java:30)
at sridharpolu.stepDefinition.StepDefinitionImpl.launchApplication(StepDefinitionImpl.java:30)
at sridharpolu.stepDefinition.StepDefinitionImpl.launchApplication(StepDefinitionImpl.java:30)
at sridharpolu.stepDefinition.StepDefinitionImpl.launchApplication(StepDefinitionImpl.java:30)
at sridharpolu.stepDefinition.StepDefinitionImpl.launchApplication(StepDefinitionImpl.java:30)
at sridharpolu.stepDefinition.StepDefinitionImpl.launchApplication(StepDefinitionImpl.java:30)
at sridharpolu.stepDefinition.StepDefinitionImpl.launchApplication(StepDefinitionImpl.java:30)
at sridharpolu.stepDefinition.StepDefinitionImpl.launchApplication(StepDefinitionImpl.java:30)
at sridharpolu.stepDefinition.StepDefinitionImpl.launchApplication(StepDefinitionImpl.java:30)
at sridharpolu.stepDefinition.StepDefinitionImpl.launchApplication(StepDefinitionImpl.java:30)
at sridharpolu.stepDefinition.StepDefinitionImpl.launchApplication(StepDefinitionImpl.java:30)
at sridharpolu.stepDefinition.StepDefinitionImpl.launchApplication(StepDefinitionImpl.java:30)
at sridharpolu.stepDefinition.StepDefinitionImpl.launchApplication(StepDefinitionImpl.java:30)
at sridharpolu.stepDefinition.StepDefinitionImpl.launchApplication(StepDefinitionImpl.java:30)
at sridharpolu.stepDefinition.StepDefinitionImpl.launchApplication(StepDefinitionImpl.java:30)
at sridharpolu.stepDefinition.StepDefinitionImpl.launchApplication(StepDefinitionImpl.java:30)
at sridharpolu.stepDefinition.StepDefinitionImpl.launchApplication(StepDefinitionImpl.java:30)
at sridharpolu.stepDefinition.StepDefinitionImpl.launchApplication(StepDefinitionImpl.java:30)
at sridharpolu.stepDefinition.StepDefinitionImpl.launchApplication(StepDefinitionImpl.java:30)
at sridharpolu.stepDefinition.StepDefinitionImpl.launchApplication(StepDefinitionImpl.java:30)
at sridharpolu.stepDefinition.StepDefinitionImpl.launchApplication(StepDefinitionImpl.java:30)
at sridharpolu.stepDefinition.StepDefinitionImpl.launchApplication(StepDefinitionImpl.java:30)
at sridharpolu.stepDefinition.StepDefinitionImpl.launchApplication(StepDefinitionImpl.java:30)
at sridharpolu.stepDefinition.StepDefinitionImpl.launchApplication(StepDefinitionImpl.java:30)
at sridharpolu.stepDefinition.StepDefinitionImpl.launchApplication(StepDefinitionImpl.java:30)
at sridharpolu.stepDefinition.StepDefinitionImpl.launchApplication(StepDefinitionImpl.java:30)
at sridharpolu.stepDefinition.StepDefinitionImpl.launchApplication(StepDefinitionImpl.java:30)
at sridharpolu.stepDefinition.StepDefinitionImpl.launchApplication(StepDefinitionImpl.java:30)
at sridharpolu.stepDefinition.StepDefinitionImpl.launchApplication(StepDefinitionImpl.java:30)
at sridharpolu.stepDefinition.StepDefinitionImpl.launchApplication(StepDefinitionImpl.java:30)
at sridharpolu.stepDefinition.StepDefinitionImpl.launchApplication(StepDefinitionImpl.java:30)
at sridharpolu.stepDefinition.StepDefinitionImpl.launchApplication(StepDefinitionImpl.java:30)
at sridharpolu.stepDefinition.StepDefinitionImpl.launchApplication(StepDefinitionImpl.java:30)
at sridharpolu.stepDefinition.StepDefinitionImpl.launchApplication(StepDefinitionImpl.java:30)
at sridharpolu.stepDefinition.StepDefinitionImpl.launchApplication(StepDefinitionImpl.java:30)
at sridharpolu.stepDefinition.StepDefinitionImpl.launchApplication(StepDefinitionImpl.java:30)
at sridharpolu.stepDefinition.StepDefinitionImpl.launchApplication(StepDefinitionImpl.java:30)
at sridharpolu.stepDefinition.StepDefinitionImpl.launchApplication(StepDefinitionImpl.java:30)
at sridharpolu.stepDefinition.StepDefinitionImpl.launchApplication(StepDefinitionImpl.java:30)
at sridharpolu.stepDefinition.StepDefinitionImpl.launchApplication(StepDefinitionImpl.java:30)
at sridharpolu.stepDefinition.StepDefinitionImpl.launchApplication(StepDefinitionImpl.java:30)
at sridharpolu.stepDefinition.StepDefinitionImpl.launchApplication(StepDefinitionImpl.java:30)
at sridharpolu.stepDefinition.StepDefinitionImpl.launchApplication(StepDefinitionImpl.java:30)
at sridharpolu.stepDefinition.StepDefinitionImpl.launchApplication(StepDefinitionImpl.java:30)
at sridharpolu.stepDefinition.StepDefinitionImpl.launchApplication(StepDefinitionImpl.java:30)
at sridharpolu.stepDefinition.StepDefinitionImpl.launchApplication(StepDefinitionImpl.java:30)
at sridharpolu.stepDefinition.StepDefinitionImpl.launchApplication(StepDefinitionImpl.java:30)
at sridharpolu.stepDefinition.StepDefinitionImpl.launchApplication(StepDefinitionImpl.java:30)
at sridharpolu.stepDefinition.StepDefinitionImpl.launchApplication(StepDefinitionImpl.java:30)
at sridharpolu.stepDefinition.StepDefinitionImpl.launchApplication(StepDefinitionImpl.java:30)
at sridharpolu.stepDefinition.StepDefinitionImpl.launchApplication(StepDefinitionImpl.java:30)
at sridharpolu.stepDefinition.StepDefinitionImpl.launchApplication(StepDefinitionImpl.java:30)
at sridharpolu.stepDefinition.StepDefinitionImpl.launchApplication(StepDefinitionImpl.java:30)
at sridharpolu.stepDefinition.StepDefinitionImpl.launchApplication(StepDefinitionImpl.java:30)
at sridharpolu.stepDefinition.StepDefinitionImpl.launchApplication(StepDefinitionImpl.java:30)
at sridharpolu.stepDefinition.StepDefinitionImpl.launchApplication(StepDefinitionImpl.java:30)
at sridharpolu.stepDefinition.StepDefinitionImpl.launchApplication(StepDefinitionImpl.java:30)
at sridharpolu.stepDefinition.StepDefinitionImpl.launchApplication(StepDefinitionImpl.java:30)
at sridharpolu.stepDefinition.StepDefinitionImpl.launchApplication(StepDefinitionImpl.java:30)
at sridharpolu.stepDefinition.StepDefinitionImpl.launchApplication(StepDefinitionImpl.java:30)
at sridharpolu.stepDefinition.StepDefinitionImpl.launchApplication(StepDefinitionImpl.java:30)
at sridharpolu.stepDefinition.StepDefinitionImpl.launchApplication(StepDefinitionImpl.java:30)
at sridharpolu.stepDefinition.StepDefinitionImpl.launchApplication(StepDefinitionImpl.java:30)
at sridharpolu.stepDefinition.StepDefinitionImpl.launchApplication(StepDefinitionImpl.java:30)
at sridharpolu.stepDefinition.StepDefinitionImpl.launchApplication(StepDefinitionImpl.java:30)
at sridharpolu.stepDefinition.StepDefinitionImpl.launchApplication(StepDefinitionImpl.java:30)
at sridharpolu.stepDefinition.StepDefinitionImpl.launchApplication(StepDefinitionImpl.java:30)
at sridharpolu.stepDefinition.StepDefinitionImpl.launchApplication(StepDefinitionImpl.java:30)
at sridharpolu.stepDefinition.StepDefinitionImpl.launchApplication(StepDefinitionImpl.java:30)
at sridharpolu.stepDefinition.StepDefinitionImpl.launchApplication(StepDefinitionImpl.java:30)
at sridharpolu.stepDefinition.StepDefinitionImpl.launchApplication(StepDefinitionImpl.java:30)
at sridharpolu.stepDefinition.StepDefinitionImpl.launchApplication(StepDefinitionImpl.java:30)
at sridharpolu.stepDefinition.StepDefinitionImpl.launchApplication(StepDefinitionImpl.java:30)
at sridharpolu.stepDefinition.StepDefinitionImpl.launchApplication(StepDefinitionImpl.java:30)
at sridharpolu.stepDefinition.StepDefinitionImpl.launchApplication(StepDefinitionImpl.java:30)
at sridharpolu.stepDefinition.StepDefinitionImpl.launchApplication(StepDefinitionImpl.java:30)
at sridharpolu.stepDefinition.StepDefinitionImpl.launchApplication(StepDefinitionImpl.java:30)
at sridharpolu.stepDefinition.StepDefinitionImpl.launchApplication(StepDefinitionImpl.java:30)
at sridharpolu.stepDefinition.StepDefinitionImpl.launchApplication(StepDefinitionImpl.java:30)
at sridharpolu.stepDefinition.StepDefinitionImpl.launchApplication(StepDefinitionImpl.java:30)
at sridharpolu.stepDefinition.StepDefinitionImpl.launchApplication(StepDefinitionImpl.java:30)
at sridharpolu.stepDefinition.StepDefinitionImpl.launchApplication(StepDefinitionImpl.java:30)
at sridharpolu.stepDefinition.StepDefinitionImpl.launchApplication(StepDefinitionImpl.java:30)
at sridharpolu.stepDefinition.StepDefinitionImpl.launchApplication(StepDefinitionImpl.java:30)
at sridharpolu.stepDefinition.StepDefinitionImpl.launchApplication(StepDefinitionImpl.java:30)
at sridharpolu.stepDefinition.StepDefinitionImpl.launchApplication(StepDefinitionImpl.java:30)
at sridharpolu.stepDefinition.StepDefinitionImpl.launchApplication(StepDefinitionImpl.java:30)
at sridharpolu.stepDefinition.StepDefinitionImpl.launchApplication(StepDefinitionImpl.java:30)
at sridharpolu.stepDefinition.StepDefinitionImpl.launchApplication(StepDefinitionImpl.java:30)
at sridharpolu.stepDefinition.StepDefinitionImpl.launchApplication(StepDefinitionImpl.java:30)
at sridharpolu.stepDefinition.StepDefinitionImpl.launchApplication(StepDefinitionImpl.java:30)
at sridharpolu.stepDefinition.StepDefinitionImpl.launchApplication(StepDefinitionImpl.java:30)
at sridharpolu.stepDefinition.StepDefinitionImpl.launchApplication(StepDefinitionImpl.java:30)
at sridharpolu.stepDefinition.StepDefinitionImpl.launchApplication(StepDefinitionImpl.java:30)
at sridharpolu.stepDefinition.StepDefinitionImpl.launchApplication(StepDefinitionImpl.java:30)
at sridharpolu.stepDefinition.StepDefinitionImpl.launchApplication(StepDefinitionImpl.java:30)
at sridharpolu.stepDefinition.StepDefinitionImpl.launchApplication(StepDefinitionImpl.java:30)
at sridharpolu.stepDefinition.StepDefinitionImpl.launchApplication(StepDefinitionImpl.java:30)
at sridharpolu.stepDefinition.StepDefinitionImpl.launchApplication(StepDefinitionImpl.java:30)
at sridharpolu.stepDefinition.StepDefinitionImpl.launchApplication(StepDefinitionImpl.java:30)
at sridharpolu.stepDefinition.StepDefinitionImpl.launchApplication(StepDefinitionImpl.java:30)
at sridharpolu.stepDefinition.StepDefinitionImpl.launchApplication(StepDefinitionImpl.java:30)
at sridharpolu.stepDefinition.StepDefinitionImpl.launchApplication(StepDefinitionImpl.java:30)
at sridharpolu.stepDefinition.StepDefinitionImpl.launchApplication(StepDefinitionImpl.java:30)
at sridharpolu.stepDefinition.StepDefinitionImpl.launchApplication(StepDefinitionImpl.java:30)
at sridharpolu.stepDefinition.StepDefinitionImpl.launchApplication(StepDefinitionImpl.java:30)
at sridharpolu.stepDefinition.StepDefinitionImpl.launchApplication(StepDefinitionImpl.java:30)
at sridharpolu.stepDefinition.StepDefinitionImpl.launchApplication(StepDefinitionImpl.java:30)
at sridharpolu.stepDefinition.StepDefinitionImpl.launchApplication(StepDefinitionImpl.java:30)
at sridharpolu.stepDefinition.StepDefinitionImpl.launchApplication(StepDefinitionImpl.java:30)
at sridharpolu.stepDefinition.StepDefinitionImpl.launchApplication(StepDefinitionImpl.java:30)
at sridharpolu.stepDefinition.StepDefinitionImpl.launchApplication(StepDefinitionImpl.java:30)
at sridharpolu.stepDefinition.StepDefinitionImpl.launchApplication(StepDefinitionImpl.java:30)
at sridharpolu.stepDefinition.StepDefinitionImpl.launchApplication(StepDefinitionImpl.java:30)
at sridharpolu.stepDefinition.StepDefinitionImpl.launchApplication(StepDefinitionImpl.java:30)
at sridharpolu.stepDefinition.StepDefinitionImpl.launchApplication(StepDefinitionImpl.java:30)
at sridharpolu.stepDefinition.StepDefinitionImpl.launchApplication(StepDefinitionImpl.java:30)
at sridharpolu.stepDefinition.StepDefinitionImpl.launchApplication(StepDefinitionImpl.java:30)
at sridharpolu.stepDefinition.StepDefinitionImpl.launchApplication(StepDefinitionImpl.java:30)
at sridharpolu.stepDefinition.StepDefinitionImpl.launchApplication(StepDefinitionImpl.java:30)
at sridharpolu.stepDefinition.StepDefinitionImpl.launchApplication(StepDefinitionImpl.java:30)
at sridharpolu.stepDefinition.StepDefinitionImpl.launchApplication(StepDefinitionImpl.java:30)
at sridharpolu.stepDefinition.StepDefinitionImpl.launchApplication(StepDefinitionImpl.java:30)
at sridharpolu.stepDefinition.StepDefinitionImpl.launchApplication(StepDefinitionImpl.java:30)
at sridharpolu.stepDefinition.StepDefinitionImpl.launchApplication(StepDefinitionImpl.java:30)
at sridharpolu.stepDefinition.StepDefinitionImpl.launchApplication(StepDefinitionImpl.java:30)
at sridharpolu.stepDefinition.StepDefinitionImpl.launchApplication(StepDefinitionImpl.java:30)
at sridharpolu.stepDefinition.StepDefinitionImpl.launchApplication(StepDefinitionImpl.java:30)
at sridharpolu.stepDefinition.StepDefinitionImpl.launchApplication(StepDefinitionImpl.java:30)
at sridharpolu.stepDefinition.StepDefinitionImpl.launchApplication(StepDefinitionImpl.java:30)
at sridharpolu.stepDefinition.StepDefinitionImpl.launchApplication(StepDefinitionImpl.java:30)
at sridharpolu.stepDefinition.StepDefinitionImpl.launchApplication(StepDefinitionImpl.java:30)
at sridharpolu.stepDefinition.StepDefinitionImpl.launchApplication(StepDefinitionImpl.java:30)
at sridharpolu.stepDefinition.StepDefinitionImpl.launchApplication(StepDefinitionImpl.java:30)
at sridharpolu.stepDefinition.StepDefinitionImpl.launchApplication(StepDefinitionImpl.java:30)
at sridharpolu.stepDefinition.StepDefinitionImpl.launchApplication(StepDefinitionImpl.java:30)
at sridharpolu.stepDefinition.StepDefinitionImpl.launchApplication(StepDefinitionImpl.java:30)
at sridharpolu.stepDefinition.StepDefinitionImpl.launchApplication(StepDefinitionImpl.java:30)
at sridharpolu.stepDefinition.StepDefinitionImpl.launchApplication(StepDefinitionImpl.java:30)
at sridharpolu.stepDefinition.StepDefinitionImpl.launchApplication(StepDefinitionImpl.java:30)
at sridharpolu.stepDefinition.StepDefinitionImpl.launchApplication(StepDefinitionImpl.java:30)
at sridharpolu.stepDefinition.StepDefinitionImpl.launchApplication(StepDefinitionImpl.java:30)
at sridharpolu.stepDefinition.StepDefinitionImpl.launchApplication(StepDefinitionImpl.java:30)
at sridharpolu.stepDefinition.StepDefinitionImpl.launchApplication(StepDefinitionImpl.java:30)
at sridharpolu.stepDefinition.StepDefinitionImpl.launchApplication(StepDefinitionImpl.java:30)
at sridharpolu.stepDefinition.StepDefinitionImpl.launchApplication(StepDefinitionImpl.java:30)
at sridharpolu.stepDefinition.StepDefinitionImpl.launchApplication(StepDefinitionImpl.java:30)
at sridharpolu.stepDefinition.StepDefinitionImpl.launchApplication(StepDefinitionImpl.java:30)
at sridharpolu.stepDefinition.StepDefinitionImpl.launchApplication(StepDefinitionImpl.java:30)
at sridharpolu.stepDefinition.StepDefinitionImpl.launchApplication(StepDefinitionImpl.java:30)
at sridharpolu.stepDefinition.StepDefinitionImpl.launchApplication(StepDefinitionImpl.java:30)
at sridharpolu.stepDefinition.StepDefinitionImpl.launchApplication(StepDefinitionImpl.java:30)
at sridharpolu.stepDefinition.StepDefinitionImpl.launchApplication(StepDefinitionImpl.java:30)
at sridharpolu.stepDefinition.StepDefinitionImpl.launchApplication(StepDefinitionImpl.java:30)
at sridharpolu.stepDefinition.StepDefinitionImpl.launchApplication(StepDefinitionImpl.java:30)
at sridharpolu.stepDefinition.StepDefinitionImpl.launchApplication(StepDefinitionImpl.java:30)
at sridharpolu.stepDefinition.StepDefinitionImpl.launchApplication(StepDefinitionImpl.java:30)
at sridharpolu.stepDefinition.StepDefinitionImpl.launchApplication(StepDefinitionImpl.java:30)
at sridharpolu.stepDefinition.StepDefinitionImpl.launchApplication(StepDefinitionImpl.java:30)
at sridharpolu.stepDefinition.StepDefinitionImpl.launchApplication(StepDefinitionImpl.java:30)
at sridharpolu.stepDefinition.StepDefinitionImpl.launchApplication(StepDefinitionImpl.java:30)
at sridharpolu.stepDefinition.StepDefinitionImpl.launchApplication(StepDefinitionImpl.java:30)
at sridharpolu.stepDefinition.StepDefinitionImpl.launchApplication(StepDefinitionImpl.java:30)
at sridharpolu.stepDefinition.StepDefinitionImpl.launchApplication(StepDefinitionImpl.java:30)
at sridharpolu.stepDefinition.StepDefinitionImpl.launchApplication(StepDefinitionImpl.java:30)
at sridharpolu.stepDefinition.StepDefinitionImpl.launchApplication(StepDefinitionImpl.java:30)
at sridharpolu.stepDefinition.StepDefinitionImpl.launchApplication(StepDefinitionImpl.java:30)
at sridharpolu.stepDefinition.StepDefinitionImpl.launchApplication(StepDefinitionImpl.java:30)
at sridharpolu.stepDefinition.StepDefinitionImpl.launchApplication(StepDefinitionImpl.java:30)
at sridharpolu.stepDefinition.StepDefinitionImpl.launchApplication(StepDefinitionImpl.java:30)
at sridharpolu.stepDefinition.StepDefinitionImpl.launchApplication(StepDefinitionImpl.java:30)
at sridharpolu.stepDefinition.StepDefinitionImpl.launchApplication(StepDefinitionImpl.java:30)
at sridharpolu.stepDefinition.StepDefinitionImpl.launchApplication(StepDefinitionImpl.java:30)
at sridharpolu.stepDefinition.StepDefinitionImpl.launchApplication(StepDefinitionImpl.java:30)
at sridharpolu.stepDefinition.StepDefinitionImpl.launchApplication(StepDefinitionImpl.java:30)
at sridharpolu.stepDefinition.StepDefinitionImpl.launchApplication(StepDefinitionImpl.java:30)
at sridharpolu.stepDefinition.StepDefinitionImpl.launchApplication(StepDefinitionImpl.java:30)
at sridharpolu.stepDefinition.StepDefinitionImpl.launchApplication(StepDefinitionImpl.java:30)
at sridharpolu.stepDefinition.StepDefinitionImpl.launchApplication(StepDefinitionImpl.java:30)
at sridharpolu.stepDefinition.StepDefinitionImpl.launchApplication(StepDefinitionImpl.java:30)
at sridharpolu.stepDefinition.StepDefinitionImpl.launchApplication(StepDefinitionImpl.java:30)
at sridharpolu.stepDefinition.StepDefinitionImpl.launchApplication(StepDefinitionImpl.java:30)
at sridharpolu.stepDefinition.StepDefinitionImpl.launchApplication(StepDefinitionImpl.java:30)
at sridharpolu.stepDefinition.StepDefinitionImpl.launchApplication(StepDefinitionImpl.java:30)
at sridharpolu.stepDefinition.StepDefinitionImpl.launchApplication(StepDefinitionImpl.java:30)
at sridharpolu.stepDefinition.StepDefinitionImpl.launchApplication(StepDefinitionImpl.java:30)
at sridharpolu.stepDefinition.StepDefinitionImpl.launchApplication(StepDefinitionImpl.java:30)
at sridharpolu.stepDefinition.StepDefinitionImpl.launchApplication(StepDefinitionImpl.java:30)
at sridharpolu.stepDefinition.StepDefinitionImpl.launchApplication(StepDefinitionImpl.java:30)
at sridharpolu.stepDefinition.StepDefinitionImpl.launchApplication(StepDefinitionImpl.java:30)
at sridharpolu.stepDefinition.StepDefinitionImpl.launchApplication(StepDefinitionImpl.java:30)
at sridharpolu.stepDefinition.StepDefinitionImpl.launchApplication(StepDefinitionImpl.java:30)
at sridharpolu.stepDefinition.StepDefinitionImpl.launchApplication(StepDefinitionImpl.java:30)
at sridharpolu.stepDefinition.StepDefinitionImpl.launchApplication(StepDefinitionImpl.java:30)
at sridharpolu.stepDefinition.StepDefinitionImpl.launchApplication(StepDefinitionImpl.java:30)
at sridharpolu.stepDefinition.StepDefinitionImpl.launchApplication(StepDefinitionImpl.java:30)
at sridharpolu.stepDefinition.StepDefinitionImpl.launchApplication(StepDefinitionImpl.java:30)
at sridharpolu.stepDefinition.StepDefinitionImpl.launchApplication(StepDefinitionImpl.java:30)
at sridharpolu.stepDefinition.StepDefinitionImpl.launchApplication(StepDefinitionImpl.java:30)
at sridharpolu.stepDefinition.StepDefinitionImpl.launchApplication(StepDefinitionImpl.java:30)
at sridharpolu.stepDefinition.StepDefinitionImpl.launchApplication(StepDefinitionImpl.java:30)
at sridharpolu.stepDefinition.StepDefinitionImpl.launchApplication(StepDefinitionImpl.java:30)
at sridharpolu.stepDefinition.StepDefinitionImpl.launchApplication(StepDefinitionImpl.java:30)
at sridharpolu.stepDefinition.StepDefinitionImpl.launchApplication(StepDefinitionImpl.java:30)
at sridharpolu.stepDefinition.StepDefinitionImpl.launchApplication(StepDefinitionImpl.java:30)
at sridharpolu.stepDefinition.StepDefinitionImpl.launchApplication(StepDefinitionImpl.java:30)
at sridharpolu.stepDefinition.StepDefinitionImpl.launchApplication(StepDefinitionImpl.java:30)
at sridharpolu.stepDefinition.StepDefinitionImpl.launchApplication(StepDefinitionImpl.java:30)
at sridharpolu.stepDefinition.StepDefinitionImpl.launchApplication(StepDefinitionImpl.java:30)
at sridharpolu.stepDefinition.StepDefinitionImpl.launchApplication(StepDefinitionImpl.java:30)
at sridharpolu.stepDefinition.StepDefinitionImpl.launchApplication(StepDefinitionImpl.java:30)
at sridharpolu.stepDefinition.StepDefinitionImpl.launchApplication(StepDefinitionImpl.java:30)
at sridharpolu.stepDefinition.StepDefinitionImpl.launchApplication(StepDefinitionImpl.java:30)
at sridharpolu.stepDefinition.StepDefinitionImpl.launchApplication(StepDefinitionImpl.java:30)
at sridharpolu.stepDefinition.StepDefinitionImpl.launchApplication(StepDefinitionImpl.java:30)
at sridharpolu.stepDefinition.StepDefinitionImpl.launchApplication(StepDefinitionImpl.java:30)
at sridharpolu.stepDefinition.StepDefinitionImpl.launchApplication(StepDefinitionImpl.java:30)
at sridharpolu.stepDefinition.StepDefinitionImpl.launchApplication(StepDefinitionImpl.java:30)
at sridharpolu.stepDefinition.StepDefinitionImpl.launchApplication(StepDefinitionImpl.java:30)
at sridharpolu.stepDefinition.StepDefinitionImpl.launchApplication(StepDefinitionImpl.java:30)
at sridharpolu.stepDefinition.StepDefinitionImpl.launchApplication(StepDefinitionImpl.java:30)
at sridharpolu.stepDefinition.StepDefinitionImpl.launchApplication(StepDefinitionImpl.java:30)
at sridharpolu.stepDefinition.StepDefinitionImpl.launchApplication(StepDefinitionImpl.java:30)
at sridharpolu.stepDefinition.StepDefinitionImpl.launchApplication(StepDefinitionImpl.java:30)
at sridharpolu.stepDefinition.StepDefinitionImpl.launchApplication(StepDefinitionImpl.java:30)
at sridharpolu.stepDefinition.StepDefinitionImpl.launchApplication(StepDefinitionImpl.java:30)
at sridharpolu.stepDefinition.StepDefinitionImpl.launchApplication(StepDefinitionImpl.java:30)
at sridharpolu.stepDefinition.StepDefinitionImpl.launchApplication(StepDefinitionImpl.java:30)
at sridharpolu.stepDefinition.StepDefinitionImpl.launchApplication(StepDefinitionImpl.java:30)
at sridharpolu.stepDefinition.StepDefinitionImpl.launchApplication(StepDefinitionImpl.java:30)
at sridharpolu.stepDefinition.StepDefinitionImpl.launchApplication(StepDefinitionImpl.java:30)
at sridharpolu.stepDefinition.StepDefinitionImpl.launchApplication(StepDefinitionImpl.java:30)
at sridharpolu.stepDefinition.StepDefinitionImpl.launchApplication(StepDefinitionImpl.java:30)
at sridharpolu.stepDefinition.StepDefinitionImpl.launchApplication(StepDefinitionImpl.java:30)
at sridharpolu.stepDefinition.StepDefinitionImpl.launchApplication(StepDefinitionImpl.java:30)
at sridharpolu.stepDefinition.StepDefinitionImpl.launchApplication(StepDefinitionImpl.java:30)
at sridharpolu.stepDefinition.StepDefinitionImpl.launchApplication(StepDefinitionImpl.java:30)
at sridharpolu.stepDefinition.StepDefinitionImpl.launchApplication(StepDefinitionImpl.java:30)
at sridharpolu.stepDefinition.StepDefinitionImpl.launchApplication(StepDefinitionImpl.java:30)
at sridharpolu.stepDefinition.StepDefinitionImpl.launchApplication(StepDefinitionImpl.java:30)
at sridharpolu.stepDefinition.StepDefinitionImpl.launchApplication(StepDefinitionImpl.java:30)
at sridharpolu.stepDefinition.StepDefinitionImpl.launchApplication(StepDefinitionImpl.java:30)
at sridharpolu.stepDefinition.StepDefinitionImpl.launchApplication(StepDefinitionImpl.java:30)
at sridharpolu.stepDefinition.StepDefinitionImpl.launchApplication(StepDefinitionImpl.java:30)
at sridharpolu.stepDefinition.StepDefinitionImpl.launchApplication(StepDefinitionImpl.java:30)
at sridharpolu.stepDefinition.StepDefinitionImpl.launchApplication(StepDefinitionImpl.java:30)
at sridharpolu.stepDefinition.StepDefinitionImpl.launchApplication(StepDefinitionImpl.java:30)
at sridharpolu.stepDefinition.StepDefinitionImpl.launchApplication(StepDefinitionImpl.java:30)
at sridharpolu.stepDefinition.StepDefinitionImpl.launchApplication(StepDefinitionImpl.java:30)
at sridharpolu.stepDefinition.StepDefinitionImpl.launchApplication(StepDefinitionImpl.java:30)
at sridharpolu.stepDefinition.StepDefinitionImpl.launchApplication(StepDefinitionImpl.java:30)
at sridharpolu.stepDefinition.StepDefinitionImpl.launchApplication(StepDefinitionImpl.java:30)
at sridharpolu.stepDefinition.StepDefinitionImpl.launchApplication(StepDefinitionImpl.java:30)
at sridharpolu.stepDefinition.StepDefinitionImpl.launchApplication(StepDefinitionImpl.java:30)
at sridharpolu.stepDefinition.StepDefinitionImpl.launchApplication(StepDefinitionImpl.java:30)
at sridharpolu.stepDefinition.StepDefinitionImpl.launchApplication(StepDefinitionImpl.java:30)
at sridharpolu.stepDefinition.StepDefinitionImpl.launchApplication(StepDefinitionImpl.java:30)
at sridharpolu.stepDefinition.StepDefinitionImpl.launchApplication(StepDefinitionImpl.java:30)
at sridharpolu.stepDefinition.StepDefinitionImpl.launchApplication(StepDefinitionImpl.java:30)
at sridharpolu.stepDefinition.StepDefinitionImpl.launchApplication(StepDefinitionImpl.java:30)
at sridharpolu.stepDefinition.StepDefinitionImpl.launchApplication(StepDefinitionImpl.java:30)
at sridharpolu.stepDefinition.StepDefinitionImpl.launchApplication(StepDefinitionImpl.java:30)
at sridharpolu.stepDefinition.StepDefinitionImpl.launchApplication(StepDefinitionImpl.java:30)
at sridharpolu.stepDefinition.StepDefinitionImpl.launchApplication(StepDefinitionImpl.java:30)
at sridharpolu.stepDefinition.StepDefinitionImpl.launchApplication(StepDefinitionImpl.java:30)
at sridharpolu.stepDefinition.StepDefinitionImpl.launchApplication(StepDefinitionImpl.java:30)
at sridharpolu.stepDefinition.StepDefinitionImpl.launchApplication(StepDefinitionImpl.java:30)
at sridharpolu.stepDefinition.StepDefinitionImpl.launchApplication(StepDefinitionImpl.java:30)
at sridharpolu.stepDefinition.StepDefinitionImpl.launchApplication(StepDefinitionImpl.java:30)
at sridharpolu.stepDefinition.StepDefinitionImpl.launchApplication(StepDefinitionImpl.java:30)
at sridharpolu.stepDefinition.StepDefinitionImpl.launchApplication(StepDefinitionImpl.java:30)
at sridharpolu.stepDefinition.StepDefinitionImpl.launchApplication(StepDefinitionImpl.java:30)
at sridharpolu.stepDefinition.StepDefinitionImpl.launchApplication(StepDefinitionImpl.java:30)
at sridharpolu.stepDefinition.StepDefinitionImpl.launchApplication(StepDefinitionImpl.java:30)
at sridharpolu.stepDefinition.StepDefinitionImpl.launchApplication(StepDefinitionImpl.java:30)
at sridharpolu.stepDefinition.StepDefinitionImpl.launchApplication(StepDefinitionImpl.java:30)
at sridharpolu.stepDefinition.StepDefinitionImpl.launchApplication(StepDefinitionImpl.java:30)
at sridharpolu.stepDefinition.StepDefinitionImpl.launchApplication(StepDefinitionImpl.java:30)
at sridharpolu.stepDefinition.StepDefinitionImpl.launchApplication(StepDefinitionImpl.java:30)
at sridharpolu.stepDefinition.StepDefinitionImpl.launchApplication(StepDefinitionImpl.java:30)
at sridharpolu.stepDefinition.StepDefinitionImpl.launchApplication(StepDefinitionImpl.java:30)
at sridharpolu.stepDefinition.StepDefinitionImpl.launchApplication(StepDefinitionImpl.java:30)
at sridharpolu.stepDefinition.StepDefinitionImpl.launchApplication(StepDefinitionImpl.java:30)
at sridharpolu.stepDefinition.StepDefinitionImpl.launchApplication(StepDefinitionImpl.java:30)
at sridharpolu.stepDefinition.StepDefinitionImpl.launchApplication(StepDefinitionImpl.java:30)
at sridharpolu.stepDefinition.StepDefinitionImpl.launchApplication(StepDefinitionImpl.java:30)
at sridharpolu.stepDefinition.StepDefinitionImpl.launchApplication(StepDefinitionImpl.java:30)
at sridharpolu.stepDefinition.StepDefinitionImpl.launchApplication(StepDefinitionImpl.java:30)
at sridharpolu.stepDefinition.StepDefinitionImpl.launchApplication(StepDefinitionImpl.java:30)
at sridharpolu.stepDefinition.StepDefinitionImpl.launchApplication(StepDefinitionImpl.java:30)
at sridharpolu.stepDefinition.StepDefinitionImpl.launchApplication(StepDefinitionImpl.java:30)
at sridharpolu.stepDefinition.StepDefinitionImpl.launchApplication(StepDefinitionImpl.java:30)
at sridharpolu.stepDefinition.StepDefinitionImpl.launchApplication(StepDefinitionImpl.java:30)
at sridharpolu.stepDefinition.StepDefinitionImpl.launchApplication(StepDefinitionImpl.java:30)
at sridharpolu.stepDefinition.StepDefinitionImpl.launchApplication(StepDefinitionImpl.java:30)
at sridharpolu.stepDefinition.StepDefinitionImpl.launchApplication(StepDefinitionImpl.java:30)
at sridharpolu.stepDefinition.StepDefinitionImpl.launchApplication(StepDefinitionImpl.java:30)
at sridharpolu.stepDefinition.StepDefinitionImpl.launchApplication(StepDefinitionImpl.java:30)
at sridharpolu.stepDefinition.StepDefinitionImpl.launchApplication(StepDefinitionImpl.java:30)
at sridharpolu.stepDefinition.StepDefinitionImpl.launchApplication(StepDefinitionImpl.java:30)
at sridharpolu.stepDefinition.StepDefinitionImpl.launchApplication(StepDefinitionImpl.java:30)
at sridharpolu.stepDefinition.StepDefinitionImpl.launchApplication(StepDefinitionImpl.java:30)
at sridharpolu.stepDefinition.StepDefinitionImpl.launchApplication(StepDefinitionImpl.java:30)
at sridharpolu.stepDefinition.StepDefinitionImpl.launchApplication(StepDefinitionImpl.java:30)
at sridharpolu.stepDefinition.StepDefinitionImpl.launchApplication(StepDefinitionImpl.java:30)
at sridharpolu.stepDefinition.StepDefinitionImpl.launchApplication(StepDefinitionImpl.java:30)
at sridharpolu.stepDefinition.StepDefinitionImpl.launchApplication(StepDefinitionImpl.java:30)
at sridharpolu.stepDefinition.StepDefinitionImpl.launchApplication(StepDefinitionImpl.java:30)
at sridharpolu.stepDefinition.StepDefinitionImpl.launchApplication(StepDefinitionImpl.java:30)
at sridharpolu.stepDefinition.StepDefinitionImpl.launchApplication(StepDefinitionImpl.java:30)
at sridharpolu.stepDefinition.StepDefinitionImpl.launchApplication(StepDefinitionImpl.java:30)
at sridharpolu.stepDefinition.StepDefinitionImpl.launchApplication(StepDefinitionImpl.java:30)
at sridharpolu.stepDefinition.StepDefinitionImpl.launchApplication(StepDefinitionImpl.java:30)
at sridharpolu.stepDefinition.StepDefinitionImpl.launchApplication(StepDefinitionImpl.java:30)
at sridharpolu.stepDefinition.StepDefinitionImpl.launchApplication(StepDefinitionImpl.java:30)
at sridharpolu.stepDefinition.StepDefinitionImpl.launchApplication(StepDefinitionImpl.java:30)
at sridharpolu.stepDefinition.StepDefinitionImpl.launchApplication(StepDefinitionImpl.java:30)
at sridharpolu.stepDefinition.StepDefinitionImpl.launchApplication(StepDefinitionImpl.java:30)
at sridharpolu.stepDefinition.StepDefinitionImpl.launchApplication(StepDefinitionImpl.java:30)
at sridharpolu.stepDefinition.StepDefinitionImpl.launchApplication(StepDefinitionImpl.java:30)
at sridharpolu.stepDefinition.StepDefinitionImpl.launchApplication(StepDefinitionImpl.java:30)
at sridharpolu.stepDefinition.StepDefinitionImpl.launchApplication(StepDefinitionImpl.java:30)
at sridharpolu.stepDefinition.StepDefinitionImpl.launchApplication(StepDefinitionImpl.java:30)
at sridharpolu.stepDefinition.StepDefinitionImpl.launchApplication(StepDefinitionImpl.java:30)
at sridharpolu.stepDefinition.StepDefinitionImpl.launchApplication(StepDefinitionImpl.java:30)
at sridharpolu.stepDefinition.StepDefinitionImpl.launchApplication(StepDefinitionImpl.java:30)
at sridharpolu.stepDefinition.StepDefinitionImpl.launchApplication(StepDefinitionImpl.java:30)
at sridharpolu.stepDefinition.StepDefinitionImpl.launchApplication(StepDefinitionImpl.java:30)
at sridharpolu.stepDefinition.StepDefinitionImpl.launchApplication(StepDefinitionImpl.java:30)
at sridharpolu.stepDefinition.StepDefinitionImpl.launchApplication(StepDefinitionImpl.java:30)
at sridharpolu.stepDefinition.StepDefinitionImpl.launchApplication(StepDefinitionImpl.java:30)
at sridharpolu.stepDefinition.StepDefinitionImpl.launchApplication(StepDefinitionImpl.java:30)
at sridharpolu.stepDefinition.StepDefinitionImpl.launchApplication(StepDefinitionImpl.java:30)
at sridharpolu.stepDefinition.StepDefinitionImpl.launchApplication(StepDefinitionImpl.java:30)
at sridharpolu.stepDefinition.StepDefinitionImpl.launchApplication(StepDefinitionImpl.java:30)
at sridharpolu.stepDefinition.StepDefinitionImpl.launchApplication(StepDefinitionImpl.java:30)
at sridharpolu.stepDefinition.StepDefinitionImpl.launchApplication(StepDefinitionImpl.java:30)
at sridharpolu.stepDefinition.StepDefinitionImpl.launchApplication(StepDefinitionImpl.java:30)
at sridharpolu.stepDefinition.StepDefinitionImpl.launchApplication(StepDefinitionImpl.java:30)
at sridharpolu.stepDefinition.StepDefinitionImpl.launchApplication(StepDefinitionImpl.java:30)
at sridharpolu.stepDefinition.StepDefinitionImpl.launchApplication(StepDefinitionImpl.java:30)
at sridharpolu.stepDefinition.StepDefinitionImpl.launchApplication(StepDefinitionImpl.java:30)
at sridharpolu.stepDefinition.StepDefinitionImpl.launchApplication(StepDefinitionImpl.java:30)
at sridharpolu.stepDefinition.StepDefinitionImpl.launchApplication(StepDefinitionImpl.java:30)
at sridharpolu.stepDefinition.StepDefinitionImpl.launchApplication(StepDefinitionImpl.java:30)
at sridharpolu.stepDefinition.StepDefinitionImpl.launchApplication(StepDefinitionImpl.java:30)
at sridharpolu.stepDefinition.StepDefinitionImpl.launchApplication(StepDefinitionImpl.java:30)
at sridharpolu.stepDefinition.StepDefinitionImpl.launchApplication(StepDefinitionImpl.java:30)
at sridharpolu.stepDefinition.StepDefinitionImpl.launchApplication(StepDefinitionImpl.java:30)
at sridharpolu.stepDefinition.StepDefinitionImpl.launchApplication(StepDefinitionImpl.java:30)
at sridharpolu.stepDefinition.StepDefinitionImpl.launchApplication(StepDefinitionImpl.java:30)
at sridharpolu.stepDefinition.StepDefinitionImpl.launchApplication(StepDefinitionImpl.java:30)
at sridharpolu.stepDefinition.StepDefinitionImpl.launchApplication(StepDefinitionImpl.java:30)
at sridharpolu.stepDefinition.StepDefinitionImpl.launchApplication(StepDefinitionImpl.java:30)
at sridharpolu.stepDefinition.StepDefinitionImpl.launchApplication(StepDefinitionImpl.java:30)
at sridharpolu.stepDefinition.StepDefinitionImpl.launchApplication(StepDefinitionImpl.java:30)
at sridharpolu.stepDefinition.StepDefinitionImpl.launchApplication(StepDefinitionImpl.java:30)
at sridharpolu.stepDefinition.StepDefinitionImpl.launchApplication(StepDefinitionImpl.java:30)
at sridharpolu.stepDefinition.StepDefinitionImpl.launchApplication(StepDefinitionImpl.java:30)
at sridharpolu.stepDefinition.StepDefinitionImpl.launchApplication(StepDefinitionImpl.java:30)
at sridharpolu.stepDefinition.StepDefinitionImpl.launchApplication(StepDefinitionImpl.java:30)
at sridharpolu.stepDefinition.StepDefinitionImpl.launchApplication(StepDefinitionImpl.java:30)
at sridharpolu.stepDefinition.StepDefinitionImpl.launchApplication(StepDefinitionImpl.java:30)
at sridharpolu.stepDefinition.StepDefinitionImpl.launchApplication(StepDefinitionImpl.java:30)
at sridharpolu.stepDefinition.StepDefinitionImpl.launchApplication(StepDefinitionImpl.java:30)
at sridharpolu.stepDefinition.StepDefinitionImpl.launchApplication(StepDefinitionImpl.java:30)
at sridharpolu.stepDefinition.StepDefinitionImpl.launchApplication(StepDefinitionImpl.java:30)
at sridharpolu.stepDefinition.StepDefinitionImpl.launchApplication(StepDefinitionImpl.java:30)
at sridharpolu.stepDefinition.StepDefinitionImpl.launchApplication(StepDefinitionImpl.java:30)
at sridharpolu.stepDefinition.StepDefinitionImpl.launchApplication(StepDefinitionImpl.java:30)
at sridharpolu.stepDefinition.StepDefinitionImpl.launchApplication(StepDefinitionImpl.java:30)
at sridharpolu.stepDefinition.StepDefinitionImpl.launchApplication(StepDefinitionImpl.java:30)
at sridharpolu.stepDefinition.StepDefinitionImpl.launchApplication(StepDefinitionImpl.java:30)
at sridharpolu.stepDefinition.StepDefinitionImpl.launchApplication(StepDefinitionImpl.java:30)
at sridharpolu.stepDefinition.StepDefinitionImpl.launchApplication(StepDefinitionImpl.java:30)
at sridharpolu.stepDefinition.StepDefinitionImpl.launchApplication(StepDefinitionImpl.java:30)
at sridharpolu.stepDefinition.StepDefinitionImpl.launchApplication(StepDefinitionImpl.java:30)
at sridharpolu.stepDefinition.StepDefinitionImpl.launchApplication(StepDefinitionImpl.java:30)
at sridharpolu.stepDefinition.StepDefinitionImpl.launchApplication(StepDefinitionImpl.java:30)
at sridharpolu.stepDefinition.StepDefinitionImpl.launchApplication(StepDefinitionImpl.java:30)
at sridharpolu.stepDefinition.StepDefinitionImpl.launchApplication(StepDefinitionImpl.java:30)
at sridharpolu.stepDefinition.StepDefinitionImpl.launchApplication(StepDefinitionImpl.java:30)
at sridharpolu.stepDefinition.StepDefinitionImpl.launchApplication(StepDefinitionImpl.java:30)
at sridharpolu.stepDefinition.StepDefinitionImpl.launchApplication(StepDefinitionImpl.java:30)
at sridharpolu.stepDefinition.StepDefinitionImpl.launchApplication(StepDefinitionImpl.java:30)
at sridharpolu.stepDefinition.StepDefinitionImpl.launchApplication(StepDefinitionImpl.java:30)
at sridharpolu.stepDefinition.StepDefinitionImpl.launchApplication(StepDefinitionImpl.java:30)
at sridharpolu.stepDefinition.StepDefinitionImpl.launchApplication(StepDefinitionImpl.java:30)
at sridharpolu.stepDefinition.StepDefinitionImpl.launchApplication(StepDefinitionImpl.java:30)
at sridharpolu.stepDefinition.StepDefinitionImpl.launchApplication(StepDefinitionImpl.java:30)
at sridharpolu.stepDefinition.StepDefinitionImpl.launchApplication(StepDefinitionImpl.java:30)
at sridharpolu.stepDefinition.StepDefinitionImpl.launchApplication(StepDefinitionImpl.java:30)
at sridharpolu.stepDefinition.StepDefinitionImpl.launchApplication(StepDefinitionImpl.java:30)
at sridharpolu.stepDefinition.StepDefinitionImpl.launchApplication(StepDefinitionImpl.java:30)
at sridharpolu.stepDefinition.StepDefinitionImpl.launchApplication(StepDefinitionImpl.java:30)
at sridharpolu.stepDefinition.StepDefinitionImpl.launchApplication(StepDefinitionImpl.java:30)
at sridharpolu.stepDefinition.StepDefinitionImpl.launchApplication(StepDefinitionImpl.java:30)
at sridharpolu.stepDefinition.StepDefinitionImpl.launchApplication(StepDefinitionImpl.java:30)
at sridharpolu.stepDefinition.StepDefinitionImpl.launchApplication(StepDefinitionImpl.java:30)
at sridharpolu.stepDefinition.StepDefinitionImpl.launchApplication(StepDefinitionImpl.java:30)
at sridharpolu.stepDefinition.StepDefinitionImpl.launchApplication(StepDefinitionImpl.java:30)
at sridharpolu.stepDefinition.StepDefinitionImpl.launchApplication(StepDefinitionImpl.java:30)
at sridharpolu.stepDefinition.StepDefinitionImpl.launchApplication(StepDefinitionImpl.java:30)
at sridharpolu.stepDefinition.StepDefinitionImpl.launchApplication(StepDefinitionImpl.java:30)
at sridharpolu.stepDefinition.StepDefinitionImpl.launchApplication(StepDefinitionImpl.java:30)
at sridharpolu.stepDefinition.StepDefinitionImpl.launchApplication(StepDefinitionImpl.java:30)
at sridharpolu.stepDefinition.StepDefinitionImpl.launchApplication(StepDefinitionImpl.java:30)
at sridharpolu.stepDefinition.StepDefinitionImpl.launchApplication(StepDefinitionImpl.java:30)
at sridharpolu.stepDefinition.StepDefinitionImpl.launchApplication(StepDefinitionImpl.java:30)
at sridharpolu.stepDefinition.StepDefinitionImpl.launchApplication(StepDefinitionImpl.java:30)
at sridharpolu.stepDefinition.StepDefinitionImpl.launchApplication(StepDefinitionImpl.java:30)
at sridharpolu.stepDefinition.StepDefinitionImpl.launchApplication(StepDefinitionImpl.java:30)
at sridharpolu.stepDefinition.StepDefinitionImpl.launchApplication(StepDefinitionImpl.java:30)
at sridharpolu.stepDefinition.StepDefinitionImpl.launchApplication(StepDefinitionImpl.java:30)
at sridharpolu.stepDefinition.StepDefinitionImpl.launchApplication(StepDefinitionImpl.java:30)
at sridharpolu.stepDefinition.StepDefinitionImpl.launchApplication(StepDefinitionImpl.java:30)
at sridharpolu.stepDefinition.StepDefinitionImpl.launchApplication(StepDefinitionImpl.java:30)
at sridharpolu.stepDefinition.StepDefinitionImpl.launchApplication(StepDefinitionImpl.java:30)
at sridharpolu.stepDefinition.StepDefinitionImpl.launchApplication(StepDefinitionImpl.java:30)
at sridharpolu.stepDefinition.StepDefinitionImpl.launchApplication(StepDefinitionImpl.java:30)
at sridharpolu.stepDefinition.StepDefinitionImpl.launchApplication(StepDefinitionImpl.java:30)
at sridharpolu.stepDefinition.StepDefinitionImpl.launchApplication(StepDefinitionImpl.java:30)
at sridharpolu.stepDefinition.StepDefinitionImpl.launchApplication(StepDefinitionImpl.java:30)
at sridharpolu.stepDefinition.StepDefinitionImpl.launchApplication(StepDefinitionImpl.java:30)
at sridharpolu.stepDefinition.StepDefinitionImpl.launchApplication(StepDefinitionImpl.java:30)
at sridharpolu.stepDefinition.StepDefinitionImpl.launchApplication(StepDefinitionImpl.java:30)
at sridharpolu.stepDefinition.StepDefinitionImpl.launchApplication(StepDefinitionImpl.java:30)
at sridharpolu.stepDefinition.StepDefinitionImpl.launchApplication(StepDefinitionImpl.java:30)
at sridharpolu.stepDefinition.StepDefinitionImpl.launchApplication(StepDefinitionImpl.java:30)
at sridharpolu.stepDefinition.StepDefinitionImpl.launchApplication(StepDefinitionImpl.java:30)
at sridharpolu.stepDefinition.StepDefinitionImpl.launchApplication(StepDefinitionImpl.java:30)
at sridharpolu.stepDefinition.StepDefinitionImpl.launchApplication(StepDefinitionImpl.java:30)
at sridharpolu.stepDefinition.StepDefinitionImpl.launchApplication(StepDefinitionImpl.java:30)
at sridharpolu.stepDefinition.StepDefinitionImpl.launchApplication(StepDefinitionImpl.java:30)
at sridharpolu.stepDefinition.StepDefinitionImpl.launchApplication(StepDefinitionImpl.java:30)
at sridharpolu.stepDefinition.StepDefinitionImpl.launchApplication(StepDefinitionImpl.java:30)
at sridharpolu.stepDefinition.StepDefinitionImpl.launchApplication(StepDefinitionImpl.java:30)
at sridharpolu.stepDefinition.StepDefinitionImpl.launchApplication(StepDefinitionImpl.java:30)
at sridharpolu.stepDefinition.StepDefinitionImpl.launchApplication(StepDefinitionImpl.java:30)
at sridharpolu.stepDefinition.StepDefinitionImpl.launchApplication(StepDefinitionImpl.java:30)
at sridharpolu.stepDefinition.StepDefinitionImpl.launchApplication(StepDefinitionImpl.java:30)
at sridharpolu.stepDefinition.StepDefinitionImpl.launchApplication(StepDefinitionImpl.java:30)
at sridharpolu.stepDefinition.StepDefinitionImpl.launchApplication(StepDefinitionImpl.java:30)
at sridharpolu.stepDefinition.StepDefinitionImpl.launchApplication(StepDefinitionImpl.java:30)
at sridharpolu.stepDefinition.StepDefinitionImpl.launchApplication(StepDefinitionImpl.java:30)
at sridharpolu.stepDefinition.StepDefinitionImpl.launchApplication(StepDefinitionImpl.java:30)
at sridharpolu.stepDefinition.StepDefinitionImpl.launchApplication(StepDefinitionImpl.java:30)
at sridharpolu.stepDefinition.StepDefinitionImpl.launchApplication(StepDefinitionImpl.java:30)
at sridharpolu.stepDefinition.StepDefinitionImpl.launchApplication(StepDefinitionImpl.java:30)
at sridharpolu.stepDefinition.StepDefinitionImpl.launchApplication(StepDefinitionImpl.java:30)
[...]
at sridharpolu.stepDefinition.StepDefinitionImpl.launchApplication(StepDefinitionImpl.java:30)
at sridharpolu.stepDefinition.StepDefinitionImpl.launchApplication(StepDefinitionImpl.java:30)
at sridharpolu.stepDefinition.StepDefinitionImpl.launchApplication(StepDefinitionImpl.java:30)
at sridharpolu.stepDefinition.StepDefinitionImpl.launchApplication(StepDefinitionImpl.java:30)
at sridharpolu.stepDefinition.StepDefinitionImpl.launchApplication(StepDefinitionImpl.java:30)
at sridharpolu.stepDefinition.StepDefinitionImpl.launchApplication(StepDefinitionImpl.java:30)
at sridharpolu.stepDefinition.StepDefinitionImpl.launchApplication(StepDefinitionImpl.java:30)
at sridharpolu.stepDefinition.StepDefinitionImpl.launchApplication(StepDefinitionImpl.java:30)
at sridharpolu.stepDefinition.StepDefinitionImpl.launchApplication(StepDefinitionImpl.java:30)
at sridharpolu.stepDefinition.StepDefinitionImpl.launchApplication(StepDefinitionImpl.java:30)
at sridharpolu.stepDefinition.StepDefinitionImpl.launchApplication(StepDefinitionImpl.java:30)
at sridharpolu.stepDefinition.StepDefinitionImpl.launchApplication(StepDefinitionImpl.java:30)
at sridharpolu.stepDefinition.StepDefinitionImpl.launchApplication(StepDefinitionImpl.java:30)
at sridharpolu.stepDefinition.StepDefinitionImpl.launchApplication(StepDefinitionImpl.java:30)
at sridharpolu.stepDefinition.StepDefinitionImpl.launchApplication(StepDefinitionImpl.java:30)
at sridharpolu.stepDefinition.StepDefinitionImpl.launchApplication(StepDefinitionImpl.java:30)
at sridharpolu.stepDefinition.StepDefinitionImpl.launchApplication(StepDefinitionImpl.java:30)
at sridharpolu.stepDefinition.StepDefinitionImpl.launchApplication(StepDefinitionImpl.java:30)
at sridharpolu.stepDefinition.StepDefinitionImpl.launchApplication(StepDefinitionImpl.java:30)
at sridharpolu.stepDefinition.StepDefinitionImpl.launchApplication(StepDefinitionImpl.java:30)
at sridharpolu.stepDefinition.StepDefinitionImpl.launchApplication(StepDefinitionImpl.java:30)
at sridharpolu.stepDefinition.StepDefinitionImpl.launchApplication(StepDefinitionImpl.java:30)
at sridharpolu.stepDefinition.StepDefinitionImpl.launchApplication(StepDefinitionImpl.java:30)
at sridharpolu.stepDefinition.StepDefinitionImpl.launchApplication(StepDefinitionImpl.java:30)
at sridharpolu.stepDefinition.StepDefinitionImpl.launchApplication(StepDefinitionImpl.java:30)
at sridharpolu.stepDefinition.StepDefinitionImpl.launchApplication(StepDefinitionImpl.java:30)
at sridharpolu.stepDefinition.StepDefinitionImpl.launchApplication(StepDefinitionImpl.java:30)
at sridharpolu.stepDefinition.StepDefinitionImpl.launchApplication(StepDefinitionImpl.java:30)
at sridharpolu.stepDefinition.StepDefinitionImpl.launchApplication(StepDefinitionImpl.java:30)
at sridharpolu.stepDefinition.StepDefinitionImpl.launchApplication(StepDefinitionImpl.java:30)
at sridharpolu.stepDefinition.StepDefinitionImpl.launchApplication(StepDefinitionImpl.java:30)
at sridharpolu.stepDefinition.StepDefinitionImpl.launchApplication(StepDefinitionImpl.java:30)
at sridharpolu.stepDefinition.StepDefinitionImpl.launchApplication(StepDefinitionImpl.java:30)
at sridharpolu.stepDefinition.StepDefinitionImpl.launchApplication(StepDefinitionImpl.java:30)
at sridharpolu.stepDefinition.StepDefinitionImpl.launchApplication(StepDefinitionImpl.java:30)
at sridharpolu.stepDefinition.StepDefinitionImpl.launchApplication(StepDefinitionImpl.java:30)
at sridharpolu.stepDefinition.StepDefinitionImpl.launchApplication(StepDefinitionImpl.java:30)
at sridharpolu.stepDefinition.StepDefinitionImpl.launchApplication(StepDefinitionImpl.java:30)
at sridharpolu.stepDefinition.StepDefinitionImpl.launchApplication(StepDefinitionImpl.java:30)
at sridharpolu.stepDefinition.StepDefinitionImpl.launchApplication(StepDefinitionImpl.java:30)
at sridharpolu.stepDefinition.StepDefinitionImpl.launchApplication(StepDefinitionImpl.java:30)
at sridharpolu.stepDefinition.StepDefinitionImpl.launchApplication(StepDefinitionImpl.java:30)
at sridharpolu.stepDefinition.StepDefinitionImpl.launchApplication(StepDefinitionImpl.java:30)
at sridharpolu.stepDefinition.StepDefinitionImpl.launchApplication(StepDefinitionImpl.java:30)
at sridharpolu.stepDefinition.StepDefinitionImpl.launchApplication(StepDefinitionImpl.java:30)
at sridharpolu.stepDefinition.StepDefinitionImpl.launchApplication(StepDefinitionImpl.java:30)
at sridharpolu.stepDefinition.StepDefinitionImpl.launchApplication(StepDefinitionImpl.java:30)
at sridharpolu.stepDefinition.StepDefinitionImpl.launchApplication(StepDefinitionImpl.java:30)
at sridharpolu.stepDefinition.StepDefinitionImpl.launchApplication(StepDefinitionImpl.java:30)
at sridharpolu.stepDefinition.StepDefinitionImpl.launchApplication(StepDefinitionImpl.java:30)
at sridharpolu.stepDefinition.StepDefinitionImpl.launchApplication(StepDefinitionImpl.java:30)
at sridharpolu.stepDefinition.StepDefinitionImpl.launchApplication(StepDefinitionImpl.java:30)
at sridharpolu.stepDefinition.StepDefinitionImpl.launchApplication(StepDefinitionImpl.java:30)
at sridharpolu.stepDefinition.StepDefinitionImpl.launchApplication(StepDefinitionImpl.java:30)
at sridharpolu.stepDefinition.StepDefinitionImpl.launchApplication(StepDefinitionImpl.java:30)
at sridharpolu.stepDefinition.StepDefinitionImpl.launchApplication(StepDefinitionImpl.java:30)
at sridharpolu.stepDefinition.StepDefinitionImpl.launchApplication(StepDefinitionImpl.java:30)
at sridharpolu.stepDefinition.StepDefinitionImpl.launchApplication(StepDefinitionImpl.java:30)
at sridharpolu.stepDefinition.StepDefinitionImpl.launchApplication(StepDefinitionImpl.java:30)
at sridharpolu.stepDefinition.StepDefinitionImpl.launchApplication(StepDefinitionImpl.java:30)
at sridharpolu.stepDefinition.StepDefinitionImpl.launchApplication(StepDefinitionImpl.java:30)
at sridharpolu.stepDefinition.StepDefinitionImpl.launchApplication(StepDefinitionImpl.java:30)
at sridharpolu.stepDefinition.StepDefinitionImpl.launchApplication(StepDefinitionImpl.java:30)
at sridharpolu.stepDefinition.StepDefinitionImpl.launchApplication(StepDefinitionImpl.java:30)
at sridharpolu.stepDefinition.StepDefinitionImpl.launchApplication(StepDefinitionImpl.java:30)
at sridharpolu.stepDefinition.StepDefinitionImpl.launchApplication(StepDefinitionImpl.java:30)
at sridharpolu.stepDefinition.StepDefinitionImpl.launchApplication(StepDefinitionImpl.java:30)
at sridharpolu.stepDefinition.StepDefinitionImpl.launchApplication(StepDefinitionImpl.java:30)
at sridharpolu.stepDefinition.StepDefinitionImpl.launchApplication(StepDefinitionImpl.java:30)
at sridharpolu.stepDefinition.StepDefinitionImpl.launchApplication(StepDefinitionImpl.java:30)
at sridharpolu.stepDefinition.StepDefinitionImpl.launchApplication(StepDefinitionImpl.java:30)
at sridharpolu.stepDefinition.StepDefinitionImpl.launchApplication(StepDefinitionImpl.java:30)
at sridharpolu.stepDefinition.StepDefinitionImpl.launchApplication(StepDefinitionImpl.java:30)
at sridharpolu.stepDefinition.StepDefinitionImpl.launchApplication(StepDefinitionImpl.java:30)
at sridharpolu.stepDefinition.StepDefinitionImpl.launchApplication(StepDefinitionImpl.java:30)
at sridharpolu.stepDefinition.StepDefinitionImpl.launchApplication(StepDefinitionImpl.java:30)
at sridharpolu.stepDefinition.StepDefinitionImpl.launchApplication(StepDefinitionImpl.java:30)
at sridharpolu.stepDefinition.StepDefinitionImpl.launchApplication(StepDefinitionImpl.java:30)
at sridharpolu.stepDefinition.StepDefinitionImpl.launchApplication(StepDefinitionImpl.java:30)
at sridharpolu.stepDefinition.StepDefinitionImpl.launchApplication(StepDefinitionImpl.java:30)
at sridharpolu.stepDefinition.StepDefinitionImpl.launchApplication(StepDefinitionImpl.java:30)
at sridharpolu.stepDefinition.StepDefinitionImpl.launchApplication(StepDefinitionImpl.java:30)
at sridharpolu.stepDefinition.StepDefinitionImpl.launchApplication(StepDefinitionImpl.java:30)
at sridharpolu.stepDefinition.StepDefinitionImpl.launchApplication(StepDefinitionImpl.java:30)
at sridharpolu.stepDefinition.StepDefinitionImpl.launchApplication(StepDefinitionImpl.java:30)
at sridharpolu.stepDefinition.StepDefinitionImpl.launchApplication(StepDefinitionImpl.java:30)
at sridharpolu.stepDefinition.StepDefinitionImpl.launchApplication(StepDefinitionImpl.java:30)
at sridharpolu.stepDefinition.StepDefinitionImpl.launchApplication(StepDefinitionImpl.java:30)
at sridharpolu.stepDefinition.StepDefinitionImpl.launchApplication(StepDefinitionImpl.java:30)
at sridharpolu.stepDefinition.StepDefinitionImpl.launchApplication(StepDefinitionImpl.java:30)
at sridharpolu.stepDefinition.StepDefinitionImpl.launchApplication(StepDefinitionImpl.java:30)
at sridharpolu.stepDefinition.StepDefinitionImpl.launchApplication(StepDefinitionImpl.java:30)
at sridharpolu.stepDefinition.StepDefinitionImpl.launchApplication(StepDefinitionImpl.java:30)
at sridharpolu.stepDefinition.StepDefinitionImpl.launchApplication(StepDefinitionImpl.java:30)
at sridharpolu.stepDefinition.StepDefinitionImpl.launchApplication(StepDefinitionImpl.java:30)
at sridharpolu.stepDefinition.StepDefinitionImpl.launchApplication(StepDefinitionImpl.java:30)
at sridharpolu.stepDefinition.StepDefinitionImpl.launchApplication(StepDefinitionImpl.java:30)
at sridharpolu.stepDefinition.StepDefinitionImpl.launchApplication(StepDefinitionImpl.java:30)
at sridharpolu.stepDefinition.StepDefinitionImpl.launchApplication(StepDefinitionImpl.java:30)
at sridharpolu.stepDefinition.StepDefinitionImpl.launchApplication(StepDefinitionImpl.java:30)
at sridharpolu.stepDefinition.StepDefinitionImpl.launchApplication(StepDefinitionImpl.java:30)
at sridharpolu.stepDefinition.StepDefinitionImpl.launchApplication(StepDefinitionImpl.java:30)
at sridharpolu.stepDefinition.StepDefinitionImpl.launchApplication(StepDefinitionImpl.java:30)
at sridharpolu.stepDefinition.StepDefinitionImpl.launchApplication(StepDefinitionImpl.java:30)
at sridharpolu.stepDefinition.StepDefinitionImpl.launchApplication(StepDefinitionImpl.java:30)
at sridharpolu.stepDefinition.StepDefinitionImpl.launchApplication(StepDefinitionImpl.java:30)
at sridharpolu.stepDefinition.StepDefinitionImpl.launchApplication(StepDefinitionImpl.java:30)
at sridharpolu.stepDefinition.StepDefinitionImpl.launchApplication(StepDefinitionImpl.java:30)
at sridharpolu.stepDefinition.StepDefinitionImpl.launchApplication(StepDefinitionImpl.java:30)
at sridharpolu.stepDefinition.StepDefinitionImpl.launchApplication(StepDefinitionImpl.java:30)
at sridharpolu.stepDefinition.StepDefinitionImpl.launchApplication(StepDefinitionImpl.java:30)
at sridharpolu.stepDefinition.StepDefinitionImpl.launchApplication(StepDefinitionImpl.java:30)
at sridharpolu.stepDefinition.StepDefinitionImpl.launchApplication(StepDefinitionImpl.java:30)
at sridharpolu.stepDefinition.StepDefinitionImpl.launchApplication(StepDefinitionImpl.java:30)
at sridharpolu.stepDefinition.StepDefinitionImpl.launchApplication(StepDefinitionImpl.java:30)
at sridharpolu.stepDefinition.StepDefinitionImpl.launchApplication(StepDefinitionImpl.java:30)
at sridharpolu.stepDefinition.StepDefinitionImpl.launchApplication(StepDefinitionImpl.java:30)
at sridharpolu.stepDefinition.StepDefinitionImpl.launchApplication(StepDefinitionImpl.java:30)
at sridharpolu.stepDefinition.StepDefinitionImpl.launchApplication(StepDefinitionImpl.java:30)
at sridharpolu.stepDefinition.StepDefinitionImpl.launchApplication(StepDefinitionImpl.java:30)
at sridharpolu.stepDefinition.StepDefinitionImpl.launchApplication(StepDefinitionImpl.java:30)
at sridharpolu.stepDefinition.StepDefinitionImpl.launchApplication(StepDefinitionImpl.java:30)
at sridharpolu.stepDefinition.StepDefinitionImpl.launchApplication(StepDefinitionImpl.java:30)
at sridharpolu.stepDefinition.StepDefinitionImpl.launchApplication(StepDefinitionImpl.java:30)
at sridharpolu.stepDefinition.StepDefinitionImpl.launchApplication(StepDefinitionImpl.java:30)
at sridharpolu.stepDefinition.StepDefinitionImpl.launchApplication(StepDefinitionImpl.java:30)
at sridharpolu.stepDefinition.StepDefinitionImpl.launchApplication(StepDefinitionImpl.java:30)
at sridharpolu.stepDefinition.StepDefinitionImpl.launchApplication(StepDefinitionImpl.java:30)
at sridharpolu.stepDefinition.StepDefinitionImpl.launchApplication(StepDefinitionImpl.java:30)
at sridharpolu.stepDefinition.StepDefinitionImpl.launchApplication(StepDefinitionImpl.java:30)
at sridharpolu.stepDefinition.StepDefinitionImpl.launchApplication(StepDefinitionImpl.java:30)
at sridharpolu.stepDefinition.StepDefinitionImpl.launchApplication(StepDefinitionImpl.java:30)
at sridharpolu.stepDefinition.StepDefinitionImpl.launchApplication(StepDefinitionImpl.java:30)
at sridharpolu.stepDefinition.StepDefinitionImpl.launchApplication(StepDefinitionImpl.java:30)
at sridharpolu.stepDefinition.StepDefinitionImpl.launchApplication(StepDefinitionImpl.java:30)
at sridharpolu.stepDefinition.StepDefinitionImpl.launchApplication(StepDefinitionImpl.java:30)
at sridharpolu.stepDefinition.StepDefinitionImpl.launchApplication(StepDefinitionImpl.java:30)
at sridharpolu.stepDefinition.StepDefinitionImpl.launchApplication(StepDefinitionImpl.java:30)
at sridharpolu.stepDefinition.StepDefinitionImpl.launchApplication(StepDefinitionImpl.java:30)
at sridharpolu.stepDefinition.StepDefinitionImpl.launchApplication(StepDefinitionImpl.java:30)
at sridharpolu.stepDefinition.StepDefinitionImpl.launchApplication(StepDefinitionImpl.java:30)
at sridharpolu.stepDefinition.StepDefinitionImpl.launchApplication(StepDefinitionImpl.java:30)
at sridharpolu.stepDefinition.StepDefinitionImpl.launchApplication(StepDefinitionImpl.java:30)
at sridharpolu.stepDefinition.StepDefinitionImpl.launchApplication(StepDefinitionImpl.java:30)
at sridharpolu.stepDefinition.StepDefinitionImpl.launchApplication(StepDefinitionImpl.java:30)
at sridharpolu.stepDefinition.StepDefinitionImpl.launchApplication(StepDefinitionImpl.java:30)
at sridharpolu.stepDefinition.StepDefinitionImpl.launchApplication(StepDefinitionImpl.java:30)
at sridharpolu.stepDefinition.StepDefinitionImpl.launchApplication(StepDefinitionImpl.java:30)
at sridharpolu.stepDefinition.StepDefinitionImpl.launchApplication(StepDefinitionImpl.java:30)
at sridharpolu.stepDefinition.StepDefinitionImpl.launchApplication(StepDefinitionImpl.java:30)
at sridharpolu.stepDefinition.StepDefinitionImpl.launchApplication(StepDefinitionImpl.java:30)
at sridharpolu.stepDefinition.StepDefinitionImpl.launchApplication(StepDefinitionImpl.java:30)
at sridharpolu.stepDefinition.StepDefinitionImpl.launchApplication(StepDefinitionImpl.java:30)
at sridharpolu.stepDefinition.StepDefinitionImpl.launchApplication(StepDefinitionImpl.java:30)
at sridharpolu.stepDefinition.StepDefinitionImpl.launchApplication(StepDefinitionImpl.java:30)
at sridharpolu.stepDefinition.StepDefinitionImpl.launchApplication(StepDefinitionImpl.java:30)
at sridharpolu.stepDefinition.StepDefinitionImpl.launchApplication(StepDefinitionImpl.java:30)
at sridharpolu.stepDefinition.StepDefinitionImpl.launchApplication(StepDefinitionImpl.java:30)
at sridharpolu.stepDefinition.StepDefinitionImpl.launchApplication(StepDefinitionImpl.java:30)
at sridharpolu.stepDefinition.StepDefinitionImpl.launchApplication(StepDefinitionImpl.java:30)
at sridharpolu.stepDefinition.StepDefinitionImpl.launchApplication(StepDefinitionImpl.java:30)
at sridharpolu.stepDefinition.StepDefinitionImpl.launchApplication(StepDefinitionImpl.java:30)
at sridharpolu.stepDefinition.StepDefinitionImpl.launchApplication(StepDefinitionImpl.java:30)
at sridharpolu.stepDefinition.StepDefinitionImpl.launchApplication(StepDefinitionImpl.java:30)
at sridharpolu.stepDefinition.StepDefinitionImpl.launchApplication(StepDefinitionImpl.java:30)
at sridharpolu.stepDefinition.StepDefinitionImpl.launchApplication(StepDefinitionImpl.java:30)
at sridharpolu.stepDefinition.StepDefinitionImpl.launchApplication(StepDefinitionImpl.java:30)
at sridharpolu.stepDefinition.StepDefinitionImpl.launchApplication(StepDefinitionImpl.java:30)
at sridharpolu.stepDefinition.StepDefinitionImpl.launchApplication(StepDefinitionImpl.java:30)
at sridharpolu.stepDefinition.StepDefinitionImpl.launchApplication(StepDefinitionImpl.java:30)
at sridharpolu.stepDefinition.StepDefinitionImpl.launchApplication(StepDefinitionImpl.java:30)
at sridharpolu.stepDefinition.StepDefinitionImpl.launchApplication(StepDefinitionImpl.java:30)
at sridharpolu.stepDefinition.StepDefinitionImpl.launchApplication(StepDefinitionImpl.java:30)
at sridharpolu.stepDefinition.StepDefinitionImpl.launchApplication(StepDefinitionImpl.java:30)
at sridharpolu.stepDefinition.StepDefinitionImpl.launchApplication(StepDefinitionImpl.java:30)
at sridharpolu.stepDefinition.StepDefinitionImpl.launchApplication(StepDefinitionImpl.java:30)
at sridharpolu.stepDefinition.StepDefinitionImpl.launchApplication(StepDefinitionImpl.java:30)
at sridharpolu.stepDefinition.StepDefinitionImpl.launchApplication(StepDefinitionImpl.java:30)
at sridharpolu.stepDefinition.StepDefinitionImpl.launchApplication(StepDefinitionImpl.java:30)
at sridharpolu.stepDefinition.StepDefinitionImpl.launchApplication(StepDefinitionImpl.java:30)
at sridharpolu.stepDefinition.StepDefinitionImpl.launchApplication(StepDefinitionImpl.java:30)
at sridharpolu.stepDefinition.StepDefinitionImpl.launchApplication(StepDefinitionImpl.java:30)
at sridharpolu.stepDefinition.StepDefinitionImpl.launchApplication(StepDefinitionImpl.java:30)
at sridharpolu.stepDefinition.StepDefinitionImpl.launchApplication(StepDefinitionImpl.java:30)
at sridharpolu.stepDefinition.StepDefinitionImpl.launchApplication(StepDefinitionImpl.java:30)
at sridharpolu.stepDefinition.StepDefinitionImpl.launchApplication(StepDefinitionImpl.java:30)
at sridharpolu.stepDefinition.StepDefinitionImpl.launchApplication(StepDefinitionImpl.java:30)
at sridharpolu.stepDefinition.StepDefinitionImpl.launchApplication(StepDefinitionImpl.java:30)
at sridharpolu.stepDefinition.StepDefinitionImpl.launchApplication(StepDefinitionImpl.java:30)
at sridharpolu.stepDefinition.StepDefinitionImpl.launchApplication(StepDefinitionImpl.java:30)
at sridharpolu.stepDefinition.StepDefinitionImpl.launchApplication(StepDefinitionImpl.java:30)
at sridharpolu.stepDefinition.StepDefinitionImpl.launchApplication(StepDefinitionImpl.java:30)
at sridharpolu.stepDefinition.StepDefinitionImpl.launchApplication(StepDefinitionImpl.java:30)
at sridharpolu.stepDefinition.StepDefinitionImpl.launchApplication(StepDefinitionImpl.java:30)
at sridharpolu.stepDefinition.StepDefinitionImpl.launchApplication(StepDefinitionImpl.java:30)
at sridharpolu.stepDefinition.StepDefinitionImpl.launchApplication(StepDefinitionImpl.java:30)
at sridharpolu.stepDefinition.StepDefinitionImpl.launchApplication(StepDefinitionImpl.java:30)
at sridharpolu.stepDefinition.StepDefinitionImpl.launchApplication(StepDefinitionImpl.java:30)
at sridharpolu.stepDefinition.StepDefinitionImpl.launchApplication(StepDefinitionImpl.java:30)
at sridharpolu.stepDefinition.StepDefinitionImpl.launchApplication(StepDefinitionImpl.java:30)
at sridharpolu.stepDefinition.StepDefinitionImpl.launchApplication(StepDefinitionImpl.java:30)
at sridharpolu.stepDefinition.StepDefinitionImpl.launchApplication(StepDefinitionImpl.java:30)
at ✽.I landed on Ecommerce Page(file:///C:/Eclipse/TestNGPageObject/src/test/java/cucumber/SubmitOrder.feature:7)
]]>
            </full-stacktrace>
          </exception> <!-- java.lang.StackOverflowError -->
          <reporter-output>
          </reporter-output>
        </test-method> <!-- runScenario -->
        <test-method is-config="true" signature="tearDownClass()[pri:0, instance:cucumber.TestNGTestRunner@7ee8290b]" started-at="2024-10-02T10:54:39 IST" name="tearDownClass" finished-at="2024-10-02T10:54:40 IST" duration-ms="20" status="PASS">
          <reporter-output>
          </reporter-output>
        </test-method> <!-- tearDownClass -->
      </class> <!-- cucumber.TestNGTestRunner -->
    </test> <!-- Default test -->
  </suite> <!-- Default suite -->
</testng-results>
